{
  "stats": {
    "suites": 2,
    "tests": 6,
    "passes": 6,
    "pending": 0,
    "failures": 0,
    "start": "2025-07-29T10:46:10.904Z",
    "end": "2025-07-29T10:46:19.209Z",
    "duration": 8305,
    "testsRegistered": 6,
    "passPercent": 100,
    "pendingPercent": 0,
    "other": 0,
    "hasOther": false,
    "skipped": 0,
    "hasSkipped": false
  },
  "results": [
    {
      "uuid": "99b50216-feb9-4135-a723-eb91b8747021",
      "title": "",
      "fullFile": "cypress/e2e/contacts/contact_save.cy.js",
      "file": "cypress/e2e/contacts/contact_save.cy.js",
      "beforeHooks": [],
      "afterHooks": [],
      "tests": [],
      "suites": [
        {
          "uuid": "11b70948-56cd-4a3d-86b8-b912c1d133f9",
          "title": "contact save",
          "fullFile": "",
          "file": "",
          "beforeHooks": [],
          "afterHooks": [],
          "tests": [],
          "suites": [
            {
              "uuid": "805d230a-bdd4-4011-8ead-dcb9af5be7fd",
              "title": "Register contacts",
              "fullFile": "",
              "file": "",
              "beforeHooks": [],
              "afterHooks": [],
              "tests": [
                {
                  "title": "Given that I submit a registration filling in all the necessary data",
                  "fullTitle": "contact save Register contacts Given that I submit a registration filling in all the necessary data",
                  "timedOut": null,
                  "duration": 2459,
                  "state": "passed",
                  "speed": "fast",
                  "pass": true,
                  "fail": false,
                  "pending": false,
                  "context": "\"assets/screenshots/contact_save.cy.js/Given that I submit a registration filling in all the necessary data -- after each hook.png\"",
                  "code": "cy.requestCreateUserAndLogin(_payload.user);\ncy.visitDashboard();\ncy.createContact(_payload.contact);\ncy.saveLocalStorage();",
                  "err": {},
                  "uuid": "1ca5727d-a104-4a22-83ef-9dc22531aca8",
                  "parentUUID": "805d230a-bdd4-4011-8ead-dcb9af5be7fd",
                  "isHook": false,
                  "skipped": false
                },
                {
                  "title": "Then this contact must be registered",
                  "fullTitle": "contact save Register contacts Then this contact must be registered",
                  "timedOut": null,
                  "duration": 184,
                  "state": "passed",
                  "speed": "fast",
                  "pass": true,
                  "fail": false,
                  "pending": false,
                  "context": "\"assets/screenshots/contact_save.cy.js/Then this contact must be registered -- after each hook.png\"",
                  "code": "cy.visitDashboard();\ncy.validateIfContactIsInList(_payload.contact);",
                  "err": {},
                  "uuid": "0bd90a9e-c4b1-415e-8308-bbee4b894f07",
                  "parentUUID": "805d230a-bdd4-4011-8ead-dcb9af5be7fd",
                  "isHook": false,
                  "skipped": false
                },
                {
                  "title": "When I submit a registration without a name",
                  "fullTitle": "contact save Register contacts When I submit a registration without a name",
                  "timedOut": null,
                  "duration": 933,
                  "state": "passed",
                  "speed": "fast",
                  "pass": true,
                  "fail": false,
                  "pending": false,
                  "context": "\"assets/screenshots/contact_save.cy.js/When I submit a registration without a name -- after each hook.png\"",
                  "code": "const {\n    name\n  } = _payload.contact,\n  contactWithoutName = (0, _objectWithoutProperties2.default)(_payload.contact, _excluded);\ncy.visitDashboard();\ncy.createContact(contactWithoutName);\ncontext(`Then the notification \"${_parameters.default.message.expectNoticeName}\" must be displayed`, () => {\n  cy.expectNoticeName(_parameters.default.message.expectNoticeName);\n});",
                  "err": {},
                  "uuid": "51336491-1ff9-4832-9983-f0494c786b67",
                  "parentUUID": "805d230a-bdd4-4011-8ead-dcb9af5be7fd",
                  "isHook": false,
                  "skipped": false
                },
                {
                  "title": "When I submit a registration without a WhatsApp number",
                  "fullTitle": "contact save Register contacts When I submit a registration without a WhatsApp number",
                  "timedOut": null,
                  "duration": 941,
                  "state": "passed",
                  "speed": "fast",
                  "pass": true,
                  "fail": false,
                  "pending": false,
                  "context": "\"assets/screenshots/contact_save.cy.js/When I submit a registration without a WhatsApp number -- after each hook.png\"",
                  "code": "const {\n    number\n  } = _payload.contact,\n  contactWithoutNumber = (0, _objectWithoutProperties2.default)(_payload.contact, _excluded2);\ncy.visitDashboard();\ncy.createContact(contactWithoutNumber);\ncontext(`Then the notification \"${_parameters.default.message.expectNoticePhone}\" must be displayed`, () => {\n  cy.expectNoticePhone(_parameters.default.message.expectNoticePhone);\n});",
                  "err": {},
                  "uuid": "fa110277-2556-4952-a8bb-08fa8111e5cb",
                  "parentUUID": "805d230a-bdd4-4011-8ead-dcb9af5be7fd",
                  "isHook": false,
                  "skipped": false
                },
                {
                  "title": "When I submit a registration without a subject",
                  "fullTitle": "contact save Register contacts When I submit a registration without a subject",
                  "timedOut": null,
                  "duration": 888,
                  "state": "passed",
                  "speed": "fast",
                  "pass": true,
                  "fail": false,
                  "pending": false,
                  "context": "\"assets/screenshots/contact_save.cy.js/When I submit a registration without a subject -- after each hook.png\"",
                  "code": "const {\n    description\n  } = _payload.contact,\n  contactWithoutDescription = (0, _objectWithoutProperties2.default)(_payload.contact, _excluded3);\ncy.visitDashboard();\ncy.createContact(contactWithoutDescription);\ncontext(`Then the notification \"${_parameters.default.message.expectNoticeDescription}\" must be displayed`, () => {\n  cy.expectNoticeDescription(_parameters.default.message.expectNoticeDescription);\n});",
                  "err": {},
                  "uuid": "02e19f12-2ed1-4cb3-af5e-1e0d869f6d3f",
                  "parentUUID": "805d230a-bdd4-4011-8ead-dcb9af5be7fd",
                  "isHook": false,
                  "skipped": false
                },
                {
                  "title": "When I submit a registration without any data",
                  "fullTitle": "contact save Register contacts When I submit a registration without any data",
                  "timedOut": null,
                  "duration": 217,
                  "state": "passed",
                  "speed": "fast",
                  "pass": true,
                  "fail": false,
                  "pending": false,
                  "context": "\"assets/screenshots/contact_save.cy.js/When I submit a registration without any data -- after each hook.png\"",
                  "code": "cy.visitDashboard();\ncy.clickAddNewContactButton();\ncy.clickSaveButton();\ncontext(`Then three notifications should be displayed`, () => {\n  cy.expectNoticeName(_parameters.default.message.expectNoticeName);\n  cy.expectNoticePhone(_parameters.default.message.expectNoticePhone);\n  cy.expectNoticeDescription(_parameters.default.message.expectNoticeDescription);\n});",
                  "err": {},
                  "uuid": "f525422f-77b8-4058-908c-a2e34d6ff084",
                  "parentUUID": "805d230a-bdd4-4011-8ead-dcb9af5be7fd",
                  "isHook": false,
                  "skipped": false
                }
              ],
              "suites": [],
              "passes": [
                "1ca5727d-a104-4a22-83ef-9dc22531aca8",
                "0bd90a9e-c4b1-415e-8308-bbee4b894f07",
                "51336491-1ff9-4832-9983-f0494c786b67",
                "fa110277-2556-4952-a8bb-08fa8111e5cb",
                "02e19f12-2ed1-4cb3-af5e-1e0d869f6d3f",
                "f525422f-77b8-4058-908c-a2e34d6ff084"
              ],
              "failures": [],
              "pending": [],
              "skipped": [],
              "duration": 5622,
              "root": false,
              "rootEmpty": false,
              "_timeout": 2000
            }
          ],
          "passes": [],
          "failures": [],
          "pending": [],
          "skipped": [],
          "duration": 0,
          "root": false,
          "rootEmpty": false,
          "_timeout": 2000
        }
      ],
      "passes": [],
      "failures": [],
      "pending": [],
      "skipped": [],
      "duration": 0,
      "root": true,
      "rootEmpty": true,
      "_timeout": 2000
    }
  ],
  "meta": {
    "mocha": {
      "version": "7.2.0"
    },
    "mochawesome": {
      "options": {
        "quiet": false,
        "reportFilename": "mochawesome",
        "saveHtml": false,
        "saveJson": true,
        "consoleReporter": "spec",
        "useInlineDiffs": false,
        "code": true
      },
      "version": "7.1.3"
    },
    "marge": {
      "options": {
        "reportDir": "mochawesome-report",
        "overwrite": true,
        "html": false,
        "json": true,
        "timestamp": "mmddyyyy_hhmmss"
      },
      "version": "6.2.0"
    }
  }
}