{
  "stats": {
    "suites": 2,
    "tests": 3,
    "passes": 3,
    "pending": 0,
    "failures": 0,
    "start": "2025-07-29T10:55:13.502Z",
    "end": "2025-07-29T10:55:16.779Z",
    "duration": 3277,
    "testsRegistered": 3,
    "passPercent": 100,
    "pendingPercent": 0,
    "other": 0,
    "hasOther": false,
    "skipped": 0,
    "hasSkipped": false
  },
  "results": [
    {
      "uuid": "6a20d6d4-c0ad-4a2f-bd3d-9a505ccb2b12",
      "title": "",
      "fullFile": "cypress/e2e/contacts/contact_remove.cy.js",
      "file": "cypress/e2e/contacts/contact_remove.cy.js",
      "beforeHooks": [],
      "afterHooks": [],
      "tests": [],
      "suites": [
        {
          "uuid": "43962975-69a7-4154-af6f-100e78647513",
          "title": "contact remove",
          "fullFile": "",
          "file": "",
          "beforeHooks": [],
          "afterHooks": [],
          "tests": [],
          "suites": [
            {
              "uuid": "bb6cd485-b157-492b-a63b-746db084f808",
              "title": "Removing a contact",
              "fullFile": "",
              "file": "",
              "beforeHooks": [],
              "afterHooks": [],
              "tests": [
                {
                  "title": "Given that Bruno Moreira is the contact that will be deleted",
                  "fullTitle": "contact remove Removing a contact Given that Bruno Moreira is the contact that will be deleted",
                  "timedOut": null,
                  "duration": 1509,
                  "state": "passed",
                  "speed": "fast",
                  "pass": true,
                  "fail": false,
                  "pending": false,
                  "context": "\"assets/screenshots/contact_remove.cy.js/Given that Bruno Moreira is the contact that will be deleted -- after each hook.png\"",
                  "code": "cy.requestCreateUserAndLogin(_payload.user);\ncy.requestCreateContact(_payload.contact);\ncy.saveLocalStorage();",
                  "err": {},
                  "uuid": "cedc99f0-d8a2-47df-ae1a-3ef9ed04857e",
                  "parentUUID": "bb6cd485-b157-492b-a63b-746db084f808",
                  "isHook": false,
                  "skipped": false
                },
                {
                  "title": "When I delete this contact",
                  "fullTitle": "contact remove Removing a contact When I delete this contact",
                  "timedOut": null,
                  "duration": 367,
                  "state": "passed",
                  "speed": "fast",
                  "pass": true,
                  "fail": false,
                  "pending": false,
                  "context": "\"assets/screenshots/contact_remove.cy.js/When I delete this contact -- after each hook.png\"",
                  "code": "cy.visitDashboard();\ncy.removeContact(_payload.contact.number);",
                  "err": {},
                  "uuid": "5fd62b6a-fa13-4070-a03d-3b05740bd62b",
                  "parentUUID": "bb6cd485-b157-492b-a63b-746db084f808",
                  "isHook": false,
                  "skipped": false
                },
                {
                  "title": "Then it should not be displayed on the dashboard",
                  "fullTitle": "contact remove Removing a contact Then it should not be displayed on the dashboard",
                  "timedOut": null,
                  "duration": 62,
                  "state": "passed",
                  "speed": "fast",
                  "pass": true,
                  "fail": false,
                  "pending": false,
                  "context": "\"assets/screenshots/contact_remove.cy.js/Then it should not be displayed on the dashboard -- after each hook.png\"",
                  "code": "cy.visitDashboard();\ncy.validateIfContactWasNotFound(_payload.contact);",
                  "err": {},
                  "uuid": "7e95eb34-4ebc-4ac9-b073-07e1468d8169",
                  "parentUUID": "bb6cd485-b157-492b-a63b-746db084f808",
                  "isHook": false,
                  "skipped": false
                }
              ],
              "suites": [],
              "passes": [
                "cedc99f0-d8a2-47df-ae1a-3ef9ed04857e",
                "5fd62b6a-fa13-4070-a03d-3b05740bd62b",
                "7e95eb34-4ebc-4ac9-b073-07e1468d8169"
              ],
              "failures": [],
              "pending": [],
              "skipped": [],
              "duration": 1938,
              "root": false,
              "rootEmpty": false,
              "_timeout": 2000
            }
          ],
          "passes": [],
          "failures": [],
          "pending": [],
          "skipped": [],
          "duration": 0,
          "root": false,
          "rootEmpty": false,
          "_timeout": 2000
        }
      ],
      "passes": [],
      "failures": [],
      "pending": [],
      "skipped": [],
      "duration": 0,
      "root": true,
      "rootEmpty": true,
      "_timeout": 2000
    }
  ],
  "meta": {
    "mocha": {
      "version": "7.2.0"
    },
    "mochawesome": {
      "options": {
        "quiet": false,
        "reportFilename": "mochawesome",
        "saveHtml": false,
        "saveJson": true,
        "consoleReporter": "spec",
        "useInlineDiffs": false,
        "code": true
      },
      "version": "7.1.3"
    },
    "marge": {
      "options": {
        "reportDir": "mochawesome-report",
        "overwrite": true,
        "html": false,
        "json": true,
        "timestamp": "mmddyyyy_hhmmss"
      },
      "version": "6.2.0"
    }
  }
}