{
  "stats": {
    "suites": 3,
    "tests": 10,
    "passes": 10,
    "pending": 0,
    "failures": 0,
    "start": "2025-07-29T10:46:50.847Z",
    "end": "2025-07-29T10:46:59.788Z",
    "duration": 8941,
    "testsRegistered": 10,
    "passPercent": 100,
    "pendingPercent": 0,
    "other": 0,
    "hasOther": false,
    "skipped": 0,
    "hasSkipped": false
  },
  "results": [
    {
      "uuid": "38f64c0e-e2c1-49eb-8b44-cf032325e0ab",
      "title": "",
      "fullFile": "cypress/e2e/contacts/contacts_array_map_spec .cy.js",
      "file": "cypress/e2e/contacts/contacts_array_map_spec .cy.js",
      "beforeHooks": [],
      "afterHooks": [],
      "tests": [],
      "suites": [
        {
          "uuid": "94ff3400-3c59-4725-85fe-eb4ad5875f15",
          "title": "contacts array map",
          "fullFile": "",
          "file": "",
          "beforeHooks": [],
          "afterHooks": [],
          "tests": [],
          "suites": [
            {
              "uuid": "81b1b94c-ccf1-4d0a-9f7c-701fb1ef05fd",
              "title": "Multiple contact removal flow",
              "fullFile": "",
              "file": "",
              "beforeHooks": [],
              "afterHooks": [],
              "tests": [],
              "suites": [
                {
                  "uuid": "dc6b2d38-d84e-4135-9eb3-d1e57ac2aef8",
                  "title": "Since several contacts were created",
                  "fullFile": "",
                  "file": "",
                  "beforeHooks": [],
                  "afterHooks": [],
                  "tests": [
                    {
                      "title": "When I remove the contact Ronald Torp with number (84) 94121-1607 and description porro atque voluptatum doloremque totam",
                      "fullTitle": "contacts array map Multiple contact removal flow Since several contacts were created When I remove the contact Ronald Torp with number (84) 94121-1607 and description porro atque voluptatum doloremque totam",
                      "timedOut": null,
                      "duration": 2626,
                      "state": "passed",
                      "speed": "fast",
                      "pass": true,
                      "fail": false,
                      "pending": false,
                      "context": "\"assets/screenshots/contacts_array_map_spec .cy.js/When I remove the contact Ronald Torp with number (84) 94121-1607 and description porro atque voluptatum doloremque totam -- after each hook.png\"",
                      "code": "cy.visitDashboard();\ncy.removeContact(contact.number);",
                      "err": {},
                      "uuid": "85d62014-d329-475b-b20c-4e9055c7ce3a",
                      "parentUUID": "dc6b2d38-d84e-4135-9eb3-d1e57ac2aef8",
                      "isHook": false,
                      "skipped": false
                    },
                    {
                      "title": "Then the contact Ronald Torp with number (84) 94121-1607 should have been removed and should not be displayed on the dashboard",
                      "fullTitle": "contacts array map Multiple contact removal flow Since several contacts were created Then the contact Ronald Torp with number (84) 94121-1607 should have been removed and should not be displayed on the dashboard",
                      "timedOut": null,
                      "duration": 185,
                      "state": "passed",
                      "speed": "fast",
                      "pass": true,
                      "fail": false,
                      "pending": false,
                      "context": "\"assets/screenshots/contacts_array_map_spec .cy.js/Then the contact Ronald Torp with number (84) 94121-1607 should have been removed and should not be displayed on the dashboard -- after each hook.png\"",
                      "code": "cy.visitDashboard();\ncy.validateFinishedLoading();\ncy.validateIfContactWasNotFound(contact);",
                      "err": {},
                      "uuid": "bb984e52-b047-4707-a171-ef8bd1ae4e50",
                      "parentUUID": "dc6b2d38-d84e-4135-9eb3-d1e57ac2aef8",
                      "isHook": false,
                      "skipped": false
                    },
                    {
                      "title": "When I remove the contact Constance Kohler with number (84) 92777-9070 and description autem dicta",
                      "fullTitle": "contacts array map Multiple contact removal flow Since several contacts were created When I remove the contact Constance Kohler with number (84) 92777-9070 and description autem dicta",
                      "timedOut": null,
                      "duration": 311,
                      "state": "passed",
                      "speed": "fast",
                      "pass": true,
                      "fail": false,
                      "pending": false,
                      "context": "\"assets/screenshots/contacts_array_map_spec .cy.js/When I remove the contact Constance Kohler with number (84) 92777-9070 and description autem dicta -- after each hook.png\"",
                      "code": "cy.visitDashboard();\ncy.removeContact(contact.number);",
                      "err": {},
                      "uuid": "128e1092-bb80-4696-86f7-c7f41beeb8a7",
                      "parentUUID": "dc6b2d38-d84e-4135-9eb3-d1e57ac2aef8",
                      "isHook": false,
                      "skipped": false
                    },
                    {
                      "title": "Then the contact Constance Kohler with number (84) 92777-9070 should have been removed and should not be displayed on the dashboard",
                      "fullTitle": "contacts array map Multiple contact removal flow Since several contacts were created Then the contact Constance Kohler with number (84) 92777-9070 should have been removed and should not be displayed on the dashboard",
                      "timedOut": null,
                      "duration": 179,
                      "state": "passed",
                      "speed": "fast",
                      "pass": true,
                      "fail": false,
                      "pending": false,
                      "context": "\"assets/screenshots/contacts_array_map_spec .cy.js/Then the contact Constance Kohler with number (84) 92777-9070 should have been removed and should not be displayed on the dashboard -- after each hook.png\"",
                      "code": "cy.visitDashboard();\ncy.validateFinishedLoading();\ncy.validateIfContactWasNotFound(contact);",
                      "err": {},
                      "uuid": "0a6af8b3-0d31-4239-a610-3b5c0c6fd9d3",
                      "parentUUID": "dc6b2d38-d84e-4135-9eb3-d1e57ac2aef8",
                      "isHook": false,
                      "skipped": false
                    },
                    {
                      "title": "When I remove the contact Erwin Lang with number (84) 96071-4991 and description officiis et autem accusantium",
                      "fullTitle": "contacts array map Multiple contact removal flow Since several contacts were created When I remove the contact Erwin Lang with number (84) 96071-4991 and description officiis et autem accusantium",
                      "timedOut": null,
                      "duration": 295,
                      "state": "passed",
                      "speed": "fast",
                      "pass": true,
                      "fail": false,
                      "pending": false,
                      "context": "\"assets/screenshots/contacts_array_map_spec .cy.js/When I remove the contact Erwin Lang with number (84) 96071-4991 and description officiis et autem accusantium -- after each hook.png\"",
                      "code": "cy.visitDashboard();\ncy.removeContact(contact.number);",
                      "err": {},
                      "uuid": "abfcfb6d-0081-4d9d-a057-db3459f91c13",
                      "parentUUID": "dc6b2d38-d84e-4135-9eb3-d1e57ac2aef8",
                      "isHook": false,
                      "skipped": false
                    },
                    {
                      "title": "Then the contact Erwin Lang with number (84) 96071-4991 should have been removed and should not be displayed on the dashboard",
                      "fullTitle": "contacts array map Multiple contact removal flow Since several contacts were created Then the contact Erwin Lang with number (84) 96071-4991 should have been removed and should not be displayed on the dashboard",
                      "timedOut": null,
                      "duration": 180,
                      "state": "passed",
                      "speed": "fast",
                      "pass": true,
                      "fail": false,
                      "pending": false,
                      "context": "\"assets/screenshots/contacts_array_map_spec .cy.js/Then the contact Erwin Lang with number (84) 96071-4991 should have been removed and should not be displayed on the dashboard -- after each hook.png\"",
                      "code": "cy.visitDashboard();\ncy.validateFinishedLoading();\ncy.validateIfContactWasNotFound(contact);",
                      "err": {},
                      "uuid": "12581329-378e-4c02-8e48-395906c55629",
                      "parentUUID": "dc6b2d38-d84e-4135-9eb3-d1e57ac2aef8",
                      "isHook": false,
                      "skipped": false
                    },
                    {
                      "title": "When I remove the contact Cyril Torphy with number (84) 90837-1081 and description labore corporis ratione",
                      "fullTitle": "contacts array map Multiple contact removal flow Since several contacts were created When I remove the contact Cyril Torphy with number (84) 90837-1081 and description labore corporis ratione",
                      "timedOut": null,
                      "duration": 293,
                      "state": "passed",
                      "speed": "fast",
                      "pass": true,
                      "fail": false,
                      "pending": false,
                      "context": "\"assets/screenshots/contacts_array_map_spec .cy.js/When I remove the contact Cyril Torphy with number (84) 90837-1081 and description labore corporis ratione -- after each hook.png\"",
                      "code": "cy.visitDashboard();\ncy.removeContact(contact.number);",
                      "err": {},
                      "uuid": "d30f56ed-f43c-4576-8e04-c62f503c0817",
                      "parentUUID": "dc6b2d38-d84e-4135-9eb3-d1e57ac2aef8",
                      "isHook": false,
                      "skipped": false
                    },
                    {
                      "title": "Then the contact Cyril Torphy with number (84) 90837-1081 should have been removed and should not be displayed on the dashboard",
                      "fullTitle": "contacts array map Multiple contact removal flow Since several contacts were created Then the contact Cyril Torphy with number (84) 90837-1081 should have been removed and should not be displayed on the dashboard",
                      "timedOut": null,
                      "duration": 171,
                      "state": "passed",
                      "speed": "fast",
                      "pass": true,
                      "fail": false,
                      "pending": false,
                      "context": "\"assets/screenshots/contacts_array_map_spec .cy.js/Then the contact Cyril Torphy with number (84) 90837-1081 should have been removed and should not be displayed on the dashboard -- after each hook.png\"",
                      "code": "cy.visitDashboard();\ncy.validateFinishedLoading();\ncy.validateIfContactWasNotFound(contact);",
                      "err": {},
                      "uuid": "34231625-8e6e-4e1b-aa1e-272f54203eda",
                      "parentUUID": "dc6b2d38-d84e-4135-9eb3-d1e57ac2aef8",
                      "isHook": false,
                      "skipped": false
                    },
                    {
                      "title": "When I remove the contact Marilyne Ledner with number (84) 98251-1886 and description qui",
                      "fullTitle": "contacts array map Multiple contact removal flow Since several contacts were created When I remove the contact Marilyne Ledner with number (84) 98251-1886 and description qui",
                      "timedOut": null,
                      "duration": 288,
                      "state": "passed",
                      "speed": "fast",
                      "pass": true,
                      "fail": false,
                      "pending": false,
                      "context": "\"assets/screenshots/contacts_array_map_spec .cy.js/When I remove the contact Marilyne Ledner with number (84) 98251-1886 and description qui -- after each hook.png\"",
                      "code": "cy.visitDashboard();\ncy.removeContact(contact.number);",
                      "err": {},
                      "uuid": "8f87f0b0-dc97-4da3-bfb6-c524c6bf3458",
                      "parentUUID": "dc6b2d38-d84e-4135-9eb3-d1e57ac2aef8",
                      "isHook": false,
                      "skipped": false
                    },
                    {
                      "title": "Then the contact Marilyne Ledner with number (84) 98251-1886 should have been removed and should not be displayed on the dashboard",
                      "fullTitle": "contacts array map Multiple contact removal flow Since several contacts were created Then the contact Marilyne Ledner with number (84) 98251-1886 should have been removed and should not be displayed on the dashboard",
                      "timedOut": null,
                      "duration": 192,
                      "state": "passed",
                      "speed": "fast",
                      "pass": true,
                      "fail": false,
                      "pending": false,
                      "context": "\"assets/screenshots/contacts_array_map_spec .cy.js/Then the contact Marilyne Ledner with number (84) 98251-1886 should have been removed and should not be displayed on the dashboard -- after each hook.png\"",
                      "code": "cy.visitDashboard();\ncy.validateFinishedLoading();\ncy.validateIfContactWasNotFound(contact);",
                      "err": {},
                      "uuid": "804982a6-dd84-4607-ba60-05810b6c5d37",
                      "parentUUID": "dc6b2d38-d84e-4135-9eb3-d1e57ac2aef8",
                      "isHook": false,
                      "skipped": false
                    }
                  ],
                  "suites": [],
                  "passes": [
                    "85d62014-d329-475b-b20c-4e9055c7ce3a",
                    "bb984e52-b047-4707-a171-ef8bd1ae4e50",
                    "128e1092-bb80-4696-86f7-c7f41beeb8a7",
                    "0a6af8b3-0d31-4239-a610-3b5c0c6fd9d3",
                    "abfcfb6d-0081-4d9d-a057-db3459f91c13",
                    "12581329-378e-4c02-8e48-395906c55629",
                    "d30f56ed-f43c-4576-8e04-c62f503c0817",
                    "34231625-8e6e-4e1b-aa1e-272f54203eda",
                    "8f87f0b0-dc97-4da3-bfb6-c524c6bf3458",
                    "804982a6-dd84-4607-ba60-05810b6c5d37"
                  ],
                  "failures": [],
                  "pending": [],
                  "skipped": [],
                  "duration": 4720,
                  "root": false,
                  "rootEmpty": false,
                  "_timeout": 2000
                }
              ],
              "passes": [],
              "failures": [],
              "pending": [],
              "skipped": [],
              "duration": 0,
              "root": false,
              "rootEmpty": false,
              "_timeout": 2000
            }
          ],
          "passes": [],
          "failures": [],
          "pending": [],
          "skipped": [],
          "duration": 0,
          "root": false,
          "rootEmpty": false,
          "_timeout": 2000
        }
      ],
      "passes": [],
      "failures": [],
      "pending": [],
      "skipped": [],
      "duration": 0,
      "root": true,
      "rootEmpty": true,
      "_timeout": 2000
    }
  ],
  "meta": {
    "mocha": {
      "version": "7.2.0"
    },
    "mochawesome": {
      "options": {
        "quiet": false,
        "reportFilename": "mochawesome",
        "saveHtml": false,
        "saveJson": true,
        "consoleReporter": "spec",
        "useInlineDiffs": false,
        "code": true
      },
      "version": "7.1.3"
    },
    "marge": {
      "options": {
        "reportDir": "mochawesome-report",
        "overwrite": true,
        "html": false,
        "json": true,
        "timestamp": "mmddyyyy_hhmmss"
      },
      "version": "6.2.0"
    }
  }
}