{
  "stats": {
    "suites": 2,
    "tests": 6,
    "passes": 6,
    "pending": 0,
    "failures": 0,
    "start": "2025-07-29T10:47:19.377Z",
    "end": "2025-07-29T10:47:29.336Z",
    "duration": 9959,
    "testsRegistered": 6,
    "passPercent": 100,
    "pendingPercent": 0,
    "other": 0,
    "hasOther": false,
    "skipped": 0,
    "hasSkipped": false
  },
  "results": [
    {
      "uuid": "a95507c5-552b-4ac4-b8f4-647e63c0f181",
      "title": "",
      "fullFile": "cypress/e2e/contacts/session_localstorage.cy.js",
      "file": "cypress/e2e/contacts/session_localstorage.cy.js",
      "beforeHooks": [],
      "afterHooks": [],
      "tests": [],
      "suites": [
        {
          "uuid": "4337b857-80f8-4a19-ae39-388bdf4f1a02",
          "title": "cy session",
          "fullFile": "",
          "file": "",
          "beforeHooks": [],
          "afterHooks": [],
          "tests": [],
          "suites": [
            {
              "uuid": "491a0e10-a618-4816-b00e-8ea7e93be999",
              "title": "Login example saving to localstorage",
              "fullFile": "",
              "file": "",
              "beforeHooks": [],
              "afterHooks": [],
              "tests": [
                {
                  "title": "Removing a contact",
                  "fullTitle": "cy session Login example saving to localstorage Removing a contact",
                  "timedOut": null,
                  "duration": 2904,
                  "state": "passed",
                  "speed": "fast",
                  "pass": true,
                  "fail": false,
                  "pending": false,
                  "context": "\"assets/screenshots/session_localstorage.cy.js/Removing a contact -- after each hook.png\"",
                  "code": "cy.doLogin(Cypress.env(\"user\"), Cypress.env(\"password\"));\ncy.visitDashboard();\ncy.createContact(_payload.contact);\ncy.removeContact(_payload.contact.number);\ncy.validateIfContactWasNotFound(_payload.contact);\ncy.saveLocalStorage();",
                  "err": {},
                  "uuid": "bcdb0c7e-1b4e-47db-bdb8-7dc1b23814e9",
                  "parentUUID": "491a0e10-a618-4816-b00e-8ea7e93be999",
                  "isHook": false,
                  "skipped": false
                },
                {
                  "title": "Creating a contact with all data",
                  "fullTitle": "cy session Login example saving to localstorage Creating a contact with all data",
                  "timedOut": null,
                  "duration": 1623,
                  "state": "passed",
                  "speed": "fast",
                  "pass": true,
                  "fail": false,
                  "pending": false,
                  "context": "\"assets/screenshots/session_localstorage.cy.js/Creating a contact with all data -- after each hook.png\"",
                  "code": "cy.visitDashboard();\ncy.createContact(_payload.contact);\ncy.validateIfContactIsInList(_payload.contact);\ncy.removeContact(_payload.contact.number);",
                  "err": {},
                  "uuid": "9dd82ed5-620f-43bd-8d60-7ac57ba5ace3",
                  "parentUUID": "491a0e10-a618-4816-b00e-8ea7e93be999",
                  "isHook": false,
                  "skipped": false
                },
                {
                  "title": "Creating unnamed contact",
                  "fullTitle": "cy session Login example saving to localstorage Creating unnamed contact",
                  "timedOut": null,
                  "duration": 916,
                  "state": "passed",
                  "speed": "fast",
                  "pass": true,
                  "fail": false,
                  "pending": false,
                  "context": "\"assets/screenshots/session_localstorage.cy.js/Creating unnamed contact -- after each hook.png\"",
                  "code": "const {\n    name\n  } = _payload.contact,\n  contactWithoutName = (0, _objectWithoutProperties2.default)(_payload.contact, _excluded);\ncy.visitDashboard();\ncy.createContact(contactWithoutName);\ncy.expectNoticeName(_parameters.default.message.expectNoticeName);",
                  "err": {},
                  "uuid": "60fbb8ee-728f-44f6-9828-ac59dc290bf0",
                  "parentUUID": "491a0e10-a618-4816-b00e-8ea7e93be999",
                  "isHook": false,
                  "skipped": false
                },
                {
                  "title": "Creating a contact without a WhatsApp number",
                  "fullTitle": "cy session Login example saving to localstorage Creating a contact without a WhatsApp number",
                  "timedOut": null,
                  "duration": 883,
                  "state": "passed",
                  "speed": "fast",
                  "pass": true,
                  "fail": false,
                  "pending": false,
                  "context": "\"assets/screenshots/session_localstorage.cy.js/Creating a contact without a WhatsApp number -- after each hook.png\"",
                  "code": "const {\n    number\n  } = _payload.contact,\n  contactWithoutPhone = (0, _objectWithoutProperties2.default)(_payload.contact, _excluded2);\ncy.visitDashboard();\ncy.createContact(contactWithoutPhone);\ncy.expectNoticePhone(_parameters.default.message.expectNoticePhone);",
                  "err": {},
                  "uuid": "ae1727a8-b17d-4543-ae48-7fde7f6f3795",
                  "parentUUID": "491a0e10-a618-4816-b00e-8ea7e93be999",
                  "isHook": false,
                  "skipped": false
                },
                {
                  "title": "Creating a contact without a subject",
                  "fullTitle": "cy session Login example saving to localstorage Creating a contact without a subject",
                  "timedOut": null,
                  "duration": 850,
                  "state": "passed",
                  "speed": "fast",
                  "pass": true,
                  "fail": false,
                  "pending": false,
                  "context": "\"assets/screenshots/session_localstorage.cy.js/Creating a contact without a subject -- after each hook.png\"",
                  "code": "const {\n    description\n  } = _payload.contact,\n  contactWithoutDescription = (0, _objectWithoutProperties2.default)(_payload.contact, _excluded3);\ncy.visitDashboard();\ncy.createContact(contactWithoutDescription);\ncy.expectNoticeDescription(_parameters.default.message.expectNoticeDescription);",
                  "err": {},
                  "uuid": "c4cab570-5e69-4d46-a1bc-50b1907e261b",
                  "parentUUID": "491a0e10-a618-4816-b00e-8ea7e93be999",
                  "isHook": false,
                  "skipped": false
                },
                {
                  "title": "Creating a contact without filling in any information",
                  "fullTitle": "cy session Login example saving to localstorage Creating a contact without filling in any information",
                  "timedOut": null,
                  "duration": 207,
                  "state": "passed",
                  "speed": "fast",
                  "pass": true,
                  "fail": false,
                  "pending": false,
                  "context": "\"assets/screenshots/session_localstorage.cy.js/Creating a contact without filling in any information -- after each hook.png\"",
                  "code": "cy.visitDashboard();\ncy.clickAddNewContactButton();\ncy.clickSaveButton();\ncy.expectNoticeName(_parameters.default.message.expectNoticeName);\ncy.expectNoticePhone(_parameters.default.message.expectNoticePhone);\ncy.expectNoticeDescription(_parameters.default.message.expectNoticeDescription);",
                  "err": {},
                  "uuid": "105cec74-7db7-478c-921c-88f7d2ebe31e",
                  "parentUUID": "491a0e10-a618-4816-b00e-8ea7e93be999",
                  "isHook": false,
                  "skipped": false
                }
              ],
              "suites": [],
              "passes": [
                "bcdb0c7e-1b4e-47db-bdb8-7dc1b23814e9",
                "9dd82ed5-620f-43bd-8d60-7ac57ba5ace3",
                "60fbb8ee-728f-44f6-9828-ac59dc290bf0",
                "ae1727a8-b17d-4543-ae48-7fde7f6f3795",
                "c4cab570-5e69-4d46-a1bc-50b1907e261b",
                "105cec74-7db7-478c-921c-88f7d2ebe31e"
              ],
              "failures": [],
              "pending": [],
              "skipped": [],
              "duration": 7383,
              "root": false,
              "rootEmpty": false,
              "_timeout": 2000
            }
          ],
          "passes": [],
          "failures": [],
          "pending": [],
          "skipped": [],
          "duration": 0,
          "root": false,
          "rootEmpty": false,
          "_timeout": 2000
        }
      ],
      "passes": [],
      "failures": [],
      "pending": [],
      "skipped": [],
      "duration": 0,
      "root": true,
      "rootEmpty": true,
      "_timeout": 2000
    }
  ],
  "meta": {
    "mocha": {
      "version": "7.2.0"
    },
    "mochawesome": {
      "options": {
        "quiet": false,
        "reportFilename": "mochawesome",
        "saveHtml": false,
        "saveJson": true,
        "consoleReporter": "spec",
        "useInlineDiffs": false,
        "code": true
      },
      "version": "7.1.3"
    },
    "marge": {
      "options": {
        "reportDir": "mochawesome-report",
        "overwrite": true,
        "html": false,
        "json": true,
        "timestamp": "mmddyyyy_hhmmss"
      },
      "version": "6.2.0"
    }
  }
}