{
  "stats": {
    "suites": 6,
    "tests": 4,
    "passes": 4,
    "pending": 0,
    "failures": 0,
    "start": "2025-07-29T10:56:56.380Z",
    "end": "2025-07-29T10:57:01.167Z",
    "duration": 4787,
    "testsRegistered": 4,
    "passPercent": 100,
    "pendingPercent": 0,
    "other": 0,
    "hasOther": false,
    "skipped": 0,
    "hasSkipped": false
  },
  "results": [
    {
      "uuid": "a2804b30-5ce8-42eb-80e6-2d1a0816f944",
      "title": "",
      "fullFile": "cypress/e2e/login/login.cy.js",
      "file": "cypress/e2e/login/login.cy.js",
      "beforeHooks": [],
      "afterHooks": [],
      "tests": [],
      "suites": [
        {
          "uuid": "7a7adb7f-49ff-4244-b1a7-733ba37111e4",
          "title": "login",
          "fullFile": "",
          "file": "",
          "beforeHooks": [],
          "afterHooks": [],
          "tests": [],
          "suites": [
            {
              "uuid": "b46a546a-12ea-43a0-82ac-ee602ee556f0",
              "title": "Login",
              "fullFile": "",
              "file": "",
              "beforeHooks": [],
              "afterHooks": [],
              "tests": [],
              "suites": [
                {
                  "uuid": "8ecb57c5-0354-4394-8714-a76bb88e5b2c",
                  "title": "Given that I submit valid credentials",
                  "fullFile": "",
                  "file": "",
                  "beforeHooks": [],
                  "afterHooks": [],
                  "tests": [
                    {
                      "title": "Then the user should be directed to the logged in area",
                      "fullTitle": "login Login Given that I submit valid credentials Then the user should be directed to the logged in area",
                      "timedOut": null,
                      "duration": 1286,
                      "state": "passed",
                      "speed": "fast",
                      "pass": true,
                      "fail": false,
                      "pending": false,
                      "context": "\"assets/screenshots/login.cy.js/Then the user should be directed to the logged in area -- after each hook.png\"",
                      "code": "cy.dashboardValidation();",
                      "err": {},
                      "uuid": "7759d421-4f92-40a4-ac38-56c74d398bad",
                      "parentUUID": "8ecb57c5-0354-4394-8714-a76bb88e5b2c",
                      "isHook": false,
                      "skipped": false
                    }
                  ],
                  "suites": [],
                  "passes": [
                    "7759d421-4f92-40a4-ac38-56c74d398bad"
                  ],
                  "failures": [],
                  "pending": [],
                  "skipped": [],
                  "duration": 1286,
                  "root": false,
                  "rootEmpty": false,
                  "_timeout": 2000
                },
                {
                  "uuid": "52048615-4a9c-4d4f-8ec6-4da464a5d542",
                  "title": "When I submit an incorrect password",
                  "fullFile": "",
                  "file": "",
                  "beforeHooks": [],
                  "afterHooks": [],
                  "tests": [
                    {
                      "title": "Then the notification \"Email e/ou senha incorreto\" must be displayed",
                      "fullTitle": "login Login When I submit an incorrect password Then the notification \"Email e/ou senha incorreto\" must be displayed",
                      "timedOut": null,
                      "duration": 834,
                      "state": "passed",
                      "speed": "fast",
                      "pass": true,
                      "fail": false,
                      "pending": false,
                      "context": "\"assets/screenshots/login.cy.js/Then the notification \\\"Email e/ou senha incorreto\\\" must be displayed -- after each hook.png\"",
                      "code": "cy.loginAlert(_parameters.default.message.expectMessage).should(\"be.visible\");",
                      "err": {},
                      "uuid": "31222a37-b24f-4e60-834b-1a79d7640a2f",
                      "parentUUID": "52048615-4a9c-4d4f-8ec6-4da464a5d542",
                      "isHook": false,
                      "skipped": false
                    }
                  ],
                  "suites": [],
                  "passes": [
                    "31222a37-b24f-4e60-834b-1a79d7640a2f"
                  ],
                  "failures": [],
                  "pending": [],
                  "skipped": [],
                  "duration": 834,
                  "root": false,
                  "rootEmpty": false,
                  "_timeout": 2000
                },
                {
                  "uuid": "b014c028-9827-4cb3-ba20-4bacdb8e31cd",
                  "title": "When I don't provide the email",
                  "fullFile": "",
                  "file": "",
                  "beforeHooks": [],
                  "afterHooks": [],
                  "tests": [
                    {
                      "title": "Then the notification \"Oops. por favor informe seu e-mail\" must be displayed",
                      "fullTitle": "login Login When I don't provide the email Then the notification \"Oops. por favor informe seu e-mail\" must be displayed",
                      "timedOut": null,
                      "duration": 358,
                      "state": "passed",
                      "speed": "fast",
                      "pass": true,
                      "fail": false,
                      "pending": false,
                      "context": "\"assets/screenshots/login.cy.js/Then the notification \\\"Oops. por favor informe seu e-mail\\\" must be displayed -- after each hook.png\"",
                      "code": "cy.loginAlert(_parameters.default.message.expectMessageEmail).should(\"be.visible\");",
                      "err": {},
                      "uuid": "21f93b6e-2241-46af-a61e-ba707cc39a7e",
                      "parentUUID": "b014c028-9827-4cb3-ba20-4bacdb8e31cd",
                      "isHook": false,
                      "skipped": false
                    }
                  ],
                  "suites": [],
                  "passes": [
                    "21f93b6e-2241-46af-a61e-ba707cc39a7e"
                  ],
                  "failures": [],
                  "pending": [],
                  "skipped": [],
                  "duration": 358,
                  "root": false,
                  "rootEmpty": false,
                  "_timeout": 2000
                },
                {
                  "uuid": "c0398fe7-6a0e-47de-bcd5-ca4f1163109f",
                  "title": "When I don't enter the password",
                  "fullFile": "",
                  "file": "",
                  "beforeHooks": [],
                  "afterHooks": [],
                  "tests": [
                    {
                      "title": "Then the notification \"Oops. por favor informe sua senha\" must be displayed",
                      "fullTitle": "login Login When I don't enter the password Then the notification \"Oops. por favor informe sua senha\" must be displayed",
                      "timedOut": null,
                      "duration": 548,
                      "state": "passed",
                      "speed": "fast",
                      "pass": true,
                      "fail": false,
                      "pending": false,
                      "context": "\"assets/screenshots/login.cy.js/Then the notification \\\"Oops. por favor informe sua senha\\\" must be displayed -- after each hook.png\"",
                      "code": "cy.loginAlert(_parameters.default.message.expectMessagePassword).should(\"be.visible\");",
                      "err": {},
                      "uuid": "d117d346-5129-4e4d-8016-1e48508d10d1",
                      "parentUUID": "c0398fe7-6a0e-47de-bcd5-ca4f1163109f",
                      "isHook": false,
                      "skipped": false
                    }
                  ],
                  "suites": [],
                  "passes": [
                    "d117d346-5129-4e4d-8016-1e48508d10d1"
                  ],
                  "failures": [],
                  "pending": [],
                  "skipped": [],
                  "duration": 548,
                  "root": false,
                  "rootEmpty": false,
                  "_timeout": 2000
                }
              ],
              "passes": [],
              "failures": [],
              "pending": [],
              "skipped": [],
              "duration": 0,
              "root": false,
              "rootEmpty": false,
              "_timeout": 2000
            }
          ],
          "passes": [],
          "failures": [],
          "pending": [],
          "skipped": [],
          "duration": 0,
          "root": false,
          "rootEmpty": false,
          "_timeout": 2000
        }
      ],
      "passes": [],
      "failures": [],
      "pending": [],
      "skipped": [],
      "duration": 0,
      "root": true,
      "rootEmpty": true,
      "_timeout": 2000
    }
  ],
  "meta": {
    "mocha": {
      "version": "7.2.0"
    },
    "mochawesome": {
      "options": {
        "quiet": false,
        "reportFilename": "mochawesome",
        "saveHtml": false,
        "saveJson": true,
        "consoleReporter": "spec",
        "useInlineDiffs": false,
        "code": true
      },
      "version": "7.1.3"
    },
    "marge": {
      "options": {
        "reportDir": "mochawesome-report",
        "overwrite": true,
        "html": false,
        "json": true,
        "timestamp": "mmddyyyy_hhmmss"
      },
      "version": "6.2.0"
    }
  }
}