{
  "stats": {
    "suites": 2,
    "tests": 6,
    "passes": 6,
    "pending": 0,
    "failures": 0,
    "start": "2022-05-23T01:46:51.486Z",
    "end": "2022-05-23T01:47:03.133Z",
    "duration": 11647,
    "testsRegistered": 6,
    "passPercent": 100,
    "pendingPercent": 0,
    "other": 0,
    "hasOther": false,
    "skipped": 0,
    "hasSkipped": false
  },
  "results": [
    {
      "uuid": "e2e0afb6-9ae2-4937-9452-f72878e55b37",
      "title": "",
      "fullFile": "cypress/integration/contacts/contacts_array_spec.js",
      "file": "cypress/integration/contacts/contacts_array_spec.js",
      "beforeHooks": [],
      "afterHooks": [],
      "tests": [],
      "suites": [
        {
          "uuid": "9239a1cf-edfb-4a57-a28e-a9f7ca06f365",
          "title": "Fluxo remoção de vários contatos",
          "fullFile": "",
          "file": "",
          "beforeHooks": [],
          "afterHooks": [],
          "tests": [],
          "suites": [
            {
              "uuid": "f967d651-6617-4beb-8dc3-17b583f4d577",
              "title": "Dado que foram criados vários contatos",
              "fullFile": "",
              "file": "",
              "beforeHooks": [],
              "afterHooks": [],
              "tests": [
                {
                  "title": "Quando removo o contato Delcio Moura com número 84-99999-9999 e descrição Nome é obrigatório",
                  "fullTitle": "Fluxo remoção de vários contatos Dado que foram criados vários contatos Quando removo o contato Delcio Moura com número 84-99999-9999 e descrição Nome é obrigatório",
                  "timedOut": null,
                  "duration": 4635,
                  "state": "passed",
                  "speed": "fast",
                  "pass": true,
                  "fail": false,
                  "pending": false,
                  "context": "\"assets/screenshots/contacts/contacts_array_spec.js/Quando removo o contato Delcio Moura com número 84-99999-9999 e descrição Nome é obrigatório -- after each hook.png\"",
                  "code": "cy.visitDashboard();\ncy.removeContact(contact.number);",
                  "err": {},
                  "uuid": "b85a7ab9-346f-4eca-b244-ea1029a400e2",
                  "parentUUID": "f967d651-6617-4beb-8dc3-17b583f4d577",
                  "isHook": false,
                  "skipped": false
                },
                {
                  "title": "Quando removo o contato Silvio Domingos com número 11-98554-9999 e descrição Assunto é obrigatório",
                  "fullTitle": "Fluxo remoção de vários contatos Dado que foram criados vários contatos Quando removo o contato Silvio Domingos com número 11-98554-9999 e descrição Assunto é obrigatório",
                  "timedOut": null,
                  "duration": 655,
                  "state": "passed",
                  "speed": "fast",
                  "pass": true,
                  "fail": false,
                  "pending": false,
                  "context": "\"assets/screenshots/contacts/contacts_array_spec.js/Quando removo o contato Silvio Domingos com número 11-98554-9999 e descrição Assunto é obrigatório -- after each hook.png\"",
                  "code": "cy.visitDashboard();\ncy.removeContact(contact.number);",
                  "err": {},
                  "uuid": "5ba6dc4b-5bc1-4a15-b871-785be5ffc529",
                  "parentUUID": "f967d651-6617-4beb-8dc3-17b583f4d577",
                  "isHook": false,
                  "skipped": false
                },
                {
                  "title": "Quando removo o contato Shel Wilkerson com número 73-9675-9999 e descrição Humilde QA",
                  "fullTitle": "Fluxo remoção de vários contatos Dado que foram criados vários contatos Quando removo o contato Shel Wilkerson com número 73-9675-9999 e descrição Humilde QA",
                  "timedOut": null,
                  "duration": 462,
                  "state": "passed",
                  "speed": "fast",
                  "pass": true,
                  "fail": false,
                  "pending": false,
                  "context": "\"assets/screenshots/contacts/contacts_array_spec.js/Quando removo o contato Shel Wilkerson com número 73-9675-9999 e descrição Humilde QA -- after each hook.png\"",
                  "code": "cy.visitDashboard();\ncy.removeContact(contact.number);",
                  "err": {},
                  "uuid": "9b545854-f40b-42bb-bd93-5126a16e8533",
                  "parentUUID": "f967d651-6617-4beb-8dc3-17b583f4d577",
                  "isHook": false,
                  "skipped": false
                },
                {
                  "title": "Quando removo o contato Ana Paula com número 81-95447-9999 e descrição Whatsapp é obrigatório",
                  "fullTitle": "Fluxo remoção de vários contatos Dado que foram criados vários contatos Quando removo o contato Ana Paula com número 81-95447-9999 e descrição Whatsapp é obrigatório",
                  "timedOut": null,
                  "duration": 494,
                  "state": "passed",
                  "speed": "fast",
                  "pass": true,
                  "fail": false,
                  "pending": false,
                  "context": "\"assets/screenshots/contacts/contacts_array_spec.js/Quando removo o contato Ana Paula com número 81-95447-9999 e descrição Whatsapp é obrigatório -- after each hook.png\"",
                  "code": "cy.visitDashboard();\ncy.removeContact(contact.number);",
                  "err": {},
                  "uuid": "4bf5fd51-6d73-48dd-9267-72dbfbee5eb5",
                  "parentUUID": "f967d651-6617-4beb-8dc3-17b583f4d577",
                  "isHook": false,
                  "skipped": false
                },
                {
                  "title": "Quando removo o contato Filipe Isaac com número 13-91234-9999 e descrição Coordenador do PagSeguro",
                  "fullTitle": "Fluxo remoção de vários contatos Dado que foram criados vários contatos Quando removo o contato Filipe Isaac com número 13-91234-9999 e descrição Coordenador do PagSeguro",
                  "timedOut": null,
                  "duration": 688,
                  "state": "passed",
                  "speed": "fast",
                  "pass": true,
                  "fail": false,
                  "pending": false,
                  "context": "\"assets/screenshots/contacts/contacts_array_spec.js/Quando removo o contato Filipe Isaac com número 13-91234-9999 e descrição Coordenador do PagSeguro -- after each hook.png\"",
                  "code": "cy.visitDashboard();\ncy.removeContact(contact.number);",
                  "err": {},
                  "uuid": "56e74744-66b0-4368-ac76-e3317c7a8169",
                  "parentUUID": "f967d651-6617-4beb-8dc3-17b583f4d577",
                  "isHook": false,
                  "skipped": false
                },
                {
                  "title": "Então todos os contatos serão removidos e não devem ser exibidos no dashboard",
                  "fullTitle": "Fluxo remoção de vários contatos Dado que foram criados vários contatos Então todos os contatos serão removidos e não devem ser exibidos no dashboard",
                  "timedOut": null,
                  "duration": 82,
                  "state": "passed",
                  "speed": "fast",
                  "pass": true,
                  "fail": false,
                  "pending": false,
                  "context": "\"assets/screenshots/contacts/contacts_array_spec.js/Então todos os contatos serão removidos e não devem ser exibidos no dashboard -- after each hook.png\"",
                  "code": "cy.validateIfContactWasNotFound(_array.contacts);",
                  "err": {},
                  "uuid": "20594241-f6ef-4b55-bf50-f7da7f09cd86",
                  "parentUUID": "f967d651-6617-4beb-8dc3-17b583f4d577",
                  "isHook": false,
                  "skipped": false
                }
              ],
              "suites": [],
              "passes": [
                "b85a7ab9-346f-4eca-b244-ea1029a400e2",
                "5ba6dc4b-5bc1-4a15-b871-785be5ffc529",
                "9b545854-f40b-42bb-bd93-5126a16e8533",
                "4bf5fd51-6d73-48dd-9267-72dbfbee5eb5",
                "56e74744-66b0-4368-ac76-e3317c7a8169",
                "20594241-f6ef-4b55-bf50-f7da7f09cd86"
              ],
              "failures": [],
              "pending": [],
              "skipped": [],
              "duration": 7016,
              "root": false,
              "rootEmpty": false,
              "_timeout": 2000
            }
          ],
          "passes": [],
          "failures": [],
          "pending": [],
          "skipped": [],
          "duration": 0,
          "root": false,
          "rootEmpty": false,
          "_timeout": 2000
        }
      ],
      "passes": [],
      "failures": [],
      "pending": [],
      "skipped": [],
      "duration": 0,
      "root": true,
      "rootEmpty": true,
      "_timeout": 2000
    }
  ],
  "meta": {
    "mocha": {
      "version": "7.0.1"
    },
    "mochawesome": {
      "options": {
        "quiet": false,
        "reportFilename": "mochawesome",
        "saveHtml": false,
        "saveJson": true,
        "consoleReporter": "spec",
        "useInlineDiffs": false,
        "code": true
      },
      "version": "6.1.1"
    },
    "marge": {
      "options": {
        "reportDir": "mochawesome-report",
        "overwrite": true,
        "html": false,
        "json": true,
        "timestamp": "mmddyyyy_hhmmss"
      },
      "version": "5.2.0"
    }
  }
}