{
  "stats": {
    "suites": 2,
    "tests": 5,
    "passes": 5,
    "pending": 0,
    "failures": 0,
    "start": "2025-07-29T10:46:23.035Z",
    "end": "2025-07-29T10:46:27.690Z",
    "duration": 4655,
    "testsRegistered": 5,
    "passPercent": 100,
    "pendingPercent": 0,
    "other": 0,
    "hasOther": false,
    "skipped": 0,
    "hasSkipped": false
  },
  "results": [
    {
      "uuid": "8a08a509-1e42-4a88-b2ff-78c72b22af6a",
      "title": "",
      "fullFile": "cypress/e2e/contacts/contact_search.cy.js",
      "file": "cypress/e2e/contacts/contact_search.cy.js",
      "beforeHooks": [],
      "afterHooks": [],
      "tests": [],
      "suites": [
        {
          "uuid": "a94f233f-4a9a-4029-b996-b7337d53cb4b",
          "title": "contact search",
          "fullFile": "",
          "file": "",
          "beforeHooks": [],
          "afterHooks": [],
          "tests": [],
          "suites": [
            {
              "uuid": "df04ac21-c3a4-4ddd-8673-e195008abf13",
              "title": "Perform contact search",
              "fullFile": "",
              "file": "",
              "beforeHooks": [],
              "afterHooks": [],
              "tests": [
                {
                  "title": "Given that I have the following contact Oreste Silva",
                  "fullTitle": "contact search Perform contact search Given that I have the following contact Oreste Silva",
                  "timedOut": null,
                  "duration": 1470,
                  "state": "passed",
                  "speed": "fast",
                  "pass": true,
                  "fail": false,
                  "pending": false,
                  "context": "\"assets/screenshots/contact_search.cy.js/Given that I have the following contact Oreste Silva -- after each hook.png\"",
                  "code": "cy.requestCreateUserAndLogin(_payload.user);\ncy.requestCreateContact(_payload.contact);\ncy.saveLocalStorage();",
                  "err": {},
                  "uuid": "08628b27-febc-49aa-b6de-cc02d4a3cd8d",
                  "parentUUID": "df04ac21-c3a4-4ddd-8673-e195008abf13",
                  "isHook": false,
                  "skipped": false
                },
                {
                  "title": "When I search for this contact",
                  "fullTitle": "contact search Perform contact search When I search for this contact",
                  "timedOut": null,
                  "duration": 495,
                  "state": "passed",
                  "speed": "fast",
                  "pass": true,
                  "fail": false,
                  "pending": false,
                  "context": "\"assets/screenshots/contact_search.cy.js/When I search for this contact -- after each hook.png\"",
                  "code": "cy.visitDashboard();\ncy.searchContact(_payload.contact.number);\ncy.validateFinishedLoading();",
                  "err": {},
                  "uuid": "018f3a90-8a01-4a25-b9eb-5c53288937ae",
                  "parentUUID": "df04ac21-c3a4-4ddd-8673-e195008abf13",
                  "isHook": false,
                  "skipped": false
                },
                {
                  "title": "Then only this contact should be displayed on the dashboard",
                  "fullTitle": "contact search Perform contact search Then only this contact should be displayed on the dashboard",
                  "timedOut": null,
                  "duration": 172,
                  "state": "passed",
                  "speed": "fast",
                  "pass": true,
                  "fail": false,
                  "pending": false,
                  "context": "\"assets/screenshots/contact_search.cy.js/Then only this contact should be displayed on the dashboard -- after each hook.png\"",
                  "code": "cy.visitDashboard();\ncy.validationOnlyOneContactDisplayed(_payload.contact);",
                  "err": {},
                  "uuid": "5f2452b8-a315-4360-a594-57abdccbd134",
                  "parentUUID": "df04ac21-c3a4-4ddd-8673-e195008abf13",
                  "isHook": false,
                  "skipped": false
                },
                {
                  "title": "When I search for an unregistered contact",
                  "fullTitle": "contact search Perform contact search When I search for an unregistered contact",
                  "timedOut": null,
                  "duration": 400,
                  "state": "passed",
                  "speed": "fast",
                  "pass": true,
                  "fail": false,
                  "pending": false,
                  "context": "\"assets/screenshots/contact_search.cy.js/When I search for an unregistered contact -- after each hook.png\"",
                  "code": "cy.visitDashboard();\ncy.searchContact(_parameters.default.parameters.contactNotRegistered);",
                  "err": {},
                  "uuid": "52b6e4c2-56cf-4834-9e9e-4ab259c6d212",
                  "parentUUID": "df04ac21-c3a4-4ddd-8673-e195008abf13",
                  "isHook": false,
                  "skipped": false
                },
                {
                  "title": "Then the message \"Contato não encontrato\" must be displayed",
                  "fullTitle": "contact search Perform contact search Then the message \"Contato não encontrato\" must be displayed",
                  "timedOut": null,
                  "duration": 56,
                  "state": "passed",
                  "speed": "fast",
                  "pass": true,
                  "fail": false,
                  "pending": false,
                  "context": "\"assets/screenshots/contact_search.cy.js/Then the message \\\"Contato não encontrato\\\" must be displayed -- after each hook.png\"",
                  "code": "cy.visitDashboard();\ncy.emptyListValidation();",
                  "err": {},
                  "uuid": "07bfbc32-009d-4d81-911f-0e43ed20759a",
                  "parentUUID": "df04ac21-c3a4-4ddd-8673-e195008abf13",
                  "isHook": false,
                  "skipped": false
                }
              ],
              "suites": [],
              "passes": [
                "08628b27-febc-49aa-b6de-cc02d4a3cd8d",
                "018f3a90-8a01-4a25-b9eb-5c53288937ae",
                "5f2452b8-a315-4360-a594-57abdccbd134",
                "52b6e4c2-56cf-4834-9e9e-4ab259c6d212",
                "07bfbc32-009d-4d81-911f-0e43ed20759a"
              ],
              "failures": [],
              "pending": [],
              "skipped": [],
              "duration": 2593,
              "root": false,
              "rootEmpty": false,
              "_timeout": 2000
            }
          ],
          "passes": [],
          "failures": [],
          "pending": [],
          "skipped": [],
          "duration": 0,
          "root": false,
          "rootEmpty": false,
          "_timeout": 2000
        }
      ],
      "passes": [],
      "failures": [],
      "pending": [],
      "skipped": [],
      "duration": 0,
      "root": true,
      "rootEmpty": true,
      "_timeout": 2000
    }
  ],
  "meta": {
    "mocha": {
      "version": "7.2.0"
    },
    "mochawesome": {
      "options": {
        "quiet": false,
        "reportFilename": "mochawesome",
        "saveHtml": false,
        "saveJson": true,
        "consoleReporter": "spec",
        "useInlineDiffs": false,
        "code": true
      },
      "version": "7.1.3"
    },
    "marge": {
      "options": {
        "reportDir": "mochawesome-report",
        "overwrite": true,
        "html": false,
        "json": true,
        "timestamp": "mmddyyyy_hhmmss"
      },
      "version": "6.2.0"
    }
  }
}