{
  "stats": {
    "suites": 2,
    "tests": 6,
    "passes": 6,
    "pending": 0,
    "failures": 0,
    "start": "2025-07-29T10:56:20.996Z",
    "end": "2025-07-29T10:56:31.203Z",
    "duration": 10207,
    "testsRegistered": 6,
    "passPercent": 100,
    "pendingPercent": 0,
    "other": 0,
    "hasOther": false,
    "skipped": 0,
    "hasSkipped": false
  },
  "results": [
    {
      "uuid": "5b71dcf8-09f3-4e79-9923-e2d807cb115c",
      "title": "",
      "fullFile": "cypress/e2e/contacts/session.cy.js",
      "file": "cypress/e2e/contacts/session.cy.js",
      "beforeHooks": [],
      "afterHooks": [],
      "tests": [],
      "suites": [
        {
          "uuid": "4f840980-54f5-4fb6-a659-1b0200e53129",
          "title": "cy session",
          "fullFile": "",
          "file": "",
          "beforeHooks": [],
          "afterHooks": [],
          "tests": [],
          "suites": [
            {
              "uuid": "d0a93ff4-d197-46b0-a881-e0c41f90459e",
              "title": "exemplos de utilização doLogin cy session",
              "fullFile": "",
              "file": "",
              "beforeHooks": [],
              "afterHooks": [],
              "tests": [
                {
                  "title": "Removing a contact",
                  "fullTitle": "cy session exemplos de utilização doLogin cy session Removing a contact",
                  "timedOut": null,
                  "duration": 2885,
                  "state": "passed",
                  "speed": "fast",
                  "pass": true,
                  "fail": false,
                  "pending": false,
                  "context": "\"assets/screenshots/session.cy.js/Removing a contact -- after each hook.png\"",
                  "code": "cy.visitDashboard();\ncy.createContact(_payload.contact);\ncy.removeContact(_payload.contact.number);\ncy.validateIfContactWasNotFound(_payload.contact);\ncy.saveLocalStorage();",
                  "err": {},
                  "uuid": "7ada6d9b-9b62-4a47-9493-20e20b3f8cc0",
                  "parentUUID": "d0a93ff4-d197-46b0-a881-e0c41f90459e",
                  "isHook": false,
                  "skipped": false
                },
                {
                  "title": "Creating a contact with all data",
                  "fullTitle": "cy session exemplos de utilização doLogin cy session Creating a contact with all data",
                  "timedOut": null,
                  "duration": 1871,
                  "state": "passed",
                  "speed": "fast",
                  "pass": true,
                  "fail": false,
                  "pending": false,
                  "context": "\"assets/screenshots/session.cy.js/Creating a contact with all data -- after each hook.png\"",
                  "code": "cy.visitDashboard();\ncy.createContact(_payload.contact);\ncy.validateIfContactIsInList(_payload.contact);\ncy.removeContact(_payload.contact.number);",
                  "err": {},
                  "uuid": "ff4641e7-b662-4701-aadf-f534b209f415",
                  "parentUUID": "d0a93ff4-d197-46b0-a881-e0c41f90459e",
                  "isHook": false,
                  "skipped": false
                },
                {
                  "title": "Creating unnamed contact",
                  "fullTitle": "cy session exemplos de utilização doLogin cy session Creating unnamed contact",
                  "timedOut": null,
                  "duration": 926,
                  "state": "passed",
                  "speed": "fast",
                  "pass": true,
                  "fail": false,
                  "pending": false,
                  "context": "\"assets/screenshots/session.cy.js/Creating unnamed contact -- after each hook.png\"",
                  "code": "const {\n    name\n  } = _payload.contact,\n  contactWithoutName = (0, _objectWithoutProperties2.default)(_payload.contact, _excluded);\ncy.visitDashboard();\ncy.createContact(contactWithoutName);\ncy.expectNoticeName(_parameters.default.message.expectNoticeName);",
                  "err": {},
                  "uuid": "baaa1bbf-7827-46f6-be06-ae33ee80234a",
                  "parentUUID": "d0a93ff4-d197-46b0-a881-e0c41f90459e",
                  "isHook": false,
                  "skipped": false
                },
                {
                  "title": "Creating a contact without a WhatsApp number",
                  "fullTitle": "cy session exemplos de utilização doLogin cy session Creating a contact without a WhatsApp number",
                  "timedOut": null,
                  "duration": 889,
                  "state": "passed",
                  "speed": "fast",
                  "pass": true,
                  "fail": false,
                  "pending": false,
                  "context": "\"assets/screenshots/session.cy.js/Creating a contact without a WhatsApp number -- after each hook.png\"",
                  "code": "const {\n    number\n  } = _payload.contact,\n  contactWithoutPhone = (0, _objectWithoutProperties2.default)(_payload.contact, _excluded2);\ncy.visitDashboard();\ncy.createContact(contactWithoutPhone);\ncy.expectNoticePhone(_parameters.default.message.expectNoticePhone);",
                  "err": {},
                  "uuid": "f0902338-2bc3-46f1-8d25-83da37b9cdd4",
                  "parentUUID": "d0a93ff4-d197-46b0-a881-e0c41f90459e",
                  "isHook": false,
                  "skipped": false
                },
                {
                  "title": "Creating a contact without a subject",
                  "fullTitle": "cy session exemplos de utilização doLogin cy session Creating a contact without a subject",
                  "timedOut": null,
                  "duration": 831,
                  "state": "passed",
                  "speed": "fast",
                  "pass": true,
                  "fail": false,
                  "pending": false,
                  "context": "\"assets/screenshots/session.cy.js/Creating a contact without a subject -- after each hook.png\"",
                  "code": "const {\n    description\n  } = _payload.contact,\n  contactWithoutDescription = (0, _objectWithoutProperties2.default)(_payload.contact, _excluded3);\ncy.visitDashboard();\ncy.createContact(contactWithoutDescription);\ncy.expectNoticeDescription(_parameters.default.message.expectNoticeDescription);",
                  "err": {},
                  "uuid": "de52be0e-9bc1-4aac-adb8-b41d554ff148",
                  "parentUUID": "d0a93ff4-d197-46b0-a881-e0c41f90459e",
                  "isHook": false,
                  "skipped": false
                },
                {
                  "title": "Creating a contact without filling in any information",
                  "fullTitle": "cy session exemplos de utilização doLogin cy session Creating a contact without filling in any information",
                  "timedOut": null,
                  "duration": 216,
                  "state": "passed",
                  "speed": "fast",
                  "pass": true,
                  "fail": false,
                  "pending": false,
                  "context": "\"assets/screenshots/session.cy.js/Creating a contact without filling in any information -- after each hook.png\"",
                  "code": "cy.visitDashboard();\ncy.clickAddNewContactButton();\ncy.clickSaveButton();\ncy.expectNoticeName(_parameters.default.message.expectNoticeName);\ncy.expectNoticePhone(_parameters.default.message.expectNoticePhone);\ncy.expectNoticeDescription(_parameters.default.message.expectNoticeDescription);",
                  "err": {},
                  "uuid": "f9179c96-3dfd-44d7-9bab-de7df6cff220",
                  "parentUUID": "d0a93ff4-d197-46b0-a881-e0c41f90459e",
                  "isHook": false,
                  "skipped": false
                }
              ],
              "suites": [],
              "passes": [
                "7ada6d9b-9b62-4a47-9493-20e20b3f8cc0",
                "ff4641e7-b662-4701-aadf-f534b209f415",
                "baaa1bbf-7827-46f6-be06-ae33ee80234a",
                "f0902338-2bc3-46f1-8d25-83da37b9cdd4",
                "de52be0e-9bc1-4aac-adb8-b41d554ff148",
                "f9179c96-3dfd-44d7-9bab-de7df6cff220"
              ],
              "failures": [],
              "pending": [],
              "skipped": [],
              "duration": 7618,
              "root": false,
              "rootEmpty": false,
              "_timeout": 2000
            }
          ],
          "passes": [],
          "failures": [],
          "pending": [],
          "skipped": [],
          "duration": 0,
          "root": false,
          "rootEmpty": false,
          "_timeout": 2000
        }
      ],
      "passes": [],
      "failures": [],
      "pending": [],
      "skipped": [],
      "duration": 0,
      "root": true,
      "rootEmpty": true,
      "_timeout": 2000
    }
  ],
  "meta": {
    "mocha": {
      "version": "7.2.0"
    },
    "mochawesome": {
      "options": {
        "quiet": false,
        "reportFilename": "mochawesome",
        "saveHtml": false,
        "saveJson": true,
        "consoleReporter": "spec",
        "useInlineDiffs": false,
        "code": true
      },
      "version": "7.1.3"
    },
    "marge": {
      "options": {
        "reportDir": "mochawesome-report",
        "overwrite": true,
        "html": false,
        "json": true,
        "timestamp": "mmddyyyy_hhmmss"
      },
      "version": "6.2.0"
    }
  }
}