{
  "stats": {
    "suites": 3,
    "tests": 10,
    "passes": 10,
    "pending": 0,
    "failures": 0,
    "start": "2025-07-29T10:46:37.997Z",
    "end": "2025-07-29T10:46:46.986Z",
    "duration": 8989,
    "testsRegistered": 10,
    "passPercent": 100,
    "pendingPercent": 0,
    "other": 0,
    "hasOther": false,
    "skipped": 0,
    "hasSkipped": false
  },
  "results": [
    {
      "uuid": "30a7e41a-a7be-459b-8a63-3650d001eb93",
      "title": "",
      "fullFile": "cypress/e2e/contacts/contacts_array_foreach.cy.js",
      "file": "cypress/e2e/contacts/contacts_array_foreach.cy.js",
      "beforeHooks": [],
      "afterHooks": [],
      "tests": [],
      "suites": [
        {
          "uuid": "4d088cca-9c44-48b7-84b1-e12229993867",
          "title": "contacts array foreach",
          "fullFile": "",
          "file": "",
          "beforeHooks": [],
          "afterHooks": [],
          "tests": [],
          "suites": [
            {
              "uuid": "f64b80f3-c8b6-4a18-bcff-b4cd516a9b18",
              "title": "Multiple contact removal flow",
              "fullFile": "",
              "file": "",
              "beforeHooks": [],
              "afterHooks": [],
              "tests": [],
              "suites": [
                {
                  "uuid": "593b7c27-f90d-43e7-a1ed-93ddd8298aa3",
                  "title": "Since several contacts were created",
                  "fullFile": "",
                  "file": "",
                  "beforeHooks": [],
                  "afterHooks": [],
                  "tests": [
                    {
                      "title": "When I remove the contact Henry Rosenbaum with number (84) 96366-1354 and description alias qui quo aut enim",
                      "fullTitle": "contacts array foreach Multiple contact removal flow Since several contacts were created When I remove the contact Henry Rosenbaum with number (84) 96366-1354 and description alias qui quo aut enim",
                      "timedOut": null,
                      "duration": 2579,
                      "state": "passed",
                      "speed": "fast",
                      "pass": true,
                      "fail": false,
                      "pending": false,
                      "context": "\"assets/screenshots/contacts_array_foreach.cy.js/When I remove the contact Henry Rosenbaum with number (84) 96366-1354 and description alias qui quo aut enim -- after each hook.png\"",
                      "code": "cy.visitDashboard();\ncy.removeContact(contact.number);",
                      "err": {},
                      "uuid": "487d526d-4d61-4df1-9f5d-115cc5baf57a",
                      "parentUUID": "593b7c27-f90d-43e7-a1ed-93ddd8298aa3",
                      "isHook": false,
                      "skipped": false
                    },
                    {
                      "title": "Then the contact Henry Rosenbaum with number (84) 96366-1354 should have been removed and should not be displayed on the dashboard",
                      "fullTitle": "contacts array foreach Multiple contact removal flow Since several contacts were created Then the contact Henry Rosenbaum with number (84) 96366-1354 should have been removed and should not be displayed on the dashboard",
                      "timedOut": null,
                      "duration": 202,
                      "state": "passed",
                      "speed": "fast",
                      "pass": true,
                      "fail": false,
                      "pending": false,
                      "context": "\"assets/screenshots/contacts_array_foreach.cy.js/Then the contact Henry Rosenbaum with number (84) 96366-1354 should have been removed and should not be displayed on the dashboard -- after each hook.png\"",
                      "code": "cy.visitDashboard();\ncy.validateFinishedLoading();\ncy.validateIfContactWasNotFound(contact);",
                      "err": {},
                      "uuid": "8c2994ee-9f3e-48af-849d-f5a7e2eaf04f",
                      "parentUUID": "593b7c27-f90d-43e7-a1ed-93ddd8298aa3",
                      "isHook": false,
                      "skipped": false
                    },
                    {
                      "title": "When I remove the contact Linda Anderson with number (84) 92878-8606 and description non est",
                      "fullTitle": "contacts array foreach Multiple contact removal flow Since several contacts were created When I remove the contact Linda Anderson with number (84) 92878-8606 and description non est",
                      "timedOut": null,
                      "duration": 299,
                      "state": "passed",
                      "speed": "fast",
                      "pass": true,
                      "fail": false,
                      "pending": false,
                      "context": "\"assets/screenshots/contacts_array_foreach.cy.js/When I remove the contact Linda Anderson with number (84) 92878-8606 and description non est -- after each hook.png\"",
                      "code": "cy.visitDashboard();\ncy.removeContact(contact.number);",
                      "err": {},
                      "uuid": "694a8cf1-6e6c-4730-96b5-cca142cc154a",
                      "parentUUID": "593b7c27-f90d-43e7-a1ed-93ddd8298aa3",
                      "isHook": false,
                      "skipped": false
                    },
                    {
                      "title": "Then the contact Linda Anderson with number (84) 92878-8606 should have been removed and should not be displayed on the dashboard",
                      "fullTitle": "contacts array foreach Multiple contact removal flow Since several contacts were created Then the contact Linda Anderson with number (84) 92878-8606 should have been removed and should not be displayed on the dashboard",
                      "timedOut": null,
                      "duration": 175,
                      "state": "passed",
                      "speed": "fast",
                      "pass": true,
                      "fail": false,
                      "pending": false,
                      "context": "\"assets/screenshots/contacts_array_foreach.cy.js/Then the contact Linda Anderson with number (84) 92878-8606 should have been removed and should not be displayed on the dashboard -- after each hook.png\"",
                      "code": "cy.visitDashboard();\ncy.validateFinishedLoading();\ncy.validateIfContactWasNotFound(contact);",
                      "err": {},
                      "uuid": "97019687-9b6c-44ba-bce8-c7ce50681a47",
                      "parentUUID": "593b7c27-f90d-43e7-a1ed-93ddd8298aa3",
                      "isHook": false,
                      "skipped": false
                    },
                    {
                      "title": "When I remove the contact Parker Schimmel with number (84) 98853-1245 and description eaque consequatur sit nisi",
                      "fullTitle": "contacts array foreach Multiple contact removal flow Since several contacts were created When I remove the contact Parker Schimmel with number (84) 98853-1245 and description eaque consequatur sit nisi",
                      "timedOut": null,
                      "duration": 293,
                      "state": "passed",
                      "speed": "fast",
                      "pass": true,
                      "fail": false,
                      "pending": false,
                      "context": "\"assets/screenshots/contacts_array_foreach.cy.js/When I remove the contact Parker Schimmel with number (84) 98853-1245 and description eaque consequatur sit nisi -- after each hook.png\"",
                      "code": "cy.visitDashboard();\ncy.removeContact(contact.number);",
                      "err": {},
                      "uuid": "4de6d6fd-7e64-4fff-b742-3268a90a3589",
                      "parentUUID": "593b7c27-f90d-43e7-a1ed-93ddd8298aa3",
                      "isHook": false,
                      "skipped": false
                    },
                    {
                      "title": "Then the contact Parker Schimmel with number (84) 98853-1245 should have been removed and should not be displayed on the dashboard",
                      "fullTitle": "contacts array foreach Multiple contact removal flow Since several contacts were created Then the contact Parker Schimmel with number (84) 98853-1245 should have been removed and should not be displayed on the dashboard",
                      "timedOut": null,
                      "duration": 210,
                      "state": "passed",
                      "speed": "fast",
                      "pass": true,
                      "fail": false,
                      "pending": false,
                      "context": "\"assets/screenshots/contacts_array_foreach.cy.js/Then the contact Parker Schimmel with number (84) 98853-1245 should have been removed and should not be displayed on the dashboard -- after each hook.png\"",
                      "code": "cy.visitDashboard();\ncy.validateFinishedLoading();\ncy.validateIfContactWasNotFound(contact);",
                      "err": {},
                      "uuid": "b034c705-6161-4944-bce6-d7953723cd9c",
                      "parentUUID": "593b7c27-f90d-43e7-a1ed-93ddd8298aa3",
                      "isHook": false,
                      "skipped": false
                    },
                    {
                      "title": "When I remove the contact Alexandre Mitchell with number (84) 93046-6140 and description suscipit at deleniti",
                      "fullTitle": "contacts array foreach Multiple contact removal flow Since several contacts were created When I remove the contact Alexandre Mitchell with number (84) 93046-6140 and description suscipit at deleniti",
                      "timedOut": null,
                      "duration": 299,
                      "state": "passed",
                      "speed": "fast",
                      "pass": true,
                      "fail": false,
                      "pending": false,
                      "context": "\"assets/screenshots/contacts_array_foreach.cy.js/When I remove the contact Alexandre Mitchell with number (84) 93046-6140 and description suscipit at deleniti -- after each hook.png\"",
                      "code": "cy.visitDashboard();\ncy.removeContact(contact.number);",
                      "err": {},
                      "uuid": "fffe4404-5a5f-44a8-809a-1050ff379fef",
                      "parentUUID": "593b7c27-f90d-43e7-a1ed-93ddd8298aa3",
                      "isHook": false,
                      "skipped": false
                    },
                    {
                      "title": "Then the contact Alexandre Mitchell with number (84) 93046-6140 should have been removed and should not be displayed on the dashboard",
                      "fullTitle": "contacts array foreach Multiple contact removal flow Since several contacts were created Then the contact Alexandre Mitchell with number (84) 93046-6140 should have been removed and should not be displayed on the dashboard",
                      "timedOut": null,
                      "duration": 173,
                      "state": "passed",
                      "speed": "fast",
                      "pass": true,
                      "fail": false,
                      "pending": false,
                      "context": "\"assets/screenshots/contacts_array_foreach.cy.js/Then the contact Alexandre Mitchell with number (84) 93046-6140 should have been removed and should not be displayed on the dashboard -- after each hook.png\"",
                      "code": "cy.visitDashboard();\ncy.validateFinishedLoading();\ncy.validateIfContactWasNotFound(contact);",
                      "err": {},
                      "uuid": "808bdca1-c327-4ae6-8e9f-7dc2299e0d6a",
                      "parentUUID": "593b7c27-f90d-43e7-a1ed-93ddd8298aa3",
                      "isHook": false,
                      "skipped": false
                    },
                    {
                      "title": "When I remove the contact Susanna Raynor with number (84) 97614-6842 and description exercitationem",
                      "fullTitle": "contacts array foreach Multiple contact removal flow Since several contacts were created When I remove the contact Susanna Raynor with number (84) 97614-6842 and description exercitationem",
                      "timedOut": null,
                      "duration": 295,
                      "state": "passed",
                      "speed": "fast",
                      "pass": true,
                      "fail": false,
                      "pending": false,
                      "context": "\"assets/screenshots/contacts_array_foreach.cy.js/When I remove the contact Susanna Raynor with number (84) 97614-6842 and description exercitationem -- after each hook.png\"",
                      "code": "cy.visitDashboard();\ncy.removeContact(contact.number);",
                      "err": {},
                      "uuid": "592d06ca-5c27-4606-adb5-978ce3296a86",
                      "parentUUID": "593b7c27-f90d-43e7-a1ed-93ddd8298aa3",
                      "isHook": false,
                      "skipped": false
                    },
                    {
                      "title": "Then the contact Susanna Raynor with number (84) 97614-6842 should have been removed and should not be displayed on the dashboard",
                      "fullTitle": "contacts array foreach Multiple contact removal flow Since several contacts were created Then the contact Susanna Raynor with number (84) 97614-6842 should have been removed and should not be displayed on the dashboard",
                      "timedOut": null,
                      "duration": 187,
                      "state": "passed",
                      "speed": "fast",
                      "pass": true,
                      "fail": false,
                      "pending": false,
                      "context": "\"assets/screenshots/contacts_array_foreach.cy.js/Then the contact Susanna Raynor with number (84) 97614-6842 should have been removed and should not be displayed on the dashboard -- after each hook.png\"",
                      "code": "cy.visitDashboard();\ncy.validateFinishedLoading();\ncy.validateIfContactWasNotFound(contact);",
                      "err": {},
                      "uuid": "935a80a8-d49c-4a55-8939-aa06179d857e",
                      "parentUUID": "593b7c27-f90d-43e7-a1ed-93ddd8298aa3",
                      "isHook": false,
                      "skipped": false
                    }
                  ],
                  "suites": [],
                  "passes": [
                    "487d526d-4d61-4df1-9f5d-115cc5baf57a",
                    "8c2994ee-9f3e-48af-849d-f5a7e2eaf04f",
                    "694a8cf1-6e6c-4730-96b5-cca142cc154a",
                    "97019687-9b6c-44ba-bce8-c7ce50681a47",
                    "4de6d6fd-7e64-4fff-b742-3268a90a3589",
                    "b034c705-6161-4944-bce6-d7953723cd9c",
                    "fffe4404-5a5f-44a8-809a-1050ff379fef",
                    "808bdca1-c327-4ae6-8e9f-7dc2299e0d6a",
                    "592d06ca-5c27-4606-adb5-978ce3296a86",
                    "935a80a8-d49c-4a55-8939-aa06179d857e"
                  ],
                  "failures": [],
                  "pending": [],
                  "skipped": [],
                  "duration": 4712,
                  "root": false,
                  "rootEmpty": false,
                  "_timeout": 2000
                }
              ],
              "passes": [],
              "failures": [],
              "pending": [],
              "skipped": [],
              "duration": 0,
              "root": false,
              "rootEmpty": false,
              "_timeout": 2000
            }
          ],
          "passes": [],
          "failures": [],
          "pending": [],
          "skipped": [],
          "duration": 0,
          "root": false,
          "rootEmpty": false,
          "_timeout": 2000
        }
      ],
      "passes": [],
      "failures": [],
      "pending": [],
      "skipped": [],
      "duration": 0,
      "root": true,
      "rootEmpty": true,
      "_timeout": 2000
    }
  ],
  "meta": {
    "mocha": {
      "version": "7.2.0"
    },
    "mochawesome": {
      "options": {
        "quiet": false,
        "reportFilename": "mochawesome",
        "saveHtml": false,
        "saveJson": true,
        "consoleReporter": "spec",
        "useInlineDiffs": false,
        "code": true
      },
      "version": "7.1.3"
    },
    "marge": {
      "options": {
        "reportDir": "mochawesome-report",
        "overwrite": true,
        "html": false,
        "json": true,
        "timestamp": "mmddyyyy_hhmmss"
      },
      "version": "6.2.0"
    }
  }
}