{
  "stats": {
    "suites": 3,
    "tests": 10,
    "passes": 10,
    "pending": 0,
    "failures": 0,
    "start": "2025-07-29T10:55:53.755Z",
    "end": "2025-07-29T10:56:02.457Z",
    "duration": 8702,
    "testsRegistered": 10,
    "passPercent": 100,
    "pendingPercent": 0,
    "other": 0,
    "hasOther": false,
    "skipped": 0,
    "hasSkipped": false
  },
  "results": [
    {
      "uuid": "a1c4381f-20eb-4f0c-8dea-732ddbf0a783",
      "title": "",
      "fullFile": "cypress/e2e/contacts/contacts_array_foreach.cy.js",
      "file": "cypress/e2e/contacts/contacts_array_foreach.cy.js",
      "beforeHooks": [],
      "afterHooks": [],
      "tests": [],
      "suites": [
        {
          "uuid": "e0fbe963-4c67-43c8-a9b5-6c5bd313a188",
          "title": "contacts array foreach",
          "fullFile": "",
          "file": "",
          "beforeHooks": [],
          "afterHooks": [],
          "tests": [],
          "suites": [
            {
              "uuid": "9b98f509-684a-4e90-8642-019c22d1251b",
              "title": "Multiple contact removal flow",
              "fullFile": "",
              "file": "",
              "beforeHooks": [],
              "afterHooks": [],
              "tests": [],
              "suites": [
                {
                  "uuid": "f1b34fee-1682-43ed-90df-5cb281ecb649",
                  "title": "Since several contacts were created",
                  "fullFile": "",
                  "file": "",
                  "beforeHooks": [],
                  "afterHooks": [],
                  "tests": [
                    {
                      "title": "When I remove the contact Winston Weber with number (84) 97792-7999 and description perferendis sunt quia sunt aliquid",
                      "fullTitle": "contacts array foreach Multiple contact removal flow Since several contacts were created When I remove the contact Winston Weber with number (84) 97792-7999 and description perferendis sunt quia sunt aliquid",
                      "timedOut": null,
                      "duration": 2365,
                      "state": "passed",
                      "speed": "fast",
                      "pass": true,
                      "fail": false,
                      "pending": false,
                      "context": "\"assets/screenshots/contacts_array_foreach.cy.js/When I remove the contact Winston Weber with number (84) 97792-7999 and description perferendis sunt quia sunt aliquid -- after each hook.png\"",
                      "code": "cy.visitDashboard();\ncy.removeContact(contact.number);",
                      "err": {},
                      "uuid": "6d5edd3e-317f-4ad7-b799-d9a4c3a0f6e2",
                      "parentUUID": "f1b34fee-1682-43ed-90df-5cb281ecb649",
                      "isHook": false,
                      "skipped": false
                    },
                    {
                      "title": "Then the contact Winston Weber with number (84) 97792-7999 should have been removed and should not be displayed on the dashboard",
                      "fullTitle": "contacts array foreach Multiple contact removal flow Since several contacts were created Then the contact Winston Weber with number (84) 97792-7999 should have been removed and should not be displayed on the dashboard",
                      "timedOut": null,
                      "duration": 208,
                      "state": "passed",
                      "speed": "fast",
                      "pass": true,
                      "fail": false,
                      "pending": false,
                      "context": "\"assets/screenshots/contacts_array_foreach.cy.js/Then the contact Winston Weber with number (84) 97792-7999 should have been removed and should not be displayed on the dashboard -- after each hook.png\"",
                      "code": "cy.visitDashboard();\ncy.validateFinishedLoading();\ncy.validateIfContactWasNotFound(contact);",
                      "err": {},
                      "uuid": "6e12cd1e-182c-43f1-88ff-589acb87b2a0",
                      "parentUUID": "f1b34fee-1682-43ed-90df-5cb281ecb649",
                      "isHook": false,
                      "skipped": false
                    },
                    {
                      "title": "When I remove the contact Pearl Walker with number (84) 92267-9400 and description in iste",
                      "fullTitle": "contacts array foreach Multiple contact removal flow Since several contacts were created When I remove the contact Pearl Walker with number (84) 92267-9400 and description in iste",
                      "timedOut": null,
                      "duration": 292,
                      "state": "passed",
                      "speed": "fast",
                      "pass": true,
                      "fail": false,
                      "pending": false,
                      "context": "\"assets/screenshots/contacts_array_foreach.cy.js/When I remove the contact Pearl Walker with number (84) 92267-9400 and description in iste -- after each hook.png\"",
                      "code": "cy.visitDashboard();\ncy.removeContact(contact.number);",
                      "err": {},
                      "uuid": "840a2814-b686-4acd-b6e0-f2bf4ebb768c",
                      "parentUUID": "f1b34fee-1682-43ed-90df-5cb281ecb649",
                      "isHook": false,
                      "skipped": false
                    },
                    {
                      "title": "Then the contact Pearl Walker with number (84) 92267-9400 should have been removed and should not be displayed on the dashboard",
                      "fullTitle": "contacts array foreach Multiple contact removal flow Since several contacts were created Then the contact Pearl Walker with number (84) 92267-9400 should have been removed and should not be displayed on the dashboard",
                      "timedOut": null,
                      "duration": 194,
                      "state": "passed",
                      "speed": "fast",
                      "pass": true,
                      "fail": false,
                      "pending": false,
                      "context": "\"assets/screenshots/contacts_array_foreach.cy.js/Then the contact Pearl Walker with number (84) 92267-9400 should have been removed and should not be displayed on the dashboard -- after each hook.png\"",
                      "code": "cy.visitDashboard();\ncy.validateFinishedLoading();\ncy.validateIfContactWasNotFound(contact);",
                      "err": {},
                      "uuid": "07d54af4-82d3-4583-bedf-e8a834acfc08",
                      "parentUUID": "f1b34fee-1682-43ed-90df-5cb281ecb649",
                      "isHook": false,
                      "skipped": false
                    },
                    {
                      "title": "When I remove the contact Stephan Corkery with number (84) 98777-7672 and description ut quia saepe possimus",
                      "fullTitle": "contacts array foreach Multiple contact removal flow Since several contacts were created When I remove the contact Stephan Corkery with number (84) 98777-7672 and description ut quia saepe possimus",
                      "timedOut": null,
                      "duration": 294,
                      "state": "passed",
                      "speed": "fast",
                      "pass": true,
                      "fail": false,
                      "pending": false,
                      "context": "\"assets/screenshots/contacts_array_foreach.cy.js/When I remove the contact Stephan Corkery with number (84) 98777-7672 and description ut quia saepe possimus -- after each hook.png\"",
                      "code": "cy.visitDashboard();\ncy.removeContact(contact.number);",
                      "err": {},
                      "uuid": "5a7ae273-75b1-43c3-b200-ff1b40e0b2ae",
                      "parentUUID": "f1b34fee-1682-43ed-90df-5cb281ecb649",
                      "isHook": false,
                      "skipped": false
                    },
                    {
                      "title": "Then the contact Stephan Corkery with number (84) 98777-7672 should have been removed and should not be displayed on the dashboard",
                      "fullTitle": "contacts array foreach Multiple contact removal flow Since several contacts were created Then the contact Stephan Corkery with number (84) 98777-7672 should have been removed and should not be displayed on the dashboard",
                      "timedOut": null,
                      "duration": 187,
                      "state": "passed",
                      "speed": "fast",
                      "pass": true,
                      "fail": false,
                      "pending": false,
                      "context": "\"assets/screenshots/contacts_array_foreach.cy.js/Then the contact Stephan Corkery with number (84) 98777-7672 should have been removed and should not be displayed on the dashboard -- after each hook.png\"",
                      "code": "cy.visitDashboard();\ncy.validateFinishedLoading();\ncy.validateIfContactWasNotFound(contact);",
                      "err": {},
                      "uuid": "49b309c7-1e57-4842-8cb8-37ded472cb70",
                      "parentUUID": "f1b34fee-1682-43ed-90df-5cb281ecb649",
                      "isHook": false,
                      "skipped": false
                    },
                    {
                      "title": "When I remove the contact Mercedes Block with number (84) 95818-8111 and description beatae ipsa optio",
                      "fullTitle": "contacts array foreach Multiple contact removal flow Since several contacts were created When I remove the contact Mercedes Block with number (84) 95818-8111 and description beatae ipsa optio",
                      "timedOut": null,
                      "duration": 291,
                      "state": "passed",
                      "speed": "fast",
                      "pass": true,
                      "fail": false,
                      "pending": false,
                      "context": "\"assets/screenshots/contacts_array_foreach.cy.js/When I remove the contact Mercedes Block with number (84) 95818-8111 and description beatae ipsa optio -- after each hook.png\"",
                      "code": "cy.visitDashboard();\ncy.removeContact(contact.number);",
                      "err": {},
                      "uuid": "57a9e759-55bb-4896-8f88-b756bc8f110a",
                      "parentUUID": "f1b34fee-1682-43ed-90df-5cb281ecb649",
                      "isHook": false,
                      "skipped": false
                    },
                    {
                      "title": "Then the contact Mercedes Block with number (84) 95818-8111 should have been removed and should not be displayed on the dashboard",
                      "fullTitle": "contacts array foreach Multiple contact removal flow Since several contacts were created Then the contact Mercedes Block with number (84) 95818-8111 should have been removed and should not be displayed on the dashboard",
                      "timedOut": null,
                      "duration": 175,
                      "state": "passed",
                      "speed": "fast",
                      "pass": true,
                      "fail": false,
                      "pending": false,
                      "context": "\"assets/screenshots/contacts_array_foreach.cy.js/Then the contact Mercedes Block with number (84) 95818-8111 should have been removed and should not be displayed on the dashboard -- after each hook.png\"",
                      "code": "cy.visitDashboard();\ncy.validateFinishedLoading();\ncy.validateIfContactWasNotFound(contact);",
                      "err": {},
                      "uuid": "95e6327c-12ed-4439-8fb2-8ed75ff548b7",
                      "parentUUID": "f1b34fee-1682-43ed-90df-5cb281ecb649",
                      "isHook": false,
                      "skipped": false
                    },
                    {
                      "title": "When I remove the contact Arlene Will with number (84) 99148-5948 and description non",
                      "fullTitle": "contacts array foreach Multiple contact removal flow Since several contacts were created When I remove the contact Arlene Will with number (84) 99148-5948 and description non",
                      "timedOut": null,
                      "duration": 293,
                      "state": "passed",
                      "speed": "fast",
                      "pass": true,
                      "fail": false,
                      "pending": false,
                      "context": "\"assets/screenshots/contacts_array_foreach.cy.js/When I remove the contact Arlene Will with number (84) 99148-5948 and description non -- after each hook.png\"",
                      "code": "cy.visitDashboard();\ncy.removeContact(contact.number);",
                      "err": {},
                      "uuid": "4f02bbb6-20ba-4b44-81e6-fb0e8cf9b824",
                      "parentUUID": "f1b34fee-1682-43ed-90df-5cb281ecb649",
                      "isHook": false,
                      "skipped": false
                    },
                    {
                      "title": "Then the contact Arlene Will with number (84) 99148-5948 should have been removed and should not be displayed on the dashboard",
                      "fullTitle": "contacts array foreach Multiple contact removal flow Since several contacts were created Then the contact Arlene Will with number (84) 99148-5948 should have been removed and should not be displayed on the dashboard",
                      "timedOut": null,
                      "duration": 189,
                      "state": "passed",
                      "speed": "fast",
                      "pass": true,
                      "fail": false,
                      "pending": false,
                      "context": "\"assets/screenshots/contacts_array_foreach.cy.js/Then the contact Arlene Will with number (84) 99148-5948 should have been removed and should not be displayed on the dashboard -- after each hook.png\"",
                      "code": "cy.visitDashboard();\ncy.validateFinishedLoading();\ncy.validateIfContactWasNotFound(contact);",
                      "err": {},
                      "uuid": "9675b575-38f6-45fd-beab-0a6cc4d6ca9d",
                      "parentUUID": "f1b34fee-1682-43ed-90df-5cb281ecb649",
                      "isHook": false,
                      "skipped": false
                    }
                  ],
                  "suites": [],
                  "passes": [
                    "6d5edd3e-317f-4ad7-b799-d9a4c3a0f6e2",
                    "6e12cd1e-182c-43f1-88ff-589acb87b2a0",
                    "840a2814-b686-4acd-b6e0-f2bf4ebb768c",
                    "07d54af4-82d3-4583-bedf-e8a834acfc08",
                    "5a7ae273-75b1-43c3-b200-ff1b40e0b2ae",
                    "49b309c7-1e57-4842-8cb8-37ded472cb70",
                    "57a9e759-55bb-4896-8f88-b756bc8f110a",
                    "95e6327c-12ed-4439-8fb2-8ed75ff548b7",
                    "4f02bbb6-20ba-4b44-81e6-fb0e8cf9b824",
                    "9675b575-38f6-45fd-beab-0a6cc4d6ca9d"
                  ],
                  "failures": [],
                  "pending": [],
                  "skipped": [],
                  "duration": 4488,
                  "root": false,
                  "rootEmpty": false,
                  "_timeout": 2000
                }
              ],
              "passes": [],
              "failures": [],
              "pending": [],
              "skipped": [],
              "duration": 0,
              "root": false,
              "rootEmpty": false,
              "_timeout": 2000
            }
          ],
          "passes": [],
          "failures": [],
          "pending": [],
          "skipped": [],
          "duration": 0,
          "root": false,
          "rootEmpty": false,
          "_timeout": 2000
        }
      ],
      "passes": [],
      "failures": [],
      "pending": [],
      "skipped": [],
      "duration": 0,
      "root": true,
      "rootEmpty": true,
      "_timeout": 2000
    }
  ],
  "meta": {
    "mocha": {
      "version": "7.2.0"
    },
    "mochawesome": {
      "options": {
        "quiet": false,
        "reportFilename": "mochawesome",
        "saveHtml": false,
        "saveJson": true,
        "consoleReporter": "spec",
        "useInlineDiffs": false,
        "code": true
      },
      "version": "7.1.3"
    },
    "marge": {
      "options": {
        "reportDir": "mochawesome-report",
        "overwrite": true,
        "html": false,
        "json": true,
        "timestamp": "mmddyyyy_hhmmss"
      },
      "version": "6.2.0"
    }
  }
}