{
  "stats": {
    "suites": 2,
    "tests": 3,
    "passes": 3,
    "pending": 0,
    "failures": 0,
    "start": "2025-07-29T10:45:57.599Z",
    "end": "2025-07-29T10:46:00.767Z",
    "duration": 3168,
    "testsRegistered": 3,
    "passPercent": 100,
    "pendingPercent": 0,
    "other": 0,
    "hasOther": false,
    "skipped": 0,
    "hasSkipped": false
  },
  "results": [
    {
      "uuid": "a0ed2552-247e-45b6-8b1b-af9a495e60ed",
      "title": "",
      "fullFile": "cypress/e2e/contacts/contact_remove.cy.js",
      "file": "cypress/e2e/contacts/contact_remove.cy.js",
      "beforeHooks": [],
      "afterHooks": [],
      "tests": [],
      "suites": [
        {
          "uuid": "81fdf002-3301-4a6f-8563-9d7906f894f3",
          "title": "contact remove",
          "fullFile": "",
          "file": "",
          "beforeHooks": [],
          "afterHooks": [],
          "tests": [],
          "suites": [
            {
              "uuid": "049ec7aa-f100-4342-9985-17ce8283bb5d",
              "title": "Removing a contact",
              "fullFile": "",
              "file": "",
              "beforeHooks": [],
              "afterHooks": [],
              "tests": [
                {
                  "title": "Given that Clélia Melo is the contact that will be deleted",
                  "fullTitle": "contact remove Removing a contact Given that Clélia Melo is the contact that will be deleted",
                  "timedOut": null,
                  "duration": 1437,
                  "state": "passed",
                  "speed": "fast",
                  "pass": true,
                  "fail": false,
                  "pending": false,
                  "context": "\"assets/screenshots/contact_remove.cy.js/Given that Clélia Melo is the contact that will be deleted -- after each hook.png\"",
                  "code": "cy.requestCreateUserAndLogin(_payload.user);\ncy.requestCreateContact(_payload.contact);\ncy.saveLocalStorage();",
                  "err": {},
                  "uuid": "b3a76252-522a-4be1-aae4-d8851c149a59",
                  "parentUUID": "049ec7aa-f100-4342-9985-17ce8283bb5d",
                  "isHook": false,
                  "skipped": false
                },
                {
                  "title": "When I delete this contact",
                  "fullTitle": "contact remove Removing a contact When I delete this contact",
                  "timedOut": null,
                  "duration": 363,
                  "state": "passed",
                  "speed": "fast",
                  "pass": true,
                  "fail": false,
                  "pending": false,
                  "context": "\"assets/screenshots/contact_remove.cy.js/When I delete this contact -- after each hook.png\"",
                  "code": "cy.visitDashboard();\ncy.removeContact(_payload.contact.number);",
                  "err": {},
                  "uuid": "7721c1bf-c0d0-48b0-9e5e-572973e935a0",
                  "parentUUID": "049ec7aa-f100-4342-9985-17ce8283bb5d",
                  "isHook": false,
                  "skipped": false
                },
                {
                  "title": "Then it should not be displayed on the dashboard",
                  "fullTitle": "contact remove Removing a contact Then it should not be displayed on the dashboard",
                  "timedOut": null,
                  "duration": 68,
                  "state": "passed",
                  "speed": "fast",
                  "pass": true,
                  "fail": false,
                  "pending": false,
                  "context": "\"assets/screenshots/contact_remove.cy.js/Then it should not be displayed on the dashboard -- after each hook.png\"",
                  "code": "cy.visitDashboard();\ncy.validateIfContactWasNotFound(_payload.contact);",
                  "err": {},
                  "uuid": "8fba209a-5ae1-48c7-b0cc-571eb2b8aa93",
                  "parentUUID": "049ec7aa-f100-4342-9985-17ce8283bb5d",
                  "isHook": false,
                  "skipped": false
                }
              ],
              "suites": [],
              "passes": [
                "b3a76252-522a-4be1-aae4-d8851c149a59",
                "7721c1bf-c0d0-48b0-9e5e-572973e935a0",
                "8fba209a-5ae1-48c7-b0cc-571eb2b8aa93"
              ],
              "failures": [],
              "pending": [],
              "skipped": [],
              "duration": 1868,
              "root": false,
              "rootEmpty": false,
              "_timeout": 2000
            }
          ],
          "passes": [],
          "failures": [],
          "pending": [],
          "skipped": [],
          "duration": 0,
          "root": false,
          "rootEmpty": false,
          "_timeout": 2000
        }
      ],
      "passes": [],
      "failures": [],
      "pending": [],
      "skipped": [],
      "duration": 0,
      "root": true,
      "rootEmpty": true,
      "_timeout": 2000
    }
  ],
  "meta": {
    "mocha": {
      "version": "7.2.0"
    },
    "mochawesome": {
      "options": {
        "quiet": false,
        "reportFilename": "mochawesome",
        "saveHtml": false,
        "saveJson": true,
        "consoleReporter": "spec",
        "useInlineDiffs": false,
        "code": true
      },
      "version": "7.1.3"
    },
    "marge": {
      "options": {
        "reportDir": "mochawesome-report",
        "overwrite": true,
        "html": false,
        "json": true,
        "timestamp": "mmddyyyy_hhmmss"
      },
      "version": "6.2.0"
    }
  }
}