{
  "stats": {
    "suites": 2,
    "tests": 2,
    "passes": 2,
    "pending": 0,
    "failures": 0,
    "start": "2025-07-29T10:46:31.536Z",
    "end": "2025-07-29T10:46:34.111Z",
    "duration": 2575,
    "testsRegistered": 2,
    "passPercent": 100,
    "pendingPercent": 0,
    "other": 0,
    "hasOther": false,
    "skipped": 0,
    "hasSkipped": false
  },
  "results": [
    {
      "uuid": "30b9cea6-5e70-4507-80af-20234989f5c2",
      "title": "",
      "fullFile": "cypress/e2e/contacts/contact_talk.cy.js",
      "file": "cypress/e2e/contacts/contact_talk.cy.js",
      "beforeHooks": [],
      "afterHooks": [],
      "tests": [],
      "suites": [
        {
          "uuid": "e33b59f3-f617-47ec-8538-4fdbe72a898d",
          "title": "contact talk",
          "fullFile": "",
          "file": "",
          "beforeHooks": [],
          "afterHooks": [],
          "tests": [],
          "suites": [
            {
              "uuid": "484bfde4-c776-4d24-8c90-983490863d40",
              "title": "Start a conversation with a contact",
              "fullFile": "",
              "file": "",
              "beforeHooks": [],
              "afterHooks": [],
              "tests": [
                {
                  "title": "Given that Larissa Franco is the desired contact",
                  "fullTitle": "contact talk Start a conversation with a contact Given that Larissa Franco is the desired contact",
                  "timedOut": null,
                  "duration": 1533,
                  "state": "passed",
                  "speed": "fast",
                  "pass": true,
                  "fail": false,
                  "pending": false,
                  "context": "\"assets/screenshots/contact_talk.cy.js/Given that Larissa Franco is the desired contact -- after each hook.png\"",
                  "code": "cy.requestCreateUserAndLogin(_payload.user);\ncy.requestCreateContact(_payload.contact);\ncy.saveLocalStorage();",
                  "err": {},
                  "uuid": "081e8a7a-16a9-4604-aabb-98b4508b6269",
                  "parentUUID": "484bfde4-c776-4d24-8c90-983490863d40",
                  "isHook": false,
                  "skipped": false
                },
                {
                  "title": "Then should I see the href property with the whatsapp web link",
                  "fullTitle": "contact talk Start a conversation with a contact Then should I see the href property with the whatsapp web link",
                  "timedOut": null,
                  "duration": 217,
                  "state": "passed",
                  "speed": "fast",
                  "pass": true,
                  "fail": false,
                  "pending": false,
                  "context": "\"assets/screenshots/contact_talk.cy.js/Then should I see the href property with the whatsapp web link -- after each hook.png\"",
                  "code": "cy.visitDashboard();\ncy.externalLinkValidation(_payload.contact);",
                  "err": {},
                  "uuid": "f2ab690a-7c9c-4531-9923-b0ad51bf3af6",
                  "parentUUID": "484bfde4-c776-4d24-8c90-983490863d40",
                  "isHook": false,
                  "skipped": false
                }
              ],
              "suites": [],
              "passes": [
                "081e8a7a-16a9-4604-aabb-98b4508b6269",
                "f2ab690a-7c9c-4531-9923-b0ad51bf3af6"
              ],
              "failures": [],
              "pending": [],
              "skipped": [],
              "duration": 1750,
              "root": false,
              "rootEmpty": false,
              "_timeout": 2000
            }
          ],
          "passes": [],
          "failures": [],
          "pending": [],
          "skipped": [],
          "duration": 0,
          "root": false,
          "rootEmpty": false,
          "_timeout": 2000
        }
      ],
      "passes": [],
      "failures": [],
      "pending": [],
      "skipped": [],
      "duration": 0,
      "root": true,
      "rootEmpty": true,
      "_timeout": 2000
    }
  ],
  "meta": {
    "mocha": {
      "version": "7.2.0"
    },
    "mochawesome": {
      "options": {
        "quiet": false,
        "reportFilename": "mochawesome",
        "saveHtml": false,
        "saveJson": true,
        "consoleReporter": "spec",
        "useInlineDiffs": false,
        "code": true
      },
      "version": "7.1.3"
    },
    "marge": {
      "options": {
        "reportDir": "mochawesome-report",
        "overwrite": true,
        "html": false,
        "json": true,
        "timestamp": "mmddyyyy_hhmmss"
      },
      "version": "6.2.0"
    }
  }
}