{
  "stats": {
    "suites": 3,
    "tests": 10,
    "passes": 10,
    "pending": 0,
    "failures": 0,
    "start": "2025-07-29T10:56:06.245Z",
    "end": "2025-07-29T10:56:15.005Z",
    "duration": 8760,
    "testsRegistered": 10,
    "passPercent": 100,
    "pendingPercent": 0,
    "other": 0,
    "hasOther": false,
    "skipped": 0,
    "hasSkipped": false
  },
  "results": [
    {
      "uuid": "e25774ff-14b5-4046-a028-c83ef89d8dd1",
      "title": "",
      "fullFile": "cypress/e2e/contacts/contacts_array_map_spec .cy.js",
      "file": "cypress/e2e/contacts/contacts_array_map_spec .cy.js",
      "beforeHooks": [],
      "afterHooks": [],
      "tests": [],
      "suites": [
        {
          "uuid": "3a9ba710-9e17-4783-a9a4-6d64fe2ca844",
          "title": "contacts array map",
          "fullFile": "",
          "file": "",
          "beforeHooks": [],
          "afterHooks": [],
          "tests": [],
          "suites": [
            {
              "uuid": "a03ebc99-0fdf-4921-bb03-cd6d2ff2cce6",
              "title": "Multiple contact removal flow",
              "fullFile": "",
              "file": "",
              "beforeHooks": [],
              "afterHooks": [],
              "tests": [],
              "suites": [
                {
                  "uuid": "c217e671-6754-427e-a428-48d73ab8dea6",
                  "title": "Since several contacts were created",
                  "fullFile": "",
                  "file": "",
                  "beforeHooks": [],
                  "afterHooks": [],
                  "tests": [
                    {
                      "title": "When I remove the contact Johnny Sawayn with number (84) 90497-7343 and description similique rerum placeat et saepe",
                      "fullTitle": "contacts array map Multiple contact removal flow Since several contacts were created When I remove the contact Johnny Sawayn with number (84) 90497-7343 and description similique rerum placeat et saepe",
                      "timedOut": null,
                      "duration": 2416,
                      "state": "passed",
                      "speed": "fast",
                      "pass": true,
                      "fail": false,
                      "pending": false,
                      "context": "\"assets/screenshots/contacts_array_map_spec .cy.js/When I remove the contact Johnny Sawayn with number (84) 90497-7343 and description similique rerum placeat et saepe -- after each hook.png\"",
                      "code": "cy.visitDashboard();\ncy.removeContact(contact.number);",
                      "err": {},
                      "uuid": "0607f155-1a9f-4909-ba52-529657bcc1db",
                      "parentUUID": "c217e671-6754-427e-a428-48d73ab8dea6",
                      "isHook": false,
                      "skipped": false
                    },
                    {
                      "title": "Then the contact Johnny Sawayn with number (84) 90497-7343 should have been removed and should not be displayed on the dashboard",
                      "fullTitle": "contacts array map Multiple contact removal flow Since several contacts were created Then the contact Johnny Sawayn with number (84) 90497-7343 should have been removed and should not be displayed on the dashboard",
                      "timedOut": null,
                      "duration": 187,
                      "state": "passed",
                      "speed": "fast",
                      "pass": true,
                      "fail": false,
                      "pending": false,
                      "context": "\"assets/screenshots/contacts_array_map_spec .cy.js/Then the contact Johnny Sawayn with number (84) 90497-7343 should have been removed and should not be displayed on the dashboard -- after each hook.png\"",
                      "code": "cy.visitDashboard();\ncy.validateFinishedLoading();\ncy.validateIfContactWasNotFound(contact);",
                      "err": {},
                      "uuid": "3ca2316a-9832-43c0-90dd-1d0bd95b6824",
                      "parentUUID": "c217e671-6754-427e-a428-48d73ab8dea6",
                      "isHook": false,
                      "skipped": false
                    },
                    {
                      "title": "When I remove the contact Terry Kuvalis with number (84) 90605-0707 and description voluptas quia",
                      "fullTitle": "contacts array map Multiple contact removal flow Since several contacts were created When I remove the contact Terry Kuvalis with number (84) 90605-0707 and description voluptas quia",
                      "timedOut": null,
                      "duration": 296,
                      "state": "passed",
                      "speed": "fast",
                      "pass": true,
                      "fail": false,
                      "pending": false,
                      "context": "\"assets/screenshots/contacts_array_map_spec .cy.js/When I remove the contact Terry Kuvalis with number (84) 90605-0707 and description voluptas quia -- after each hook.png\"",
                      "code": "cy.visitDashboard();\ncy.removeContact(contact.number);",
                      "err": {},
                      "uuid": "69a2a721-c05d-445b-8da4-ab8f3e0495ae",
                      "parentUUID": "c217e671-6754-427e-a428-48d73ab8dea6",
                      "isHook": false,
                      "skipped": false
                    },
                    {
                      "title": "Then the contact Terry Kuvalis with number (84) 90605-0707 should have been removed and should not be displayed on the dashboard",
                      "fullTitle": "contacts array map Multiple contact removal flow Since several contacts were created Then the contact Terry Kuvalis with number (84) 90605-0707 should have been removed and should not be displayed on the dashboard",
                      "timedOut": null,
                      "duration": 177,
                      "state": "passed",
                      "speed": "fast",
                      "pass": true,
                      "fail": false,
                      "pending": false,
                      "context": "\"assets/screenshots/contacts_array_map_spec .cy.js/Then the contact Terry Kuvalis with number (84) 90605-0707 should have been removed and should not be displayed on the dashboard -- after each hook.png\"",
                      "code": "cy.visitDashboard();\ncy.validateFinishedLoading();\ncy.validateIfContactWasNotFound(contact);",
                      "err": {},
                      "uuid": "89be5d27-2739-41b5-beac-1b700473dc89",
                      "parentUUID": "c217e671-6754-427e-a428-48d73ab8dea6",
                      "isHook": false,
                      "skipped": false
                    },
                    {
                      "title": "When I remove the contact Fletcher Lindgren with number (84) 99018-5293 and description placeat nemo atque sint",
                      "fullTitle": "contacts array map Multiple contact removal flow Since several contacts were created When I remove the contact Fletcher Lindgren with number (84) 99018-5293 and description placeat nemo atque sint",
                      "timedOut": null,
                      "duration": 293,
                      "state": "passed",
                      "speed": "fast",
                      "pass": true,
                      "fail": false,
                      "pending": false,
                      "context": "\"assets/screenshots/contacts_array_map_spec .cy.js/When I remove the contact Fletcher Lindgren with number (84) 99018-5293 and description placeat nemo atque sint -- after each hook.png\"",
                      "code": "cy.visitDashboard();\ncy.removeContact(contact.number);",
                      "err": {},
                      "uuid": "0169f029-f834-446f-a777-2db057b824e3",
                      "parentUUID": "c217e671-6754-427e-a428-48d73ab8dea6",
                      "isHook": false,
                      "skipped": false
                    },
                    {
                      "title": "Then the contact Fletcher Lindgren with number (84) 99018-5293 should have been removed and should not be displayed on the dashboard",
                      "fullTitle": "contacts array map Multiple contact removal flow Since several contacts were created Then the contact Fletcher Lindgren with number (84) 99018-5293 should have been removed and should not be displayed on the dashboard",
                      "timedOut": null,
                      "duration": 180,
                      "state": "passed",
                      "speed": "fast",
                      "pass": true,
                      "fail": false,
                      "pending": false,
                      "context": "\"assets/screenshots/contacts_array_map_spec .cy.js/Then the contact Fletcher Lindgren with number (84) 99018-5293 should have been removed and should not be displayed on the dashboard -- after each hook.png\"",
                      "code": "cy.visitDashboard();\ncy.validateFinishedLoading();\ncy.validateIfContactWasNotFound(contact);",
                      "err": {},
                      "uuid": "65f40d88-3047-49ad-8351-54a41475f29c",
                      "parentUUID": "c217e671-6754-427e-a428-48d73ab8dea6",
                      "isHook": false,
                      "skipped": false
                    },
                    {
                      "title": "When I remove the contact Mitchel Lubowitz with number (84) 97406-4587 and description fugit atque deserunt",
                      "fullTitle": "contacts array map Multiple contact removal flow Since several contacts were created When I remove the contact Mitchel Lubowitz with number (84) 97406-4587 and description fugit atque deserunt",
                      "timedOut": null,
                      "duration": 294,
                      "state": "passed",
                      "speed": "fast",
                      "pass": true,
                      "fail": false,
                      "pending": false,
                      "context": "\"assets/screenshots/contacts_array_map_spec .cy.js/When I remove the contact Mitchel Lubowitz with number (84) 97406-4587 and description fugit atque deserunt -- after each hook.png\"",
                      "code": "cy.visitDashboard();\ncy.removeContact(contact.number);",
                      "err": {},
                      "uuid": "4841a459-f5ae-4154-95e9-faf0568da927",
                      "parentUUID": "c217e671-6754-427e-a428-48d73ab8dea6",
                      "isHook": false,
                      "skipped": false
                    },
                    {
                      "title": "Then the contact Mitchel Lubowitz with number (84) 97406-4587 should have been removed and should not be displayed on the dashboard",
                      "fullTitle": "contacts array map Multiple contact removal flow Since several contacts were created Then the contact Mitchel Lubowitz with number (84) 97406-4587 should have been removed and should not be displayed on the dashboard",
                      "timedOut": null,
                      "duration": 175,
                      "state": "passed",
                      "speed": "fast",
                      "pass": true,
                      "fail": false,
                      "pending": false,
                      "context": "\"assets/screenshots/contacts_array_map_spec .cy.js/Then the contact Mitchel Lubowitz with number (84) 97406-4587 should have been removed and should not be displayed on the dashboard -- after each hook.png\"",
                      "code": "cy.visitDashboard();\ncy.validateFinishedLoading();\ncy.validateIfContactWasNotFound(contact);",
                      "err": {},
                      "uuid": "3c56c1c6-c66c-4451-987c-1d4db4da7039",
                      "parentUUID": "c217e671-6754-427e-a428-48d73ab8dea6",
                      "isHook": false,
                      "skipped": false
                    },
                    {
                      "title": "When I remove the contact Kira Friesen with number (84) 90672-0051 and description labore",
                      "fullTitle": "contacts array map Multiple contact removal flow Since several contacts were created When I remove the contact Kira Friesen with number (84) 90672-0051 and description labore",
                      "timedOut": null,
                      "duration": 286,
                      "state": "passed",
                      "speed": "fast",
                      "pass": true,
                      "fail": false,
                      "pending": false,
                      "context": "\"assets/screenshots/contacts_array_map_spec .cy.js/When I remove the contact Kira Friesen with number (84) 90672-0051 and description labore -- after each hook.png\"",
                      "code": "cy.visitDashboard();\ncy.removeContact(contact.number);",
                      "err": {},
                      "uuid": "1ed60ea5-f321-4ae4-abe1-4211c4eada5a",
                      "parentUUID": "c217e671-6754-427e-a428-48d73ab8dea6",
                      "isHook": false,
                      "skipped": false
                    },
                    {
                      "title": "Then the contact Kira Friesen with number (84) 90672-0051 should have been removed and should not be displayed on the dashboard",
                      "fullTitle": "contacts array map Multiple contact removal flow Since several contacts were created Then the contact Kira Friesen with number (84) 90672-0051 should have been removed and should not be displayed on the dashboard",
                      "timedOut": null,
                      "duration": 204,
                      "state": "passed",
                      "speed": "fast",
                      "pass": true,
                      "fail": false,
                      "pending": false,
                      "context": "\"assets/screenshots/contacts_array_map_spec .cy.js/Then the contact Kira Friesen with number (84) 90672-0051 should have been removed and should not be displayed on the dashboard -- after each hook.png\"",
                      "code": "cy.visitDashboard();\ncy.validateFinishedLoading();\ncy.validateIfContactWasNotFound(contact);",
                      "err": {},
                      "uuid": "82972d8b-2a55-4bdb-93a6-5d95c76798c3",
                      "parentUUID": "c217e671-6754-427e-a428-48d73ab8dea6",
                      "isHook": false,
                      "skipped": false
                    }
                  ],
                  "suites": [],
                  "passes": [
                    "0607f155-1a9f-4909-ba52-529657bcc1db",
                    "3ca2316a-9832-43c0-90dd-1d0bd95b6824",
                    "69a2a721-c05d-445b-8da4-ab8f3e0495ae",
                    "89be5d27-2739-41b5-beac-1b700473dc89",
                    "0169f029-f834-446f-a777-2db057b824e3",
                    "65f40d88-3047-49ad-8351-54a41475f29c",
                    "4841a459-f5ae-4154-95e9-faf0568da927",
                    "3c56c1c6-c66c-4451-987c-1d4db4da7039",
                    "1ed60ea5-f321-4ae4-abe1-4211c4eada5a",
                    "82972d8b-2a55-4bdb-93a6-5d95c76798c3"
                  ],
                  "failures": [],
                  "pending": [],
                  "skipped": [],
                  "duration": 4508,
                  "root": false,
                  "rootEmpty": false,
                  "_timeout": 2000
                }
              ],
              "passes": [],
              "failures": [],
              "pending": [],
              "skipped": [],
              "duration": 0,
              "root": false,
              "rootEmpty": false,
              "_timeout": 2000
            }
          ],
          "passes": [],
          "failures": [],
          "pending": [],
          "skipped": [],
          "duration": 0,
          "root": false,
          "rootEmpty": false,
          "_timeout": 2000
        }
      ],
      "passes": [],
      "failures": [],
      "pending": [],
      "skipped": [],
      "duration": 0,
      "root": true,
      "rootEmpty": true,
      "_timeout": 2000
    }
  ],
  "meta": {
    "mocha": {
      "version": "7.2.0"
    },
    "mochawesome": {
      "options": {
        "quiet": false,
        "reportFilename": "mochawesome",
        "saveHtml": false,
        "saveJson": true,
        "consoleReporter": "spec",
        "useInlineDiffs": false,
        "code": true
      },
      "version": "7.1.3"
    },
    "marge": {
      "options": {
        "reportDir": "mochawesome-report",
        "overwrite": true,
        "html": false,
        "json": true,
        "timestamp": "mmddyyyy_hhmmss"
      },
      "version": "6.2.0"
    }
  }
}