{
  "stats": {
    "suites": 6,
    "tests": 4,
    "passes": 4,
    "pending": 0,
    "failures": 0,
    "start": "2025-07-29T10:45:47.538Z",
    "end": "2025-07-29T10:45:53.415Z",
    "duration": 5877,
    "testsRegistered": 4,
    "passPercent": 100,
    "pendingPercent": 0,
    "other": 0,
    "hasOther": false,
    "skipped": 0,
    "hasSkipped": false
  },
  "results": [
    {
      "uuid": "3a317d22-72a1-427a-ba3b-ade024dd415f",
      "title": "",
      "fullFile": "cypress/e2e/login/login.cy.js",
      "file": "cypress/e2e/login/login.cy.js",
      "beforeHooks": [],
      "afterHooks": [],
      "tests": [],
      "suites": [
        {
          "uuid": "b7a1c4aa-8fc5-43de-865a-5b4f31ec943a",
          "title": "login",
          "fullFile": "",
          "file": "",
          "beforeHooks": [],
          "afterHooks": [],
          "tests": [],
          "suites": [
            {
              "uuid": "e3365545-c5ba-4d7d-b215-57cb51d470f6",
              "title": "Login",
              "fullFile": "",
              "file": "",
              "beforeHooks": [],
              "afterHooks": [],
              "tests": [],
              "suites": [
                {
                  "uuid": "ec0d7d95-69b4-4e20-85c8-e500c5e1f9b9",
                  "title": "Given that I submit valid credentials",
                  "fullFile": "",
                  "file": "",
                  "beforeHooks": [],
                  "afterHooks": [],
                  "tests": [
                    {
                      "title": "Then the user should be directed to the logged in area",
                      "fullTitle": "login Login Given that I submit valid credentials Then the user should be directed to the logged in area",
                      "timedOut": null,
                      "duration": 1366,
                      "state": "passed",
                      "speed": "fast",
                      "pass": true,
                      "fail": false,
                      "pending": false,
                      "context": "\"assets/screenshots/login.cy.js/Then the user should be directed to the logged in area -- after each hook.png\"",
                      "code": "cy.dashboardValidation();",
                      "err": {},
                      "uuid": "dc617088-97cb-49a4-861d-b3c79695ab11",
                      "parentUUID": "ec0d7d95-69b4-4e20-85c8-e500c5e1f9b9",
                      "isHook": false,
                      "skipped": false
                    }
                  ],
                  "suites": [],
                  "passes": [
                    "dc617088-97cb-49a4-861d-b3c79695ab11"
                  ],
                  "failures": [],
                  "pending": [],
                  "skipped": [],
                  "duration": 1366,
                  "root": false,
                  "rootEmpty": false,
                  "_timeout": 2000
                },
                {
                  "uuid": "98321421-3b65-47dd-8a18-67eaabf432aa",
                  "title": "When I submit an incorrect password",
                  "fullFile": "",
                  "file": "",
                  "beforeHooks": [],
                  "afterHooks": [],
                  "tests": [
                    {
                      "title": "Then the notification \"Email e/ou senha incorreto\" must be displayed",
                      "fullTitle": "login Login When I submit an incorrect password Then the notification \"Email e/ou senha incorreto\" must be displayed",
                      "timedOut": null,
                      "duration": 883,
                      "state": "passed",
                      "speed": "fast",
                      "pass": true,
                      "fail": false,
                      "pending": false,
                      "context": "\"assets/screenshots/login.cy.js/Then the notification \\\"Email e/ou senha incorreto\\\" must be displayed -- after each hook.png\"",
                      "code": "cy.loginAlert(_parameters.default.message.expectMessage).should(\"be.visible\");",
                      "err": {},
                      "uuid": "9cf41217-4b91-4367-a2e6-f1794008f1ee",
                      "parentUUID": "98321421-3b65-47dd-8a18-67eaabf432aa",
                      "isHook": false,
                      "skipped": false
                    }
                  ],
                  "suites": [],
                  "passes": [
                    "9cf41217-4b91-4367-a2e6-f1794008f1ee"
                  ],
                  "failures": [],
                  "pending": [],
                  "skipped": [],
                  "duration": 883,
                  "root": false,
                  "rootEmpty": false,
                  "_timeout": 2000
                },
                {
                  "uuid": "a4e67b54-f44f-4f4d-be63-f7d6afa2e7e9",
                  "title": "When I don't provide the email",
                  "fullFile": "",
                  "file": "",
                  "beforeHooks": [],
                  "afterHooks": [],
                  "tests": [
                    {
                      "title": "Then the notification \"Oops. por favor informe seu e-mail\" must be displayed",
                      "fullTitle": "login Login When I don't provide the email Then the notification \"Oops. por favor informe seu e-mail\" must be displayed",
                      "timedOut": null,
                      "duration": 358,
                      "state": "passed",
                      "speed": "fast",
                      "pass": true,
                      "fail": false,
                      "pending": false,
                      "context": "\"assets/screenshots/login.cy.js/Then the notification \\\"Oops. por favor informe seu e-mail\\\" must be displayed -- after each hook.png\"",
                      "code": "cy.loginAlert(_parameters.default.message.expectMessageEmail).should(\"be.visible\");",
                      "err": {},
                      "uuid": "40d18f40-7ea5-48e8-8107-9abce3a7112e",
                      "parentUUID": "a4e67b54-f44f-4f4d-be63-f7d6afa2e7e9",
                      "isHook": false,
                      "skipped": false
                    }
                  ],
                  "suites": [],
                  "passes": [
                    "40d18f40-7ea5-48e8-8107-9abce3a7112e"
                  ],
                  "failures": [],
                  "pending": [],
                  "skipped": [],
                  "duration": 358,
                  "root": false,
                  "rootEmpty": false,
                  "_timeout": 2000
                },
                {
                  "uuid": "09628b1e-59d2-4072-804e-033ec2b7a83c",
                  "title": "When I don't enter the password",
                  "fullFile": "",
                  "file": "",
                  "beforeHooks": [],
                  "afterHooks": [],
                  "tests": [
                    {
                      "title": "Then the notification \"Oops. por favor informe sua senha\" must be displayed",
                      "fullTitle": "login Login When I don't enter the password Then the notification \"Oops. por favor informe sua senha\" must be displayed",
                      "timedOut": null,
                      "duration": 595,
                      "state": "passed",
                      "speed": "fast",
                      "pass": true,
                      "fail": false,
                      "pending": false,
                      "context": "\"assets/screenshots/login.cy.js/Then the notification \\\"Oops. por favor informe sua senha\\\" must be displayed -- after each hook.png\"",
                      "code": "cy.loginAlert(_parameters.default.message.expectMessagePassword).should(\"be.visible\");",
                      "err": {},
                      "uuid": "79bb9bff-b5ce-4789-b976-a98ef633694d",
                      "parentUUID": "09628b1e-59d2-4072-804e-033ec2b7a83c",
                      "isHook": false,
                      "skipped": false
                    }
                  ],
                  "suites": [],
                  "passes": [
                    "79bb9bff-b5ce-4789-b976-a98ef633694d"
                  ],
                  "failures": [],
                  "pending": [],
                  "skipped": [],
                  "duration": 595,
                  "root": false,
                  "rootEmpty": false,
                  "_timeout": 2000
                }
              ],
              "passes": [],
              "failures": [],
              "pending": [],
              "skipped": [],
              "duration": 0,
              "root": false,
              "rootEmpty": false,
              "_timeout": 2000
            }
          ],
          "passes": [],
          "failures": [],
          "pending": [],
          "skipped": [],
          "duration": 0,
          "root": false,
          "rootEmpty": false,
          "_timeout": 2000
        }
      ],
      "passes": [],
      "failures": [],
      "pending": [],
      "skipped": [],
      "duration": 0,
      "root": true,
      "rootEmpty": true,
      "_timeout": 2000
    }
  ],
  "meta": {
    "mocha": {
      "version": "7.2.0"
    },
    "mochawesome": {
      "options": {
        "quiet": false,
        "reportFilename": "mochawesome",
        "saveHtml": false,
        "saveJson": true,
        "consoleReporter": "spec",
        "useInlineDiffs": false,
        "code": true
      },
      "version": "7.1.3"
    },
    "marge": {
      "options": {
        "reportDir": "mochawesome-report",
        "overwrite": true,
        "html": false,
        "json": true,
        "timestamp": "mmddyyyy_hhmmss"
      },
      "version": "6.2.0"
    }
  }
}