{
  "stats": {
    "suites": 20,
    "tests": 105,
    "passes": 103,
    "pending": 0,
    "failures": 2,
    "testsRegistered": 105,
    "passPercent": 98.0952380952381,
    "pendingPercent": 0,
    "other": 0,
    "hasOther": false,
    "skipped": 0,
    "hasSkipped": false,
    "start": "2025-07-29T10:45:47.538Z",
    "end": "2025-07-29T10:57:01.167Z",
    "duration": 673629
  },
  "results": [
    {
      "uuid": "a0ed2552-247e-45b6-8b1b-af9a495e60ed",
      "title": "",
      "fullFile": "cypress/e2e/contacts/contact_remove.cy.js",
      "file": "cypress/e2e/contacts/contact_remove.cy.js",
      "beforeHooks": [],
      "afterHooks": [],
      "tests": [],
      "suites": [
        {
          "uuid": "81fdf002-3301-4a6f-8563-9d7906f894f3",
          "title": "contact remove",
          "fullFile": "",
          "file": "",
          "beforeHooks": [],
          "afterHooks": [],
          "tests": [],
          "suites": [
            {
              "uuid": "049ec7aa-f100-4342-9985-17ce8283bb5d",
              "title": "Removing a contact",
              "fullFile": "",
              "file": "",
              "beforeHooks": [],
              "afterHooks": [],
              "tests": [
                {
                  "title": "Given that Clélia Melo is the contact that will be deleted",
                  "fullTitle": "contact remove Removing a contact Given that Clélia Melo is the contact that will be deleted",
                  "timedOut": null,
                  "duration": 1437,
                  "state": "passed",
                  "speed": "fast",
                  "pass": true,
                  "fail": false,
                  "pending": false,
                  "context": "\"assets/screenshots/contact_remove.cy.js/Given that Clélia Melo is the contact that will be deleted -- after each hook.png\"",
                  "code": "cy.requestCreateUserAndLogin(_payload.user);\ncy.requestCreateContact(_payload.contact);\ncy.saveLocalStorage();",
                  "err": {},
                  "uuid": "b3a76252-522a-4be1-aae4-d8851c149a59",
                  "parentUUID": "049ec7aa-f100-4342-9985-17ce8283bb5d",
                  "isHook": false,
                  "skipped": false
                },
                {
                  "title": "When I delete this contact",
                  "fullTitle": "contact remove Removing a contact When I delete this contact",
                  "timedOut": null,
                  "duration": 363,
                  "state": "passed",
                  "speed": "fast",
                  "pass": true,
                  "fail": false,
                  "pending": false,
                  "context": "\"assets/screenshots/contact_remove.cy.js/When I delete this contact -- after each hook.png\"",
                  "code": "cy.visitDashboard();\ncy.removeContact(_payload.contact.number);",
                  "err": {},
                  "uuid": "7721c1bf-c0d0-48b0-9e5e-572973e935a0",
                  "parentUUID": "049ec7aa-f100-4342-9985-17ce8283bb5d",
                  "isHook": false,
                  "skipped": false
                },
                {
                  "title": "Then it should not be displayed on the dashboard",
                  "fullTitle": "contact remove Removing a contact Then it should not be displayed on the dashboard",
                  "timedOut": null,
                  "duration": 68,
                  "state": "passed",
                  "speed": "fast",
                  "pass": true,
                  "fail": false,
                  "pending": false,
                  "context": "\"assets/screenshots/contact_remove.cy.js/Then it should not be displayed on the dashboard -- after each hook.png\"",
                  "code": "cy.visitDashboard();\ncy.validateIfContactWasNotFound(_payload.contact);",
                  "err": {},
                  "uuid": "8fba209a-5ae1-48c7-b0cc-571eb2b8aa93",
                  "parentUUID": "049ec7aa-f100-4342-9985-17ce8283bb5d",
                  "isHook": false,
                  "skipped": false
                }
              ],
              "suites": [],
              "passes": [
                "b3a76252-522a-4be1-aae4-d8851c149a59",
                "7721c1bf-c0d0-48b0-9e5e-572973e935a0",
                "8fba209a-5ae1-48c7-b0cc-571eb2b8aa93"
              ],
              "failures": [],
              "pending": [],
              "skipped": [],
              "duration": 1868,
              "root": false,
              "rootEmpty": false,
              "_timeout": 2000
            }
          ],
          "passes": [],
          "failures": [],
          "pending": [],
          "skipped": [],
          "duration": 0,
          "root": false,
          "rootEmpty": false,
          "_timeout": 2000
        }
      ],
      "passes": [],
      "failures": [],
      "pending": [],
      "skipped": [],
      "duration": 0,
      "root": true,
      "rootEmpty": true,
      "_timeout": 2000
    },
    {
      "uuid": "a2804b30-5ce8-42eb-80e6-2d1a0816f944",
      "title": "",
      "fullFile": "cypress/e2e/login/login.cy.js",
      "file": "cypress/e2e/login/login.cy.js",
      "beforeHooks": [],
      "afterHooks": [],
      "tests": [],
      "suites": [
        {
          "uuid": "7a7adb7f-49ff-4244-b1a7-733ba37111e4",
          "title": "login",
          "fullFile": "",
          "file": "",
          "beforeHooks": [],
          "afterHooks": [],
          "tests": [],
          "suites": [
            {
              "uuid": "b46a546a-12ea-43a0-82ac-ee602ee556f0",
              "title": "Login",
              "fullFile": "",
              "file": "",
              "beforeHooks": [],
              "afterHooks": [],
              "tests": [],
              "suites": [
                {
                  "uuid": "8ecb57c5-0354-4394-8714-a76bb88e5b2c",
                  "title": "Given that I submit valid credentials",
                  "fullFile": "",
                  "file": "",
                  "beforeHooks": [],
                  "afterHooks": [],
                  "tests": [
                    {
                      "title": "Then the user should be directed to the logged in area",
                      "fullTitle": "login Login Given that I submit valid credentials Then the user should be directed to the logged in area",
                      "timedOut": null,
                      "duration": 1286,
                      "state": "passed",
                      "speed": "fast",
                      "pass": true,
                      "fail": false,
                      "pending": false,
                      "context": "\"assets/screenshots/login.cy.js/Then the user should be directed to the logged in area -- after each hook.png\"",
                      "code": "cy.dashboardValidation();",
                      "err": {},
                      "uuid": "7759d421-4f92-40a4-ac38-56c74d398bad",
                      "parentUUID": "8ecb57c5-0354-4394-8714-a76bb88e5b2c",
                      "isHook": false,
                      "skipped": false
                    }
                  ],
                  "suites": [],
                  "passes": [
                    "7759d421-4f92-40a4-ac38-56c74d398bad"
                  ],
                  "failures": [],
                  "pending": [],
                  "skipped": [],
                  "duration": 1286,
                  "root": false,
                  "rootEmpty": false,
                  "_timeout": 2000
                },
                {
                  "uuid": "52048615-4a9c-4d4f-8ec6-4da464a5d542",
                  "title": "When I submit an incorrect password",
                  "fullFile": "",
                  "file": "",
                  "beforeHooks": [],
                  "afterHooks": [],
                  "tests": [
                    {
                      "title": "Then the notification \"Email e/ou senha incorreto\" must be displayed",
                      "fullTitle": "login Login When I submit an incorrect password Then the notification \"Email e/ou senha incorreto\" must be displayed",
                      "timedOut": null,
                      "duration": 834,
                      "state": "passed",
                      "speed": "fast",
                      "pass": true,
                      "fail": false,
                      "pending": false,
                      "context": "\"assets/screenshots/login.cy.js/Then the notification \\\"Email e/ou senha incorreto\\\" must be displayed -- after each hook.png\"",
                      "code": "cy.loginAlert(_parameters.default.message.expectMessage).should(\"be.visible\");",
                      "err": {},
                      "uuid": "31222a37-b24f-4e60-834b-1a79d7640a2f",
                      "parentUUID": "52048615-4a9c-4d4f-8ec6-4da464a5d542",
                      "isHook": false,
                      "skipped": false
                    }
                  ],
                  "suites": [],
                  "passes": [
                    "31222a37-b24f-4e60-834b-1a79d7640a2f"
                  ],
                  "failures": [],
                  "pending": [],
                  "skipped": [],
                  "duration": 834,
                  "root": false,
                  "rootEmpty": false,
                  "_timeout": 2000
                },
                {
                  "uuid": "b014c028-9827-4cb3-ba20-4bacdb8e31cd",
                  "title": "When I don't provide the email",
                  "fullFile": "",
                  "file": "",
                  "beforeHooks": [],
                  "afterHooks": [],
                  "tests": [
                    {
                      "title": "Then the notification \"Oops. por favor informe seu e-mail\" must be displayed",
                      "fullTitle": "login Login When I don't provide the email Then the notification \"Oops. por favor informe seu e-mail\" must be displayed",
                      "timedOut": null,
                      "duration": 358,
                      "state": "passed",
                      "speed": "fast",
                      "pass": true,
                      "fail": false,
                      "pending": false,
                      "context": "\"assets/screenshots/login.cy.js/Then the notification \\\"Oops. por favor informe seu e-mail\\\" must be displayed -- after each hook.png\"",
                      "code": "cy.loginAlert(_parameters.default.message.expectMessageEmail).should(\"be.visible\");",
                      "err": {},
                      "uuid": "21f93b6e-2241-46af-a61e-ba707cc39a7e",
                      "parentUUID": "b014c028-9827-4cb3-ba20-4bacdb8e31cd",
                      "isHook": false,
                      "skipped": false
                    }
                  ],
                  "suites": [],
                  "passes": [
                    "21f93b6e-2241-46af-a61e-ba707cc39a7e"
                  ],
                  "failures": [],
                  "pending": [],
                  "skipped": [],
                  "duration": 358,
                  "root": false,
                  "rootEmpty": false,
                  "_timeout": 2000
                },
                {
                  "uuid": "c0398fe7-6a0e-47de-bcd5-ca4f1163109f",
                  "title": "When I don't enter the password",
                  "fullFile": "",
                  "file": "",
                  "beforeHooks": [],
                  "afterHooks": [],
                  "tests": [
                    {
                      "title": "Then the notification \"Oops. por favor informe sua senha\" must be displayed",
                      "fullTitle": "login Login When I don't enter the password Then the notification \"Oops. por favor informe sua senha\" must be displayed",
                      "timedOut": null,
                      "duration": 548,
                      "state": "passed",
                      "speed": "fast",
                      "pass": true,
                      "fail": false,
                      "pending": false,
                      "context": "\"assets/screenshots/login.cy.js/Then the notification \\\"Oops. por favor informe sua senha\\\" must be displayed -- after each hook.png\"",
                      "code": "cy.loginAlert(_parameters.default.message.expectMessagePassword).should(\"be.visible\");",
                      "err": {},
                      "uuid": "d117d346-5129-4e4d-8016-1e48508d10d1",
                      "parentUUID": "c0398fe7-6a0e-47de-bcd5-ca4f1163109f",
                      "isHook": false,
                      "skipped": false
                    }
                  ],
                  "suites": [],
                  "passes": [
                    "d117d346-5129-4e4d-8016-1e48508d10d1"
                  ],
                  "failures": [],
                  "pending": [],
                  "skipped": [],
                  "duration": 548,
                  "root": false,
                  "rootEmpty": false,
                  "_timeout": 2000
                }
              ],
              "passes": [],
              "failures": [],
              "pending": [],
              "skipped": [],
              "duration": 0,
              "root": false,
              "rootEmpty": false,
              "_timeout": 2000
            }
          ],
          "passes": [],
          "failures": [],
          "pending": [],
          "skipped": [],
          "duration": 0,
          "root": false,
          "rootEmpty": false,
          "_timeout": 2000
        }
      ],
      "passes": [],
      "failures": [],
      "pending": [],
      "skipped": [],
      "duration": 0,
      "root": true,
      "rootEmpty": true,
      "_timeout": 2000
    },
    {
      "uuid": "a1c4381f-20eb-4f0c-8dea-732ddbf0a783",
      "title": "",
      "fullFile": "cypress/e2e/contacts/contacts_array_foreach.cy.js",
      "file": "cypress/e2e/contacts/contacts_array_foreach.cy.js",
      "beforeHooks": [],
      "afterHooks": [],
      "tests": [],
      "suites": [
        {
          "uuid": "e0fbe963-4c67-43c8-a9b5-6c5bd313a188",
          "title": "contacts array foreach",
          "fullFile": "",
          "file": "",
          "beforeHooks": [],
          "afterHooks": [],
          "tests": [],
          "suites": [
            {
              "uuid": "9b98f509-684a-4e90-8642-019c22d1251b",
              "title": "Multiple contact removal flow",
              "fullFile": "",
              "file": "",
              "beforeHooks": [],
              "afterHooks": [],
              "tests": [],
              "suites": [
                {
                  "uuid": "f1b34fee-1682-43ed-90df-5cb281ecb649",
                  "title": "Since several contacts were created",
                  "fullFile": "",
                  "file": "",
                  "beforeHooks": [],
                  "afterHooks": [],
                  "tests": [
                    {
                      "title": "When I remove the contact Winston Weber with number (84) 97792-7999 and description perferendis sunt quia sunt aliquid",
                      "fullTitle": "contacts array foreach Multiple contact removal flow Since several contacts were created When I remove the contact Winston Weber with number (84) 97792-7999 and description perferendis sunt quia sunt aliquid",
                      "timedOut": null,
                      "duration": 2365,
                      "state": "passed",
                      "speed": "fast",
                      "pass": true,
                      "fail": false,
                      "pending": false,
                      "context": "\"assets/screenshots/contacts_array_foreach.cy.js/When I remove the contact Winston Weber with number (84) 97792-7999 and description perferendis sunt quia sunt aliquid -- after each hook.png\"",
                      "code": "cy.visitDashboard();\ncy.removeContact(contact.number);",
                      "err": {},
                      "uuid": "6d5edd3e-317f-4ad7-b799-d9a4c3a0f6e2",
                      "parentUUID": "f1b34fee-1682-43ed-90df-5cb281ecb649",
                      "isHook": false,
                      "skipped": false
                    },
                    {
                      "title": "Then the contact Winston Weber with number (84) 97792-7999 should have been removed and should not be displayed on the dashboard",
                      "fullTitle": "contacts array foreach Multiple contact removal flow Since several contacts were created Then the contact Winston Weber with number (84) 97792-7999 should have been removed and should not be displayed on the dashboard",
                      "timedOut": null,
                      "duration": 208,
                      "state": "passed",
                      "speed": "fast",
                      "pass": true,
                      "fail": false,
                      "pending": false,
                      "context": "\"assets/screenshots/contacts_array_foreach.cy.js/Then the contact Winston Weber with number (84) 97792-7999 should have been removed and should not be displayed on the dashboard -- after each hook.png\"",
                      "code": "cy.visitDashboard();\ncy.validateFinishedLoading();\ncy.validateIfContactWasNotFound(contact);",
                      "err": {},
                      "uuid": "6e12cd1e-182c-43f1-88ff-589acb87b2a0",
                      "parentUUID": "f1b34fee-1682-43ed-90df-5cb281ecb649",
                      "isHook": false,
                      "skipped": false
                    },
                    {
                      "title": "When I remove the contact Pearl Walker with number (84) 92267-9400 and description in iste",
                      "fullTitle": "contacts array foreach Multiple contact removal flow Since several contacts were created When I remove the contact Pearl Walker with number (84) 92267-9400 and description in iste",
                      "timedOut": null,
                      "duration": 292,
                      "state": "passed",
                      "speed": "fast",
                      "pass": true,
                      "fail": false,
                      "pending": false,
                      "context": "\"assets/screenshots/contacts_array_foreach.cy.js/When I remove the contact Pearl Walker with number (84) 92267-9400 and description in iste -- after each hook.png\"",
                      "code": "cy.visitDashboard();\ncy.removeContact(contact.number);",
                      "err": {},
                      "uuid": "840a2814-b686-4acd-b6e0-f2bf4ebb768c",
                      "parentUUID": "f1b34fee-1682-43ed-90df-5cb281ecb649",
                      "isHook": false,
                      "skipped": false
                    },
                    {
                      "title": "Then the contact Pearl Walker with number (84) 92267-9400 should have been removed and should not be displayed on the dashboard",
                      "fullTitle": "contacts array foreach Multiple contact removal flow Since several contacts were created Then the contact Pearl Walker with number (84) 92267-9400 should have been removed and should not be displayed on the dashboard",
                      "timedOut": null,
                      "duration": 194,
                      "state": "passed",
                      "speed": "fast",
                      "pass": true,
                      "fail": false,
                      "pending": false,
                      "context": "\"assets/screenshots/contacts_array_foreach.cy.js/Then the contact Pearl Walker with number (84) 92267-9400 should have been removed and should not be displayed on the dashboard -- after each hook.png\"",
                      "code": "cy.visitDashboard();\ncy.validateFinishedLoading();\ncy.validateIfContactWasNotFound(contact);",
                      "err": {},
                      "uuid": "07d54af4-82d3-4583-bedf-e8a834acfc08",
                      "parentUUID": "f1b34fee-1682-43ed-90df-5cb281ecb649",
                      "isHook": false,
                      "skipped": false
                    },
                    {
                      "title": "When I remove the contact Stephan Corkery with number (84) 98777-7672 and description ut quia saepe possimus",
                      "fullTitle": "contacts array foreach Multiple contact removal flow Since several contacts were created When I remove the contact Stephan Corkery with number (84) 98777-7672 and description ut quia saepe possimus",
                      "timedOut": null,
                      "duration": 294,
                      "state": "passed",
                      "speed": "fast",
                      "pass": true,
                      "fail": false,
                      "pending": false,
                      "context": "\"assets/screenshots/contacts_array_foreach.cy.js/When I remove the contact Stephan Corkery with number (84) 98777-7672 and description ut quia saepe possimus -- after each hook.png\"",
                      "code": "cy.visitDashboard();\ncy.removeContact(contact.number);",
                      "err": {},
                      "uuid": "5a7ae273-75b1-43c3-b200-ff1b40e0b2ae",
                      "parentUUID": "f1b34fee-1682-43ed-90df-5cb281ecb649",
                      "isHook": false,
                      "skipped": false
                    },
                    {
                      "title": "Then the contact Stephan Corkery with number (84) 98777-7672 should have been removed and should not be displayed on the dashboard",
                      "fullTitle": "contacts array foreach Multiple contact removal flow Since several contacts were created Then the contact Stephan Corkery with number (84) 98777-7672 should have been removed and should not be displayed on the dashboard",
                      "timedOut": null,
                      "duration": 187,
                      "state": "passed",
                      "speed": "fast",
                      "pass": true,
                      "fail": false,
                      "pending": false,
                      "context": "\"assets/screenshots/contacts_array_foreach.cy.js/Then the contact Stephan Corkery with number (84) 98777-7672 should have been removed and should not be displayed on the dashboard -- after each hook.png\"",
                      "code": "cy.visitDashboard();\ncy.validateFinishedLoading();\ncy.validateIfContactWasNotFound(contact);",
                      "err": {},
                      "uuid": "49b309c7-1e57-4842-8cb8-37ded472cb70",
                      "parentUUID": "f1b34fee-1682-43ed-90df-5cb281ecb649",
                      "isHook": false,
                      "skipped": false
                    },
                    {
                      "title": "When I remove the contact Mercedes Block with number (84) 95818-8111 and description beatae ipsa optio",
                      "fullTitle": "contacts array foreach Multiple contact removal flow Since several contacts were created When I remove the contact Mercedes Block with number (84) 95818-8111 and description beatae ipsa optio",
                      "timedOut": null,
                      "duration": 291,
                      "state": "passed",
                      "speed": "fast",
                      "pass": true,
                      "fail": false,
                      "pending": false,
                      "context": "\"assets/screenshots/contacts_array_foreach.cy.js/When I remove the contact Mercedes Block with number (84) 95818-8111 and description beatae ipsa optio -- after each hook.png\"",
                      "code": "cy.visitDashboard();\ncy.removeContact(contact.number);",
                      "err": {},
                      "uuid": "57a9e759-55bb-4896-8f88-b756bc8f110a",
                      "parentUUID": "f1b34fee-1682-43ed-90df-5cb281ecb649",
                      "isHook": false,
                      "skipped": false
                    },
                    {
                      "title": "Then the contact Mercedes Block with number (84) 95818-8111 should have been removed and should not be displayed on the dashboard",
                      "fullTitle": "contacts array foreach Multiple contact removal flow Since several contacts were created Then the contact Mercedes Block with number (84) 95818-8111 should have been removed and should not be displayed on the dashboard",
                      "timedOut": null,
                      "duration": 175,
                      "state": "passed",
                      "speed": "fast",
                      "pass": true,
                      "fail": false,
                      "pending": false,
                      "context": "\"assets/screenshots/contacts_array_foreach.cy.js/Then the contact Mercedes Block with number (84) 95818-8111 should have been removed and should not be displayed on the dashboard -- after each hook.png\"",
                      "code": "cy.visitDashboard();\ncy.validateFinishedLoading();\ncy.validateIfContactWasNotFound(contact);",
                      "err": {},
                      "uuid": "95e6327c-12ed-4439-8fb2-8ed75ff548b7",
                      "parentUUID": "f1b34fee-1682-43ed-90df-5cb281ecb649",
                      "isHook": false,
                      "skipped": false
                    },
                    {
                      "title": "When I remove the contact Arlene Will with number (84) 99148-5948 and description non",
                      "fullTitle": "contacts array foreach Multiple contact removal flow Since several contacts were created When I remove the contact Arlene Will with number (84) 99148-5948 and description non",
                      "timedOut": null,
                      "duration": 293,
                      "state": "passed",
                      "speed": "fast",
                      "pass": true,
                      "fail": false,
                      "pending": false,
                      "context": "\"assets/screenshots/contacts_array_foreach.cy.js/When I remove the contact Arlene Will with number (84) 99148-5948 and description non -- after each hook.png\"",
                      "code": "cy.visitDashboard();\ncy.removeContact(contact.number);",
                      "err": {},
                      "uuid": "4f02bbb6-20ba-4b44-81e6-fb0e8cf9b824",
                      "parentUUID": "f1b34fee-1682-43ed-90df-5cb281ecb649",
                      "isHook": false,
                      "skipped": false
                    },
                    {
                      "title": "Then the contact Arlene Will with number (84) 99148-5948 should have been removed and should not be displayed on the dashboard",
                      "fullTitle": "contacts array foreach Multiple contact removal flow Since several contacts were created Then the contact Arlene Will with number (84) 99148-5948 should have been removed and should not be displayed on the dashboard",
                      "timedOut": null,
                      "duration": 189,
                      "state": "passed",
                      "speed": "fast",
                      "pass": true,
                      "fail": false,
                      "pending": false,
                      "context": "\"assets/screenshots/contacts_array_foreach.cy.js/Then the contact Arlene Will with number (84) 99148-5948 should have been removed and should not be displayed on the dashboard -- after each hook.png\"",
                      "code": "cy.visitDashboard();\ncy.validateFinishedLoading();\ncy.validateIfContactWasNotFound(contact);",
                      "err": {},
                      "uuid": "9675b575-38f6-45fd-beab-0a6cc4d6ca9d",
                      "parentUUID": "f1b34fee-1682-43ed-90df-5cb281ecb649",
                      "isHook": false,
                      "skipped": false
                    }
                  ],
                  "suites": [],
                  "passes": [
                    "6d5edd3e-317f-4ad7-b799-d9a4c3a0f6e2",
                    "6e12cd1e-182c-43f1-88ff-589acb87b2a0",
                    "840a2814-b686-4acd-b6e0-f2bf4ebb768c",
                    "07d54af4-82d3-4583-bedf-e8a834acfc08",
                    "5a7ae273-75b1-43c3-b200-ff1b40e0b2ae",
                    "49b309c7-1e57-4842-8cb8-37ded472cb70",
                    "57a9e759-55bb-4896-8f88-b756bc8f110a",
                    "95e6327c-12ed-4439-8fb2-8ed75ff548b7",
                    "4f02bbb6-20ba-4b44-81e6-fb0e8cf9b824",
                    "9675b575-38f6-45fd-beab-0a6cc4d6ca9d"
                  ],
                  "failures": [],
                  "pending": [],
                  "skipped": [],
                  "duration": 4488,
                  "root": false,
                  "rootEmpty": false,
                  "_timeout": 2000
                }
              ],
              "passes": [],
              "failures": [],
              "pending": [],
              "skipped": [],
              "duration": 0,
              "root": false,
              "rootEmpty": false,
              "_timeout": 2000
            }
          ],
          "passes": [],
          "failures": [],
          "pending": [],
          "skipped": [],
          "duration": 0,
          "root": false,
          "rootEmpty": false,
          "_timeout": 2000
        }
      ],
      "passes": [],
      "failures": [],
      "pending": [],
      "skipped": [],
      "duration": 0,
      "root": true,
      "rootEmpty": true,
      "_timeout": 2000
    },
    {
      "uuid": "fcbdfa2c-3b9a-4913-b119-696f3e1aa706",
      "title": "",
      "fullFile": "cypress/e2e/contacts/contact_remove_mock.cy.js",
      "file": "cypress/e2e/contacts/contact_remove_mock.cy.js",
      "beforeHooks": [],
      "afterHooks": [],
      "tests": [],
      "suites": [
        {
          "uuid": "3c884e93-9604-49f7-b928-de08521dceca",
          "title": "contact remove mock",
          "fullFile": "",
          "file": "",
          "beforeHooks": [],
          "afterHooks": [],
          "tests": [],
          "suites": [
            {
              "uuid": "3447f4fa-4675-41c2-be88-f936ebc2d7af",
              "title": "Test contact removal (Mock)",
              "fullFile": "",
              "file": "",
              "beforeHooks": [],
              "afterHooks": [],
              "tests": [
                {
                  "title": "Given that Dinês Carvalho is the contact that will be deleted",
                  "fullTitle": "contact remove mock Test contact removal (Mock) Given that Dinês Carvalho is the contact that will be deleted",
                  "timedOut": null,
                  "duration": 1092,
                  "state": "passed",
                  "speed": "fast",
                  "pass": true,
                  "fail": false,
                  "pending": false,
                  "context": "\"assets/screenshots/contact_remove_mock.cy.js/Given that Dinês Carvalho is the contact that will be deleted -- after each hook.png\"",
                  "code": "cy.doLogin(Cypress.env(\"user\"), Cypress.env(\"password\"));\ncy.saveLocalStorage();",
                  "err": {},
                  "uuid": "cba4e73e-abd2-4638-a768-5fd63c76d048",
                  "parentUUID": "3447f4fa-4675-41c2-be88-f936ebc2d7af",
                  "isHook": false,
                  "skipped": false
                },
                {
                  "title": "When I delete this contact",
                  "fullTitle": "contact remove mock Test contact removal (Mock) When I delete this contact",
                  "timedOut": null,
                  "duration": 304,
                  "state": "passed",
                  "speed": "fast",
                  "pass": true,
                  "fail": false,
                  "pending": false,
                  "context": "\"assets/screenshots/contact_remove_mock.cy.js/When I delete this contact -- after each hook.png\"",
                  "code": "cy.intercept(\"GET\", `${Cypress.env(\"baseUrlBackEnd\")}/contacts`, {\n  statusCode: 200,\n  body: [_payload.bodyContactMock]\n});\ncy.intercept(\"DELETE\", `${Cypress.env(\"baseUrlBackEnd\")}/contacts/${_payload.bodyContactMock._id}`, {\n  statusCode: 204\n});\ncy.visitDashboard();\ncy.removeContact(_payload.bodyContactMock.number);",
                  "err": {},
                  "uuid": "eeb8fc48-312c-4cb0-b8fa-f672e1cfad6c",
                  "parentUUID": "3447f4fa-4675-41c2-be88-f936ebc2d7af",
                  "isHook": false,
                  "skipped": false
                },
                {
                  "title": "Then it should no longer be displayed on the dashboard",
                  "fullTitle": "contact remove mock Test contact removal (Mock) Then it should no longer be displayed on the dashboard",
                  "timedOut": null,
                  "duration": 67,
                  "state": "passed",
                  "speed": "fast",
                  "pass": true,
                  "fail": false,
                  "pending": false,
                  "context": "\"assets/screenshots/contact_remove_mock.cy.js/Then it should no longer be displayed on the dashboard -- after each hook.png\"",
                  "code": "cy.visitDashboard();\ncy.intercept(\"GET\", `${Cypress.env(\"baseUrlBackEnd\")}/contacts`, {\n  statusCode: 200,\n  body: []\n});\ncy.validateIfContactWasNotFound(_payload.bodyContactMock);",
                  "err": {},
                  "uuid": "da113e05-d74c-45e3-a820-a67bb7e5dcb5",
                  "parentUUID": "3447f4fa-4675-41c2-be88-f936ebc2d7af",
                  "isHook": false,
                  "skipped": false
                }
              ],
              "suites": [],
              "passes": [
                "cba4e73e-abd2-4638-a768-5fd63c76d048",
                "eeb8fc48-312c-4cb0-b8fa-f672e1cfad6c",
                "da113e05-d74c-45e3-a820-a67bb7e5dcb5"
              ],
              "failures": [],
              "pending": [],
              "skipped": [],
              "duration": 1463,
              "root": false,
              "rootEmpty": false,
              "_timeout": 2000
            }
          ],
          "passes": [],
          "failures": [],
          "pending": [],
          "skipped": [],
          "duration": 0,
          "root": false,
          "rootEmpty": false,
          "_timeout": 2000
        }
      ],
      "passes": [],
      "failures": [],
      "pending": [],
      "skipped": [],
      "duration": 0,
      "root": true,
      "rootEmpty": true,
      "_timeout": 2000
    },
    {
      "uuid": "e25774ff-14b5-4046-a028-c83ef89d8dd1",
      "title": "",
      "fullFile": "cypress/e2e/contacts/contacts_array_map_spec .cy.js",
      "file": "cypress/e2e/contacts/contacts_array_map_spec .cy.js",
      "beforeHooks": [],
      "afterHooks": [],
      "tests": [],
      "suites": [
        {
          "uuid": "3a9ba710-9e17-4783-a9a4-6d64fe2ca844",
          "title": "contacts array map",
          "fullFile": "",
          "file": "",
          "beforeHooks": [],
          "afterHooks": [],
          "tests": [],
          "suites": [
            {
              "uuid": "a03ebc99-0fdf-4921-bb03-cd6d2ff2cce6",
              "title": "Multiple contact removal flow",
              "fullFile": "",
              "file": "",
              "beforeHooks": [],
              "afterHooks": [],
              "tests": [],
              "suites": [
                {
                  "uuid": "c217e671-6754-427e-a428-48d73ab8dea6",
                  "title": "Since several contacts were created",
                  "fullFile": "",
                  "file": "",
                  "beforeHooks": [],
                  "afterHooks": [],
                  "tests": [
                    {
                      "title": "When I remove the contact Johnny Sawayn with number (84) 90497-7343 and description similique rerum placeat et saepe",
                      "fullTitle": "contacts array map Multiple contact removal flow Since several contacts were created When I remove the contact Johnny Sawayn with number (84) 90497-7343 and description similique rerum placeat et saepe",
                      "timedOut": null,
                      "duration": 2416,
                      "state": "passed",
                      "speed": "fast",
                      "pass": true,
                      "fail": false,
                      "pending": false,
                      "context": "\"assets/screenshots/contacts_array_map_spec .cy.js/When I remove the contact Johnny Sawayn with number (84) 90497-7343 and description similique rerum placeat et saepe -- after each hook.png\"",
                      "code": "cy.visitDashboard();\ncy.removeContact(contact.number);",
                      "err": {},
                      "uuid": "0607f155-1a9f-4909-ba52-529657bcc1db",
                      "parentUUID": "c217e671-6754-427e-a428-48d73ab8dea6",
                      "isHook": false,
                      "skipped": false
                    },
                    {
                      "title": "Then the contact Johnny Sawayn with number (84) 90497-7343 should have been removed and should not be displayed on the dashboard",
                      "fullTitle": "contacts array map Multiple contact removal flow Since several contacts were created Then the contact Johnny Sawayn with number (84) 90497-7343 should have been removed and should not be displayed on the dashboard",
                      "timedOut": null,
                      "duration": 187,
                      "state": "passed",
                      "speed": "fast",
                      "pass": true,
                      "fail": false,
                      "pending": false,
                      "context": "\"assets/screenshots/contacts_array_map_spec .cy.js/Then the contact Johnny Sawayn with number (84) 90497-7343 should have been removed and should not be displayed on the dashboard -- after each hook.png\"",
                      "code": "cy.visitDashboard();\ncy.validateFinishedLoading();\ncy.validateIfContactWasNotFound(contact);",
                      "err": {},
                      "uuid": "3ca2316a-9832-43c0-90dd-1d0bd95b6824",
                      "parentUUID": "c217e671-6754-427e-a428-48d73ab8dea6",
                      "isHook": false,
                      "skipped": false
                    },
                    {
                      "title": "When I remove the contact Terry Kuvalis with number (84) 90605-0707 and description voluptas quia",
                      "fullTitle": "contacts array map Multiple contact removal flow Since several contacts were created When I remove the contact Terry Kuvalis with number (84) 90605-0707 and description voluptas quia",
                      "timedOut": null,
                      "duration": 296,
                      "state": "passed",
                      "speed": "fast",
                      "pass": true,
                      "fail": false,
                      "pending": false,
                      "context": "\"assets/screenshots/contacts_array_map_spec .cy.js/When I remove the contact Terry Kuvalis with number (84) 90605-0707 and description voluptas quia -- after each hook.png\"",
                      "code": "cy.visitDashboard();\ncy.removeContact(contact.number);",
                      "err": {},
                      "uuid": "69a2a721-c05d-445b-8da4-ab8f3e0495ae",
                      "parentUUID": "c217e671-6754-427e-a428-48d73ab8dea6",
                      "isHook": false,
                      "skipped": false
                    },
                    {
                      "title": "Then the contact Terry Kuvalis with number (84) 90605-0707 should have been removed and should not be displayed on the dashboard",
                      "fullTitle": "contacts array map Multiple contact removal flow Since several contacts were created Then the contact Terry Kuvalis with number (84) 90605-0707 should have been removed and should not be displayed on the dashboard",
                      "timedOut": null,
                      "duration": 177,
                      "state": "passed",
                      "speed": "fast",
                      "pass": true,
                      "fail": false,
                      "pending": false,
                      "context": "\"assets/screenshots/contacts_array_map_spec .cy.js/Then the contact Terry Kuvalis with number (84) 90605-0707 should have been removed and should not be displayed on the dashboard -- after each hook.png\"",
                      "code": "cy.visitDashboard();\ncy.validateFinishedLoading();\ncy.validateIfContactWasNotFound(contact);",
                      "err": {},
                      "uuid": "89be5d27-2739-41b5-beac-1b700473dc89",
                      "parentUUID": "c217e671-6754-427e-a428-48d73ab8dea6",
                      "isHook": false,
                      "skipped": false
                    },
                    {
                      "title": "When I remove the contact Fletcher Lindgren with number (84) 99018-5293 and description placeat nemo atque sint",
                      "fullTitle": "contacts array map Multiple contact removal flow Since several contacts were created When I remove the contact Fletcher Lindgren with number (84) 99018-5293 and description placeat nemo atque sint",
                      "timedOut": null,
                      "duration": 293,
                      "state": "passed",
                      "speed": "fast",
                      "pass": true,
                      "fail": false,
                      "pending": false,
                      "context": "\"assets/screenshots/contacts_array_map_spec .cy.js/When I remove the contact Fletcher Lindgren with number (84) 99018-5293 and description placeat nemo atque sint -- after each hook.png\"",
                      "code": "cy.visitDashboard();\ncy.removeContact(contact.number);",
                      "err": {},
                      "uuid": "0169f029-f834-446f-a777-2db057b824e3",
                      "parentUUID": "c217e671-6754-427e-a428-48d73ab8dea6",
                      "isHook": false,
                      "skipped": false
                    },
                    {
                      "title": "Then the contact Fletcher Lindgren with number (84) 99018-5293 should have been removed and should not be displayed on the dashboard",
                      "fullTitle": "contacts array map Multiple contact removal flow Since several contacts were created Then the contact Fletcher Lindgren with number (84) 99018-5293 should have been removed and should not be displayed on the dashboard",
                      "timedOut": null,
                      "duration": 180,
                      "state": "passed",
                      "speed": "fast",
                      "pass": true,
                      "fail": false,
                      "pending": false,
                      "context": "\"assets/screenshots/contacts_array_map_spec .cy.js/Then the contact Fletcher Lindgren with number (84) 99018-5293 should have been removed and should not be displayed on the dashboard -- after each hook.png\"",
                      "code": "cy.visitDashboard();\ncy.validateFinishedLoading();\ncy.validateIfContactWasNotFound(contact);",
                      "err": {},
                      "uuid": "65f40d88-3047-49ad-8351-54a41475f29c",
                      "parentUUID": "c217e671-6754-427e-a428-48d73ab8dea6",
                      "isHook": false,
                      "skipped": false
                    },
                    {
                      "title": "When I remove the contact Mitchel Lubowitz with number (84) 97406-4587 and description fugit atque deserunt",
                      "fullTitle": "contacts array map Multiple contact removal flow Since several contacts were created When I remove the contact Mitchel Lubowitz with number (84) 97406-4587 and description fugit atque deserunt",
                      "timedOut": null,
                      "duration": 294,
                      "state": "passed",
                      "speed": "fast",
                      "pass": true,
                      "fail": false,
                      "pending": false,
                      "context": "\"assets/screenshots/contacts_array_map_spec .cy.js/When I remove the contact Mitchel Lubowitz with number (84) 97406-4587 and description fugit atque deserunt -- after each hook.png\"",
                      "code": "cy.visitDashboard();\ncy.removeContact(contact.number);",
                      "err": {},
                      "uuid": "4841a459-f5ae-4154-95e9-faf0568da927",
                      "parentUUID": "c217e671-6754-427e-a428-48d73ab8dea6",
                      "isHook": false,
                      "skipped": false
                    },
                    {
                      "title": "Then the contact Mitchel Lubowitz with number (84) 97406-4587 should have been removed and should not be displayed on the dashboard",
                      "fullTitle": "contacts array map Multiple contact removal flow Since several contacts were created Then the contact Mitchel Lubowitz with number (84) 97406-4587 should have been removed and should not be displayed on the dashboard",
                      "timedOut": null,
                      "duration": 175,
                      "state": "passed",
                      "speed": "fast",
                      "pass": true,
                      "fail": false,
                      "pending": false,
                      "context": "\"assets/screenshots/contacts_array_map_spec .cy.js/Then the contact Mitchel Lubowitz with number (84) 97406-4587 should have been removed and should not be displayed on the dashboard -- after each hook.png\"",
                      "code": "cy.visitDashboard();\ncy.validateFinishedLoading();\ncy.validateIfContactWasNotFound(contact);",
                      "err": {},
                      "uuid": "3c56c1c6-c66c-4451-987c-1d4db4da7039",
                      "parentUUID": "c217e671-6754-427e-a428-48d73ab8dea6",
                      "isHook": false,
                      "skipped": false
                    },
                    {
                      "title": "When I remove the contact Kira Friesen with number (84) 90672-0051 and description labore",
                      "fullTitle": "contacts array map Multiple contact removal flow Since several contacts were created When I remove the contact Kira Friesen with number (84) 90672-0051 and description labore",
                      "timedOut": null,
                      "duration": 286,
                      "state": "passed",
                      "speed": "fast",
                      "pass": true,
                      "fail": false,
                      "pending": false,
                      "context": "\"assets/screenshots/contacts_array_map_spec .cy.js/When I remove the contact Kira Friesen with number (84) 90672-0051 and description labore -- after each hook.png\"",
                      "code": "cy.visitDashboard();\ncy.removeContact(contact.number);",
                      "err": {},
                      "uuid": "1ed60ea5-f321-4ae4-abe1-4211c4eada5a",
                      "parentUUID": "c217e671-6754-427e-a428-48d73ab8dea6",
                      "isHook": false,
                      "skipped": false
                    },
                    {
                      "title": "Then the contact Kira Friesen with number (84) 90672-0051 should have been removed and should not be displayed on the dashboard",
                      "fullTitle": "contacts array map Multiple contact removal flow Since several contacts were created Then the contact Kira Friesen with number (84) 90672-0051 should have been removed and should not be displayed on the dashboard",
                      "timedOut": null,
                      "duration": 204,
                      "state": "passed",
                      "speed": "fast",
                      "pass": true,
                      "fail": false,
                      "pending": false,
                      "context": "\"assets/screenshots/contacts_array_map_spec .cy.js/Then the contact Kira Friesen with number (84) 90672-0051 should have been removed and should not be displayed on the dashboard -- after each hook.png\"",
                      "code": "cy.visitDashboard();\ncy.validateFinishedLoading();\ncy.validateIfContactWasNotFound(contact);",
                      "err": {},
                      "uuid": "82972d8b-2a55-4bdb-93a6-5d95c76798c3",
                      "parentUUID": "c217e671-6754-427e-a428-48d73ab8dea6",
                      "isHook": false,
                      "skipped": false
                    }
                  ],
                  "suites": [],
                  "passes": [
                    "0607f155-1a9f-4909-ba52-529657bcc1db",
                    "3ca2316a-9832-43c0-90dd-1d0bd95b6824",
                    "69a2a721-c05d-445b-8da4-ab8f3e0495ae",
                    "89be5d27-2739-41b5-beac-1b700473dc89",
                    "0169f029-f834-446f-a777-2db057b824e3",
                    "65f40d88-3047-49ad-8351-54a41475f29c",
                    "4841a459-f5ae-4154-95e9-faf0568da927",
                    "3c56c1c6-c66c-4451-987c-1d4db4da7039",
                    "1ed60ea5-f321-4ae4-abe1-4211c4eada5a",
                    "82972d8b-2a55-4bdb-93a6-5d95c76798c3"
                  ],
                  "failures": [],
                  "pending": [],
                  "skipped": [],
                  "duration": 4508,
                  "root": false,
                  "rootEmpty": false,
                  "_timeout": 2000
                }
              ],
              "passes": [],
              "failures": [],
              "pending": [],
              "skipped": [],
              "duration": 0,
              "root": false,
              "rootEmpty": false,
              "_timeout": 2000
            }
          ],
          "passes": [],
          "failures": [],
          "pending": [],
          "skipped": [],
          "duration": 0,
          "root": false,
          "rootEmpty": false,
          "_timeout": 2000
        }
      ],
      "passes": [],
      "failures": [],
      "pending": [],
      "skipped": [],
      "duration": 0,
      "root": true,
      "rootEmpty": true,
      "_timeout": 2000
    },
    {
      "uuid": "6a20d6d4-c0ad-4a2f-bd3d-9a505ccb2b12",
      "title": "",
      "fullFile": "cypress/e2e/contacts/contact_remove.cy.js",
      "file": "cypress/e2e/contacts/contact_remove.cy.js",
      "beforeHooks": [],
      "afterHooks": [],
      "tests": [],
      "suites": [
        {
          "uuid": "43962975-69a7-4154-af6f-100e78647513",
          "title": "contact remove",
          "fullFile": "",
          "file": "",
          "beforeHooks": [],
          "afterHooks": [],
          "tests": [],
          "suites": [
            {
              "uuid": "bb6cd485-b157-492b-a63b-746db084f808",
              "title": "Removing a contact",
              "fullFile": "",
              "file": "",
              "beforeHooks": [],
              "afterHooks": [],
              "tests": [
                {
                  "title": "Given that Bruno Moreira is the contact that will be deleted",
                  "fullTitle": "contact remove Removing a contact Given that Bruno Moreira is the contact that will be deleted",
                  "timedOut": null,
                  "duration": 1509,
                  "state": "passed",
                  "speed": "fast",
                  "pass": true,
                  "fail": false,
                  "pending": false,
                  "context": "\"assets/screenshots/contact_remove.cy.js/Given that Bruno Moreira is the contact that will be deleted -- after each hook.png\"",
                  "code": "cy.requestCreateUserAndLogin(_payload.user);\ncy.requestCreateContact(_payload.contact);\ncy.saveLocalStorage();",
                  "err": {},
                  "uuid": "cedc99f0-d8a2-47df-ae1a-3ef9ed04857e",
                  "parentUUID": "bb6cd485-b157-492b-a63b-746db084f808",
                  "isHook": false,
                  "skipped": false
                },
                {
                  "title": "When I delete this contact",
                  "fullTitle": "contact remove Removing a contact When I delete this contact",
                  "timedOut": null,
                  "duration": 367,
                  "state": "passed",
                  "speed": "fast",
                  "pass": true,
                  "fail": false,
                  "pending": false,
                  "context": "\"assets/screenshots/contact_remove.cy.js/When I delete this contact -- after each hook.png\"",
                  "code": "cy.visitDashboard();\ncy.removeContact(_payload.contact.number);",
                  "err": {},
                  "uuid": "5fd62b6a-fa13-4070-a03d-3b05740bd62b",
                  "parentUUID": "bb6cd485-b157-492b-a63b-746db084f808",
                  "isHook": false,
                  "skipped": false
                },
                {
                  "title": "Then it should not be displayed on the dashboard",
                  "fullTitle": "contact remove Removing a contact Then it should not be displayed on the dashboard",
                  "timedOut": null,
                  "duration": 62,
                  "state": "passed",
                  "speed": "fast",
                  "pass": true,
                  "fail": false,
                  "pending": false,
                  "context": "\"assets/screenshots/contact_remove.cy.js/Then it should not be displayed on the dashboard -- after each hook.png\"",
                  "code": "cy.visitDashboard();\ncy.validateIfContactWasNotFound(_payload.contact);",
                  "err": {},
                  "uuid": "7e95eb34-4ebc-4ac9-b073-07e1468d8169",
                  "parentUUID": "bb6cd485-b157-492b-a63b-746db084f808",
                  "isHook": false,
                  "skipped": false
                }
              ],
              "suites": [],
              "passes": [
                "cedc99f0-d8a2-47df-ae1a-3ef9ed04857e",
                "5fd62b6a-fa13-4070-a03d-3b05740bd62b",
                "7e95eb34-4ebc-4ac9-b073-07e1468d8169"
              ],
              "failures": [],
              "pending": [],
              "skipped": [],
              "duration": 1938,
              "root": false,
              "rootEmpty": false,
              "_timeout": 2000
            }
          ],
          "passes": [],
          "failures": [],
          "pending": [],
          "skipped": [],
          "duration": 0,
          "root": false,
          "rootEmpty": false,
          "_timeout": 2000
        }
      ],
      "passes": [],
      "failures": [],
      "pending": [],
      "skipped": [],
      "duration": 0,
      "root": true,
      "rootEmpty": true,
      "_timeout": 2000
    },
    {
      "uuid": "b616fdee-4ddb-43a2-9efd-3aca46fb133a",
      "title": "",
      "fullFile": "cypress/e2e/contacts/faker_contacts_json_generator.cy.js",
      "file": "cypress/e2e/contacts/faker_contacts_json_generator.cy.js",
      "beforeHooks": [],
      "afterHooks": [],
      "tests": [],
      "suites": [
        {
          "uuid": "478dc8cd-e292-4299-bba9-29cd1ead7307",
          "title": "faker contacts json generator",
          "fullFile": "",
          "file": "",
          "beforeHooks": [],
          "afterHooks": [],
          "tests": [],
          "suites": [
            {
              "uuid": "28e29097-7f23-4fcd-9e15-5570a790fce9",
              "title": "Given that I generate a JSON file with the contacts",
              "fullFile": "",
              "file": "",
              "beforeHooks": [],
              "afterHooks": [],
              "tests": [
                {
                  "title": "Then the file should be generated successfully",
                  "fullTitle": "faker contacts json generator Given that I generate a JSON file with the contacts Then the file should be generated successfully",
                  "timedOut": null,
                  "duration": 50,
                  "state": "passed",
                  "speed": "fast",
                  "pass": true,
                  "fail": false,
                  "pending": false,
                  "context": "\"assets/screenshots/faker_contacts_json_generator.cy.js/Then the file should be generated successfully -- after each hook.png\"",
                  "code": "cy.validateFileCreation();",
                  "err": {},
                  "uuid": "2c99c270-1dfd-41cc-aa7f-c89f9a0a34e4",
                  "parentUUID": "28e29097-7f23-4fcd-9e15-5570a790fce9",
                  "isHook": false,
                  "skipped": false
                }
              ],
              "suites": [],
              "passes": [
                "2c99c270-1dfd-41cc-aa7f-c89f9a0a34e4"
              ],
              "failures": [],
              "pending": [],
              "skipped": [],
              "duration": 50,
              "root": false,
              "rootEmpty": false,
              "_timeout": 2000
            }
          ],
          "passes": [],
          "failures": [],
          "pending": [],
          "skipped": [],
          "duration": 0,
          "root": false,
          "rootEmpty": false,
          "_timeout": 2000
        }
      ],
      "passes": [],
      "failures": [],
      "pending": [],
      "skipped": [],
      "duration": 0,
      "root": true,
      "rootEmpty": true,
      "_timeout": 2000
    },
    {
      "uuid": "99b50216-feb9-4135-a723-eb91b8747021",
      "title": "",
      "fullFile": "cypress/e2e/contacts/contact_save.cy.js",
      "file": "cypress/e2e/contacts/contact_save.cy.js",
      "beforeHooks": [],
      "afterHooks": [],
      "tests": [],
      "suites": [
        {
          "uuid": "11b70948-56cd-4a3d-86b8-b912c1d133f9",
          "title": "contact save",
          "fullFile": "",
          "file": "",
          "beforeHooks": [],
          "afterHooks": [],
          "tests": [],
          "suites": [
            {
              "uuid": "805d230a-bdd4-4011-8ead-dcb9af5be7fd",
              "title": "Register contacts",
              "fullFile": "",
              "file": "",
              "beforeHooks": [],
              "afterHooks": [],
              "tests": [
                {
                  "title": "Given that I submit a registration filling in all the necessary data",
                  "fullTitle": "contact save Register contacts Given that I submit a registration filling in all the necessary data",
                  "timedOut": null,
                  "duration": 2459,
                  "state": "passed",
                  "speed": "fast",
                  "pass": true,
                  "fail": false,
                  "pending": false,
                  "context": "\"assets/screenshots/contact_save.cy.js/Given that I submit a registration filling in all the necessary data -- after each hook.png\"",
                  "code": "cy.requestCreateUserAndLogin(_payload.user);\ncy.visitDashboard();\ncy.createContact(_payload.contact);\ncy.saveLocalStorage();",
                  "err": {},
                  "uuid": "1ca5727d-a104-4a22-83ef-9dc22531aca8",
                  "parentUUID": "805d230a-bdd4-4011-8ead-dcb9af5be7fd",
                  "isHook": false,
                  "skipped": false
                },
                {
                  "title": "Then this contact must be registered",
                  "fullTitle": "contact save Register contacts Then this contact must be registered",
                  "timedOut": null,
                  "duration": 184,
                  "state": "passed",
                  "speed": "fast",
                  "pass": true,
                  "fail": false,
                  "pending": false,
                  "context": "\"assets/screenshots/contact_save.cy.js/Then this contact must be registered -- after each hook.png\"",
                  "code": "cy.visitDashboard();\ncy.validateIfContactIsInList(_payload.contact);",
                  "err": {},
                  "uuid": "0bd90a9e-c4b1-415e-8308-bbee4b894f07",
                  "parentUUID": "805d230a-bdd4-4011-8ead-dcb9af5be7fd",
                  "isHook": false,
                  "skipped": false
                },
                {
                  "title": "When I submit a registration without a name",
                  "fullTitle": "contact save Register contacts When I submit a registration without a name",
                  "timedOut": null,
                  "duration": 933,
                  "state": "passed",
                  "speed": "fast",
                  "pass": true,
                  "fail": false,
                  "pending": false,
                  "context": "\"assets/screenshots/contact_save.cy.js/When I submit a registration without a name -- after each hook.png\"",
                  "code": "const {\n    name\n  } = _payload.contact,\n  contactWithoutName = (0, _objectWithoutProperties2.default)(_payload.contact, _excluded);\ncy.visitDashboard();\ncy.createContact(contactWithoutName);\ncontext(`Then the notification \"${_parameters.default.message.expectNoticeName}\" must be displayed`, () => {\n  cy.expectNoticeName(_parameters.default.message.expectNoticeName);\n});",
                  "err": {},
                  "uuid": "51336491-1ff9-4832-9983-f0494c786b67",
                  "parentUUID": "805d230a-bdd4-4011-8ead-dcb9af5be7fd",
                  "isHook": false,
                  "skipped": false
                },
                {
                  "title": "When I submit a registration without a WhatsApp number",
                  "fullTitle": "contact save Register contacts When I submit a registration without a WhatsApp number",
                  "timedOut": null,
                  "duration": 941,
                  "state": "passed",
                  "speed": "fast",
                  "pass": true,
                  "fail": false,
                  "pending": false,
                  "context": "\"assets/screenshots/contact_save.cy.js/When I submit a registration without a WhatsApp number -- after each hook.png\"",
                  "code": "const {\n    number\n  } = _payload.contact,\n  contactWithoutNumber = (0, _objectWithoutProperties2.default)(_payload.contact, _excluded2);\ncy.visitDashboard();\ncy.createContact(contactWithoutNumber);\ncontext(`Then the notification \"${_parameters.default.message.expectNoticePhone}\" must be displayed`, () => {\n  cy.expectNoticePhone(_parameters.default.message.expectNoticePhone);\n});",
                  "err": {},
                  "uuid": "fa110277-2556-4952-a8bb-08fa8111e5cb",
                  "parentUUID": "805d230a-bdd4-4011-8ead-dcb9af5be7fd",
                  "isHook": false,
                  "skipped": false
                },
                {
                  "title": "When I submit a registration without a subject",
                  "fullTitle": "contact save Register contacts When I submit a registration without a subject",
                  "timedOut": null,
                  "duration": 888,
                  "state": "passed",
                  "speed": "fast",
                  "pass": true,
                  "fail": false,
                  "pending": false,
                  "context": "\"assets/screenshots/contact_save.cy.js/When I submit a registration without a subject -- after each hook.png\"",
                  "code": "const {\n    description\n  } = _payload.contact,\n  contactWithoutDescription = (0, _objectWithoutProperties2.default)(_payload.contact, _excluded3);\ncy.visitDashboard();\ncy.createContact(contactWithoutDescription);\ncontext(`Then the notification \"${_parameters.default.message.expectNoticeDescription}\" must be displayed`, () => {\n  cy.expectNoticeDescription(_parameters.default.message.expectNoticeDescription);\n});",
                  "err": {},
                  "uuid": "02e19f12-2ed1-4cb3-af5e-1e0d869f6d3f",
                  "parentUUID": "805d230a-bdd4-4011-8ead-dcb9af5be7fd",
                  "isHook": false,
                  "skipped": false
                },
                {
                  "title": "When I submit a registration without any data",
                  "fullTitle": "contact save Register contacts When I submit a registration without any data",
                  "timedOut": null,
                  "duration": 217,
                  "state": "passed",
                  "speed": "fast",
                  "pass": true,
                  "fail": false,
                  "pending": false,
                  "context": "\"assets/screenshots/contact_save.cy.js/When I submit a registration without any data -- after each hook.png\"",
                  "code": "cy.visitDashboard();\ncy.clickAddNewContactButton();\ncy.clickSaveButton();\ncontext(`Then three notifications should be displayed`, () => {\n  cy.expectNoticeName(_parameters.default.message.expectNoticeName);\n  cy.expectNoticePhone(_parameters.default.message.expectNoticePhone);\n  cy.expectNoticeDescription(_parameters.default.message.expectNoticeDescription);\n});",
                  "err": {},
                  "uuid": "f525422f-77b8-4058-908c-a2e34d6ff084",
                  "parentUUID": "805d230a-bdd4-4011-8ead-dcb9af5be7fd",
                  "isHook": false,
                  "skipped": false
                }
              ],
              "suites": [],
              "passes": [
                "1ca5727d-a104-4a22-83ef-9dc22531aca8",
                "0bd90a9e-c4b1-415e-8308-bbee4b894f07",
                "51336491-1ff9-4832-9983-f0494c786b67",
                "fa110277-2556-4952-a8bb-08fa8111e5cb",
                "02e19f12-2ed1-4cb3-af5e-1e0d869f6d3f",
                "f525422f-77b8-4058-908c-a2e34d6ff084"
              ],
              "failures": [],
              "pending": [],
              "skipped": [],
              "duration": 5622,
              "root": false,
              "rootEmpty": false,
              "_timeout": 2000
            }
          ],
          "passes": [],
          "failures": [],
          "pending": [],
          "skipped": [],
          "duration": 0,
          "root": false,
          "rootEmpty": false,
          "_timeout": 2000
        }
      ],
      "passes": [],
      "failures": [],
      "pending": [],
      "skipped": [],
      "duration": 0,
      "root": true,
      "rootEmpty": true,
      "_timeout": 2000
    },
    {
      "uuid": "8c22c7f6-8b71-43d6-94e0-e931b5bdb5ce",
      "title": "",
      "fullFile": "cypress/e2e/contacts/contact_remove_mock.cy.js",
      "file": "cypress/e2e/contacts/contact_remove_mock.cy.js",
      "beforeHooks": [],
      "afterHooks": [],
      "tests": [],
      "suites": [
        {
          "uuid": "e09bd891-fe8d-42f6-b637-d9599726a732",
          "title": "contact remove mock",
          "fullFile": "",
          "file": "",
          "beforeHooks": [],
          "afterHooks": [],
          "tests": [],
          "suites": [
            {
              "uuid": "79612f49-93a4-419b-8da2-b4bc81f39135",
              "title": "Test contact removal (Mock)",
              "fullFile": "",
              "file": "",
              "beforeHooks": [],
              "afterHooks": [],
              "tests": [
                {
                  "title": "Given that Alexinaldo Martins is the contact that will be deleted",
                  "fullTitle": "contact remove mock Test contact removal (Mock) Given that Alexinaldo Martins is the contact that will be deleted",
                  "timedOut": null,
                  "duration": 1030,
                  "state": "passed",
                  "speed": "fast",
                  "pass": true,
                  "fail": false,
                  "pending": false,
                  "context": "\"assets/screenshots/contact_remove_mock.cy.js/Given that Alexinaldo Martins is the contact that will be deleted -- after each hook.png\"",
                  "code": "cy.doLogin(Cypress.env(\"user\"), Cypress.env(\"password\"));\ncy.saveLocalStorage();",
                  "err": {},
                  "uuid": "73b05512-fcc2-464f-b58a-568aeaf7dfec",
                  "parentUUID": "79612f49-93a4-419b-8da2-b4bc81f39135",
                  "isHook": false,
                  "skipped": false
                },
                {
                  "title": "When I delete this contact",
                  "fullTitle": "contact remove mock Test contact removal (Mock) When I delete this contact",
                  "timedOut": null,
                  "duration": 253,
                  "state": "passed",
                  "speed": "fast",
                  "pass": true,
                  "fail": false,
                  "pending": false,
                  "context": "\"assets/screenshots/contact_remove_mock.cy.js/When I delete this contact -- after each hook.png\"",
                  "code": "cy.intercept(\"GET\", `${Cypress.env(\"baseUrlBackEnd\")}/contacts`, {\n  statusCode: 200,\n  body: [_payload.bodyContactMock]\n});\ncy.intercept(\"DELETE\", `${Cypress.env(\"baseUrlBackEnd\")}/contacts/${_payload.bodyContactMock._id}`, {\n  statusCode: 204\n});\ncy.visitDashboard();\ncy.removeContact(_payload.bodyContactMock.number);",
                  "err": {},
                  "uuid": "f929c6d1-552b-406b-a326-1285453b4a7f",
                  "parentUUID": "79612f49-93a4-419b-8da2-b4bc81f39135",
                  "isHook": false,
                  "skipped": false
                },
                {
                  "title": "Then it should no longer be displayed on the dashboard",
                  "fullTitle": "contact remove mock Test contact removal (Mock) Then it should no longer be displayed on the dashboard",
                  "timedOut": null,
                  "duration": 65,
                  "state": "passed",
                  "speed": "fast",
                  "pass": true,
                  "fail": false,
                  "pending": false,
                  "context": "\"assets/screenshots/contact_remove_mock.cy.js/Then it should no longer be displayed on the dashboard -- after each hook.png\"",
                  "code": "cy.visitDashboard();\ncy.intercept(\"GET\", `${Cypress.env(\"baseUrlBackEnd\")}/contacts`, {\n  statusCode: 200,\n  body: []\n});\ncy.validateIfContactWasNotFound(_payload.bodyContactMock);",
                  "err": {},
                  "uuid": "19361fc5-e225-463f-b5d8-fe1c284fcdb4",
                  "parentUUID": "79612f49-93a4-419b-8da2-b4bc81f39135",
                  "isHook": false,
                  "skipped": false
                }
              ],
              "suites": [],
              "passes": [
                "73b05512-fcc2-464f-b58a-568aeaf7dfec",
                "f929c6d1-552b-406b-a326-1285453b4a7f",
                "19361fc5-e225-463f-b5d8-fe1c284fcdb4"
              ],
              "failures": [],
              "pending": [],
              "skipped": [],
              "duration": 1348,
              "root": false,
              "rootEmpty": false,
              "_timeout": 2000
            }
          ],
          "passes": [],
          "failures": [],
          "pending": [],
          "skipped": [],
          "duration": 0,
          "root": false,
          "rootEmpty": false,
          "_timeout": 2000
        }
      ],
      "passes": [],
      "failures": [],
      "pending": [],
      "skipped": [],
      "duration": 0,
      "root": true,
      "rootEmpty": true,
      "_timeout": 2000
    },
    {
      "uuid": "8a08a509-1e42-4a88-b2ff-78c72b22af6a",
      "title": "",
      "fullFile": "cypress/e2e/contacts/contact_search.cy.js",
      "file": "cypress/e2e/contacts/contact_search.cy.js",
      "beforeHooks": [],
      "afterHooks": [],
      "tests": [],
      "suites": [
        {
          "uuid": "a94f233f-4a9a-4029-b996-b7337d53cb4b",
          "title": "contact search",
          "fullFile": "",
          "file": "",
          "beforeHooks": [],
          "afterHooks": [],
          "tests": [],
          "suites": [
            {
              "uuid": "df04ac21-c3a4-4ddd-8673-e195008abf13",
              "title": "Perform contact search",
              "fullFile": "",
              "file": "",
              "beforeHooks": [],
              "afterHooks": [],
              "tests": [
                {
                  "title": "Given that I have the following contact Oreste Silva",
                  "fullTitle": "contact search Perform contact search Given that I have the following contact Oreste Silva",
                  "timedOut": null,
                  "duration": 1470,
                  "state": "passed",
                  "speed": "fast",
                  "pass": true,
                  "fail": false,
                  "pending": false,
                  "context": "\"assets/screenshots/contact_search.cy.js/Given that I have the following contact Oreste Silva -- after each hook.png\"",
                  "code": "cy.requestCreateUserAndLogin(_payload.user);\ncy.requestCreateContact(_payload.contact);\ncy.saveLocalStorage();",
                  "err": {},
                  "uuid": "08628b27-febc-49aa-b6de-cc02d4a3cd8d",
                  "parentUUID": "df04ac21-c3a4-4ddd-8673-e195008abf13",
                  "isHook": false,
                  "skipped": false
                },
                {
                  "title": "When I search for this contact",
                  "fullTitle": "contact search Perform contact search When I search for this contact",
                  "timedOut": null,
                  "duration": 495,
                  "state": "passed",
                  "speed": "fast",
                  "pass": true,
                  "fail": false,
                  "pending": false,
                  "context": "\"assets/screenshots/contact_search.cy.js/When I search for this contact -- after each hook.png\"",
                  "code": "cy.visitDashboard();\ncy.searchContact(_payload.contact.number);\ncy.validateFinishedLoading();",
                  "err": {},
                  "uuid": "018f3a90-8a01-4a25-b9eb-5c53288937ae",
                  "parentUUID": "df04ac21-c3a4-4ddd-8673-e195008abf13",
                  "isHook": false,
                  "skipped": false
                },
                {
                  "title": "Then only this contact should be displayed on the dashboard",
                  "fullTitle": "contact search Perform contact search Then only this contact should be displayed on the dashboard",
                  "timedOut": null,
                  "duration": 172,
                  "state": "passed",
                  "speed": "fast",
                  "pass": true,
                  "fail": false,
                  "pending": false,
                  "context": "\"assets/screenshots/contact_search.cy.js/Then only this contact should be displayed on the dashboard -- after each hook.png\"",
                  "code": "cy.visitDashboard();\ncy.validationOnlyOneContactDisplayed(_payload.contact);",
                  "err": {},
                  "uuid": "5f2452b8-a315-4360-a594-57abdccbd134",
                  "parentUUID": "df04ac21-c3a4-4ddd-8673-e195008abf13",
                  "isHook": false,
                  "skipped": false
                },
                {
                  "title": "When I search for an unregistered contact",
                  "fullTitle": "contact search Perform contact search When I search for an unregistered contact",
                  "timedOut": null,
                  "duration": 400,
                  "state": "passed",
                  "speed": "fast",
                  "pass": true,
                  "fail": false,
                  "pending": false,
                  "context": "\"assets/screenshots/contact_search.cy.js/When I search for an unregistered contact -- after each hook.png\"",
                  "code": "cy.visitDashboard();\ncy.searchContact(_parameters.default.parameters.contactNotRegistered);",
                  "err": {},
                  "uuid": "52b6e4c2-56cf-4834-9e9e-4ab259c6d212",
                  "parentUUID": "df04ac21-c3a4-4ddd-8673-e195008abf13",
                  "isHook": false,
                  "skipped": false
                },
                {
                  "title": "Then the message \"Contato não encontrato\" must be displayed",
                  "fullTitle": "contact search Perform contact search Then the message \"Contato não encontrato\" must be displayed",
                  "timedOut": null,
                  "duration": 56,
                  "state": "passed",
                  "speed": "fast",
                  "pass": true,
                  "fail": false,
                  "pending": false,
                  "context": "\"assets/screenshots/contact_search.cy.js/Then the message \\\"Contato não encontrato\\\" must be displayed -- after each hook.png\"",
                  "code": "cy.visitDashboard();\ncy.emptyListValidation();",
                  "err": {},
                  "uuid": "07bfbc32-009d-4d81-911f-0e43ed20759a",
                  "parentUUID": "df04ac21-c3a4-4ddd-8673-e195008abf13",
                  "isHook": false,
                  "skipped": false
                }
              ],
              "suites": [],
              "passes": [
                "08628b27-febc-49aa-b6de-cc02d4a3cd8d",
                "018f3a90-8a01-4a25-b9eb-5c53288937ae",
                "5f2452b8-a315-4360-a594-57abdccbd134",
                "52b6e4c2-56cf-4834-9e9e-4ab259c6d212",
                "07bfbc32-009d-4d81-911f-0e43ed20759a"
              ],
              "failures": [],
              "pending": [],
              "skipped": [],
              "duration": 2593,
              "root": false,
              "rootEmpty": false,
              "_timeout": 2000
            }
          ],
          "passes": [],
          "failures": [],
          "pending": [],
          "skipped": [],
          "duration": 0,
          "root": false,
          "rootEmpty": false,
          "_timeout": 2000
        }
      ],
      "passes": [],
      "failures": [],
      "pending": [],
      "skipped": [],
      "duration": 0,
      "root": true,
      "rootEmpty": true,
      "_timeout": 2000
    },
    {
      "uuid": "a95507c5-552b-4ac4-b8f4-647e63c0f181",
      "title": "",
      "fullFile": "cypress/e2e/contacts/session_localstorage.cy.js",
      "file": "cypress/e2e/contacts/session_localstorage.cy.js",
      "beforeHooks": [],
      "afterHooks": [],
      "tests": [],
      "suites": [
        {
          "uuid": "4337b857-80f8-4a19-ae39-388bdf4f1a02",
          "title": "cy session",
          "fullFile": "",
          "file": "",
          "beforeHooks": [],
          "afterHooks": [],
          "tests": [],
          "suites": [
            {
              "uuid": "491a0e10-a618-4816-b00e-8ea7e93be999",
              "title": "Login example saving to localstorage",
              "fullFile": "",
              "file": "",
              "beforeHooks": [],
              "afterHooks": [],
              "tests": [
                {
                  "title": "Removing a contact",
                  "fullTitle": "cy session Login example saving to localstorage Removing a contact",
                  "timedOut": null,
                  "duration": 2904,
                  "state": "passed",
                  "speed": "fast",
                  "pass": true,
                  "fail": false,
                  "pending": false,
[...]
                      "code": "cy.loginAlert(_parameters.default.message.expectMessageEmail).should(\"be.visible\");",
                      "err": {},
                      "uuid": "40d18f40-7ea5-48e8-8107-9abce3a7112e",
                      "parentUUID": "a4e67b54-f44f-4f4d-be63-f7d6afa2e7e9",
                      "isHook": false,
                      "skipped": false
                    }
                  ],
                  "suites": [],
                  "passes": [
                    "40d18f40-7ea5-48e8-8107-9abce3a7112e"
                  ],
                  "failures": [],
                  "pending": [],
                  "skipped": [],
                  "duration": 358,
                  "root": false,
                  "rootEmpty": false,
                  "_timeout": 2000
                },
                {
                  "uuid": "09628b1e-59d2-4072-804e-033ec2b7a83c",
                  "title": "When I don't enter the password",
                  "fullFile": "",
                  "file": "",
                  "beforeHooks": [],
                  "afterHooks": [],
                  "tests": [
                    {
                      "title": "Then the notification \"Oops. por favor informe sua senha\" must be displayed",
                      "fullTitle": "login Login When I don't enter the password Then the notification \"Oops. por favor informe sua senha\" must be displayed",
                      "timedOut": null,
                      "duration": 595,
                      "state": "passed",
                      "speed": "fast",
                      "pass": true,
                      "fail": false,
                      "pending": false,
                      "context": "\"assets/screenshots/login.cy.js/Then the notification \\\"Oops. por favor informe sua senha\\\" must be displayed -- after each hook.png\"",
                      "code": "cy.loginAlert(_parameters.default.message.expectMessagePassword).should(\"be.visible\");",
                      "err": {},
                      "uuid": "79bb9bff-b5ce-4789-b976-a98ef633694d",
                      "parentUUID": "09628b1e-59d2-4072-804e-033ec2b7a83c",
                      "isHook": false,
                      "skipped": false
                    }
                  ],
                  "suites": [],
                  "passes": [
                    "79bb9bff-b5ce-4789-b976-a98ef633694d"
                  ],
                  "failures": [],
                  "pending": [],
                  "skipped": [],
                  "duration": 595,
                  "root": false,
                  "rootEmpty": false,
                  "_timeout": 2000
                }
              ],
              "passes": [],
              "failures": [],
              "pending": [],
              "skipped": [],
              "duration": 0,
              "root": false,
              "rootEmpty": false,
              "_timeout": 2000
            }
          ],
          "passes": [],
          "failures": [],
          "pending": [],
          "skipped": [],
          "duration": 0,
          "root": false,
          "rootEmpty": false,
          "_timeout": 2000
        }
      ],
      "passes": [],
      "failures": [],
      "pending": [],
      "skipped": [],
      "duration": 0,
      "root": true,
      "rootEmpty": true,
      "_timeout": 2000
    },
    {
      "uuid": "38f64c0e-e2c1-49eb-8b44-cf032325e0ab",
      "title": "",
      "fullFile": "cypress/e2e/contacts/contacts_array_map_spec .cy.js",
      "file": "cypress/e2e/contacts/contacts_array_map_spec .cy.js",
      "beforeHooks": [],
      "afterHooks": [],
      "tests": [],
      "suites": [
        {
          "uuid": "94ff3400-3c59-4725-85fe-eb4ad5875f15",
          "title": "contacts array map",
          "fullFile": "",
          "file": "",
          "beforeHooks": [],
          "afterHooks": [],
          "tests": [],
          "suites": [
            {
              "uuid": "81b1b94c-ccf1-4d0a-9f7c-701fb1ef05fd",
              "title": "Multiple contact removal flow",
              "fullFile": "",
              "file": "",
              "beforeHooks": [],
              "afterHooks": [],
              "tests": [],
              "suites": [
                {
                  "uuid": "dc6b2d38-d84e-4135-9eb3-d1e57ac2aef8",
                  "title": "Since several contacts were created",
                  "fullFile": "",
                  "file": "",
                  "beforeHooks": [],
                  "afterHooks": [],
                  "tests": [
                    {
                      "title": "When I remove the contact Ronald Torp with number (84) 94121-1607 and description porro atque voluptatum doloremque totam",
                      "fullTitle": "contacts array map Multiple contact removal flow Since several contacts were created When I remove the contact Ronald Torp with number (84) 94121-1607 and description porro atque voluptatum doloremque totam",
                      "timedOut": null,
                      "duration": 2626,
                      "state": "passed",
                      "speed": "fast",
                      "pass": true,
                      "fail": false,
                      "pending": false,
                      "context": "\"assets/screenshots/contacts_array_map_spec .cy.js/When I remove the contact Ronald Torp with number (84) 94121-1607 and description porro atque voluptatum doloremque totam -- after each hook.png\"",
                      "code": "cy.visitDashboard();\ncy.removeContact(contact.number);",
                      "err": {},
                      "uuid": "85d62014-d329-475b-b20c-4e9055c7ce3a",
                      "parentUUID": "dc6b2d38-d84e-4135-9eb3-d1e57ac2aef8",
                      "isHook": false,
                      "skipped": false
                    },
                    {
                      "title": "Then the contact Ronald Torp with number (84) 94121-1607 should have been removed and should not be displayed on the dashboard",
                      "fullTitle": "contacts array map Multiple contact removal flow Since several contacts were created Then the contact Ronald Torp with number (84) 94121-1607 should have been removed and should not be displayed on the dashboard",
                      "timedOut": null,
                      "duration": 185,
                      "state": "passed",
                      "speed": "fast",
                      "pass": true,
                      "fail": false,
                      "pending": false,
                      "context": "\"assets/screenshots/contacts_array_map_spec .cy.js/Then the contact Ronald Torp with number (84) 94121-1607 should have been removed and should not be displayed on the dashboard -- after each hook.png\"",
                      "code": "cy.visitDashboard();\ncy.validateFinishedLoading();\ncy.validateIfContactWasNotFound(contact);",
                      "err": {},
                      "uuid": "bb984e52-b047-4707-a171-ef8bd1ae4e50",
                      "parentUUID": "dc6b2d38-d84e-4135-9eb3-d1e57ac2aef8",
                      "isHook": false,
                      "skipped": false
                    },
                    {
                      "title": "When I remove the contact Constance Kohler with number (84) 92777-9070 and description autem dicta",
                      "fullTitle": "contacts array map Multiple contact removal flow Since several contacts were created When I remove the contact Constance Kohler with number (84) 92777-9070 and description autem dicta",
                      "timedOut": null,
                      "duration": 311,
                      "state": "passed",
                      "speed": "fast",
                      "pass": true,
                      "fail": false,
                      "pending": false,
                      "context": "\"assets/screenshots/contacts_array_map_spec .cy.js/When I remove the contact Constance Kohler with number (84) 92777-9070 and description autem dicta -- after each hook.png\"",
                      "code": "cy.visitDashboard();\ncy.removeContact(contact.number);",
                      "err": {},
                      "uuid": "128e1092-bb80-4696-86f7-c7f41beeb8a7",
                      "parentUUID": "dc6b2d38-d84e-4135-9eb3-d1e57ac2aef8",
                      "isHook": false,
                      "skipped": false
                    },
                    {
                      "title": "Then the contact Constance Kohler with number (84) 92777-9070 should have been removed and should not be displayed on the dashboard",
                      "fullTitle": "contacts array map Multiple contact removal flow Since several contacts were created Then the contact Constance Kohler with number (84) 92777-9070 should have been removed and should not be displayed on the dashboard",
                      "timedOut": null,
                      "duration": 179,
                      "state": "passed",
                      "speed": "fast",
                      "pass": true,
                      "fail": false,
                      "pending": false,
                      "context": "\"assets/screenshots/contacts_array_map_spec .cy.js/Then the contact Constance Kohler with number (84) 92777-9070 should have been removed and should not be displayed on the dashboard -- after each hook.png\"",
                      "code": "cy.visitDashboard();\ncy.validateFinishedLoading();\ncy.validateIfContactWasNotFound(contact);",
                      "err": {},
                      "uuid": "0a6af8b3-0d31-4239-a610-3b5c0c6fd9d3",
                      "parentUUID": "dc6b2d38-d84e-4135-9eb3-d1e57ac2aef8",
                      "isHook": false,
                      "skipped": false
                    },
                    {
                      "title": "When I remove the contact Erwin Lang with number (84) 96071-4991 and description officiis et autem accusantium",
                      "fullTitle": "contacts array map Multiple contact removal flow Since several contacts were created When I remove the contact Erwin Lang with number (84) 96071-4991 and description officiis et autem accusantium",
                      "timedOut": null,
                      "duration": 295,
                      "state": "passed",
                      "speed": "fast",
                      "pass": true,
                      "fail": false,
                      "pending": false,
                      "context": "\"assets/screenshots/contacts_array_map_spec .cy.js/When I remove the contact Erwin Lang with number (84) 96071-4991 and description officiis et autem accusantium -- after each hook.png\"",
                      "code": "cy.visitDashboard();\ncy.removeContact(contact.number);",
                      "err": {},
                      "uuid": "abfcfb6d-0081-4d9d-a057-db3459f91c13",
                      "parentUUID": "dc6b2d38-d84e-4135-9eb3-d1e57ac2aef8",
                      "isHook": false,
                      "skipped": false
                    },
                    {
                      "title": "Then the contact Erwin Lang with number (84) 96071-4991 should have been removed and should not be displayed on the dashboard",
                      "fullTitle": "contacts array map Multiple contact removal flow Since several contacts were created Then the contact Erwin Lang with number (84) 96071-4991 should have been removed and should not be displayed on the dashboard",
                      "timedOut": null,
                      "duration": 180,
                      "state": "passed",
                      "speed": "fast",
                      "pass": true,
                      "fail": false,
                      "pending": false,
                      "context": "\"assets/screenshots/contacts_array_map_spec .cy.js/Then the contact Erwin Lang with number (84) 96071-4991 should have been removed and should not be displayed on the dashboard -- after each hook.png\"",
                      "code": "cy.visitDashboard();\ncy.validateFinishedLoading();\ncy.validateIfContactWasNotFound(contact);",
                      "err": {},
                      "uuid": "12581329-378e-4c02-8e48-395906c55629",
                      "parentUUID": "dc6b2d38-d84e-4135-9eb3-d1e57ac2aef8",
                      "isHook": false,
                      "skipped": false
                    },
                    {
                      "title": "When I remove the contact Cyril Torphy with number (84) 90837-1081 and description labore corporis ratione",
                      "fullTitle": "contacts array map Multiple contact removal flow Since several contacts were created When I remove the contact Cyril Torphy with number (84) 90837-1081 and description labore corporis ratione",
                      "timedOut": null,
                      "duration": 293,
                      "state": "passed",
                      "speed": "fast",
                      "pass": true,
                      "fail": false,
                      "pending": false,
                      "context": "\"assets/screenshots/contacts_array_map_spec .cy.js/When I remove the contact Cyril Torphy with number (84) 90837-1081 and description labore corporis ratione -- after each hook.png\"",
                      "code": "cy.visitDashboard();\ncy.removeContact(contact.number);",
                      "err": {},
                      "uuid": "d30f56ed-f43c-4576-8e04-c62f503c0817",
                      "parentUUID": "dc6b2d38-d84e-4135-9eb3-d1e57ac2aef8",
                      "isHook": false,
                      "skipped": false
                    },
                    {
                      "title": "Then the contact Cyril Torphy with number (84) 90837-1081 should have been removed and should not be displayed on the dashboard",
                      "fullTitle": "contacts array map Multiple contact removal flow Since several contacts were created Then the contact Cyril Torphy with number (84) 90837-1081 should have been removed and should not be displayed on the dashboard",
                      "timedOut": null,
                      "duration": 171,
                      "state": "passed",
                      "speed": "fast",
                      "pass": true,
                      "fail": false,
                      "pending": false,
                      "context": "\"assets/screenshots/contacts_array_map_spec .cy.js/Then the contact Cyril Torphy with number (84) 90837-1081 should have been removed and should not be displayed on the dashboard -- after each hook.png\"",
                      "code": "cy.visitDashboard();\ncy.validateFinishedLoading();\ncy.validateIfContactWasNotFound(contact);",
                      "err": {},
                      "uuid": "34231625-8e6e-4e1b-aa1e-272f54203eda",
                      "parentUUID": "dc6b2d38-d84e-4135-9eb3-d1e57ac2aef8",
                      "isHook": false,
                      "skipped": false
                    },
                    {
                      "title": "When I remove the contact Marilyne Ledner with number (84) 98251-1886 and description qui",
                      "fullTitle": "contacts array map Multiple contact removal flow Since several contacts were created When I remove the contact Marilyne Ledner with number (84) 98251-1886 and description qui",
                      "timedOut": null,
                      "duration": 288,
                      "state": "passed",
                      "speed": "fast",
                      "pass": true,
                      "fail": false,
                      "pending": false,
                      "context": "\"assets/screenshots/contacts_array_map_spec .cy.js/When I remove the contact Marilyne Ledner with number (84) 98251-1886 and description qui -- after each hook.png\"",
                      "code": "cy.visitDashboard();\ncy.removeContact(contact.number);",
                      "err": {},
                      "uuid": "8f87f0b0-dc97-4da3-bfb6-c524c6bf3458",
                      "parentUUID": "dc6b2d38-d84e-4135-9eb3-d1e57ac2aef8",
                      "isHook": false,
                      "skipped": false
                    },
                    {
                      "title": "Then the contact Marilyne Ledner with number (84) 98251-1886 should have been removed and should not be displayed on the dashboard",
                      "fullTitle": "contacts array map Multiple contact removal flow Since several contacts were created Then the contact Marilyne Ledner with number (84) 98251-1886 should have been removed and should not be displayed on the dashboard",
                      "timedOut": null,
                      "duration": 192,
                      "state": "passed",
                      "speed": "fast",
                      "pass": true,
                      "fail": false,
                      "pending": false,
                      "context": "\"assets/screenshots/contacts_array_map_spec .cy.js/Then the contact Marilyne Ledner with number (84) 98251-1886 should have been removed and should not be displayed on the dashboard -- after each hook.png\"",
                      "code": "cy.visitDashboard();\ncy.validateFinishedLoading();\ncy.validateIfContactWasNotFound(contact);",
                      "err": {},
                      "uuid": "804982a6-dd84-4607-ba60-05810b6c5d37",
                      "parentUUID": "dc6b2d38-d84e-4135-9eb3-d1e57ac2aef8",
                      "isHook": false,
                      "skipped": false
                    }
                  ],
                  "suites": [],
                  "passes": [
                    "85d62014-d329-475b-b20c-4e9055c7ce3a",
                    "bb984e52-b047-4707-a171-ef8bd1ae4e50",
                    "128e1092-bb80-4696-86f7-c7f41beeb8a7",
                    "0a6af8b3-0d31-4239-a610-3b5c0c6fd9d3",
                    "abfcfb6d-0081-4d9d-a057-db3459f91c13",
                    "12581329-378e-4c02-8e48-395906c55629",
                    "d30f56ed-f43c-4576-8e04-c62f503c0817",
                    "34231625-8e6e-4e1b-aa1e-272f54203eda",
                    "8f87f0b0-dc97-4da3-bfb6-c524c6bf3458",
                    "804982a6-dd84-4607-ba60-05810b6c5d37"
                  ],
                  "failures": [],
                  "pending": [],
                  "skipped": [],
                  "duration": 4720,
                  "root": false,
                  "rootEmpty": false,
                  "_timeout": 2000
                }
              ],
              "passes": [],
              "failures": [],
              "pending": [],
              "skipped": [],
              "duration": 0,
              "root": false,
              "rootEmpty": false,
              "_timeout": 2000
            }
          ],
          "passes": [],
          "failures": [],
          "pending": [],
          "skipped": [],
          "duration": 0,
          "root": false,
          "rootEmpty": false,
          "_timeout": 2000
        }
      ],
      "passes": [],
      "failures": [],
      "pending": [],
      "skipped": [],
      "duration": 0,
      "root": true,
      "rootEmpty": true,
      "_timeout": 2000
    }
  ],
  "meta": {
    "mocha": {
      "version": "7.2.0"
    },
    "mochawesome": {
      "options": {
        "quiet": false,
        "reportFilename": "mochawesome",
        "saveHtml": false,
        "saveJson": true,
        "consoleReporter": "spec",
        "useInlineDiffs": false,
        "code": true
      },
      "version": "7.1.3"
    },
    "marge": {
      "options": {
        "reportDir": "mochawesome-report",
        "overwrite": true,
        "html": false,
        "json": true,
        "timestamp": "mmddyyyy_hhmmss"
      },
      "version": "6.2.0"
    }
  }
}